{"C:\\Users\\honor1\\Desktop\\FitChallenge\\backend\\middleware\\adminAuthMiddleware.js": {"path":"C:\\Users\\honor1\\Desktop\\FitChallenge\\backend\\middleware\\adminAuthMiddleware.js","statementMap":{"0":{"start":{"line":1,"column":12},"end":{"line":1,"column":35}},"1":{"start":{"line":2,"column":15},"end":{"line":2,"column":34}},"2":{"start":{"line":3,"column":14},"end":{"line":3,"column":39}},"3":{"start":{"line":4,"column":17},"end":{"line":4,"column":46}},"4":{"start":{"line":7,"column":19},"end":{"line":7,"column":81}},"5":{"start":{"line":8,"column":23},"end":{"line":8,"column":28}},"6":{"start":{"line":12,"column":8},"end":{"line":12,"column":25}},"7":{"start":{"line":17,"column":8},"end":{"line":21,"column":11}},"8":{"start":{"line":26,"column":8},"end":{"line":34,"column":9}},"9":{"start":{"line":27,"column":12},"end":{"line":27,"column":71}},"10":{"start":{"line":28,"column":28},"end":{"line":28,"column":57}},"11":{"start":{"line":29,"column":12},"end":{"line":29,"column":49}},"12":{"start":{"line":30,"column":12},"end":{"line":30,"column":27}},"13":{"start":{"line":32,"column":12},"end":{"line":32,"column":57}},"14":{"start":{"line":33,"column":12},"end":{"line":33,"column":45}},"15":{"start":{"line":39,"column":27},"end":{"line":39,"column":58}},"16":{"start":{"line":40,"column":8},"end":{"line":87,"column":9}},"17":{"start":{"line":42,"column":27},"end":{"line":45,"column":13}},"18":{"start":{"line":47,"column":12},"end":{"line":49,"column":13}},"19":{"start":{"line":48,"column":16},"end":{"line":48,"column":44}},"20":{"start":{"line":51,"column":26},"end":{"line":51,"column":33}},"21":{"start":{"line":54,"column":36},"end":{"line":54,"column":87}},"22":{"start":{"line":55,"column":12},"end":{"line":57,"column":13}},"23":{"start":{"line":56,"column":16},"end":{"line":56,"column":44}},"24":{"start":{"line":60,"column":12},"end":{"line":63,"column":14}},"25":{"start":{"line":66,"column":33},"end":{"line":71,"column":13}},"26":{"start":{"line":73,"column":26},"end":{"line":73,"column":58}},"27":{"start":{"line":75,"column":12},"end":{"line":84,"column":14}},"28":{"start":{"line":86,"column":12},"end":{"line":86,"column":33}},"29":{"start":{"line":92,"column":8},"end":{"line":137,"column":9}},"30":{"start":{"line":93,"column":31},"end":{"line":93,"column":56}},"31":{"start":{"line":94,"column":12},"end":{"line":99,"column":13}},"32":{"start":{"line":95,"column":16},"end":{"line":98,"column":19}},"33":{"start":{"line":101,"column":26},"end":{"line":101,"column":49}},"34":{"start":{"line":102,"column":28},"end":{"line":102,"column":51}},"35":{"start":{"line":105,"column":31},"end":{"line":105,"column":62}},"36":{"start":{"line":106,"column":12},"end":{"line":130,"column":13}},"37":{"start":{"line":107,"column":31},"end":{"line":110,"column":17}},"38":{"start":{"line":112,"column":16},"end":{"line":117,"column":17}},"39":{"start":{"line":113,"column":20},"end":{"line":116,"column":23}},"40":{"start":{"line":119,"column":30},"end":{"line":119,"column":37}},"41":{"start":{"line":120,"column":16},"end":{"line":125,"column":18}},"42":{"start":{"line":127,"column":16},"end":{"line":127,"column":23}},"43":{"start":{"line":129,"column":16},"end":{"line":129,"column":37}},"44":{"start":{"line":132,"column":12},"end":{"line":132,"column":47}},"45":{"start":{"line":133,"column":12},"end":{"line":136,"column":15}},"46":{"start":{"line":142,"column":8},"end":{"line":162,"column":10}},"47":{"start":{"line":143,"column":12},"end":{"line":148,"column":13}},"48":{"start":{"line":144,"column":16},"end":{"line":147,"column":19}},"49":{"start":{"line":150,"column":12},"end":{"line":152,"column":13}},"50":{"start":{"line":151,"column":16},"end":{"line":151,"column":30}},"51":{"start":{"line":154,"column":12},"end":{"line":159,"column":13}},"52":{"start":{"line":155,"column":16},"end":{"line":158,"column":19}},"53":{"start":{"line":161,"column":12},"end":{"line":161,"column":19}},"54":{"start":{"line":167,"column":8},"end":{"line":187,"column":10}},"55":{"start":{"line":168,"column":12},"end":{"line":173,"column":13}},"56":{"start":{"line":169,"column":16},"end":{"line":172,"column":19}},"57":{"start":{"line":175,"column":12},"end":{"line":177,"column":13}},"58":{"start":{"line":176,"column":16},"end":{"line":176,"column":30}},"59":{"start":{"line":179,"column":12},"end":{"line":184,"column":13}},"60":{"start":{"line":180,"column":16},"end":{"line":183,"column":19}},"61":{"start":{"line":186,"column":12},"end":{"line":186,"column":19}},"62":{"start":{"line":192,"column":27},"end":{"line":192,"column":58}},"63":{"start":{"line":193,"column":8},"end":{"line":202,"column":9}},"64":{"start":{"line":194,"column":12},"end":{"line":197,"column":14}},"65":{"start":{"line":199,"column":12},"end":{"line":199,"column":46}},"66":{"start":{"line":201,"column":12},"end":{"line":201,"column":33}},"67":{"start":{"line":207,"column":8},"end":{"line":233,"column":10}},"68":{"start":{"line":208,"column":33},"end":{"line":208,"column":41}},"69":{"start":{"line":209,"column":12},"end":{"line":230,"column":14}},"70":{"start":{"line":211,"column":16},"end":{"line":227,"column":17}},"71":{"start":{"line":212,"column":36},"end":{"line":219,"column":21}},"72":{"start":{"line":221,"column":20},"end":{"line":226,"column":22}},"73":{"start":{"line":229,"column":16},"end":{"line":229,"column":46}},"74":{"start":{"line":232,"column":12},"end":{"line":232,"column":19}},"75":{"start":{"line":238,"column":28},"end":{"line":238,"column":53}},"76":{"start":{"line":240,"column":0},"end":{"line":240,"column":37}}},"fnMap":{"0":{"name":"(anonymous_0)","decl":{"start":{"line":11,"column":4},"end":{"line":11,"column":5}},"loc":{"start":{"line":11,"column":18},"end":{"line":13,"column":5}},"line":11},"1":{"name":"(anonymous_1)","decl":{"start":{"line":16,"column":4},"end":{"line":16,"column":5}},"loc":{"start":{"line":16,"column":27},"end":{"line":22,"column":5}},"line":16},"2":{"name":"(anonymous_2)","decl":{"start":{"line":25,"column":4},"end":{"line":25,"column":5}},"loc":{"start":{"line":25,"column":23},"end":{"line":35,"column":5}},"line":25},"3":{"name":"(anonymous_3)","decl":{"start":{"line":38,"column":4},"end":{"line":38,"column":5}},"loc":{"start":{"line":38,"column":48},"end":{"line":88,"column":5}},"line":38},"4":{"name":"(anonymous_4)","decl":{"start":{"line":91,"column":4},"end":{"line":91,"column":5}},"loc":{"start":{"line":91,"column":43},"end":{"line":138,"column":5}},"line":91},"5":{"name":"(anonymous_5)","decl":{"start":{"line":141,"column":4},"end":{"line":141,"column":5}},"loc":{"start":{"line":141,"column":34},"end":{"line":163,"column":5}},"line":141},"6":{"name":"(anonymous_6)","decl":{"start":{"line":142,"column":15},"end":{"line":142,"column":16}},"loc":{"start":{"line":142,"column":35},"end":{"line":162,"column":9}},"line":142},"7":{"name":"(anonymous_7)","decl":{"start":{"line":166,"column":4},"end":{"line":166,"column":5}},"loc":{"start":{"line":166,"column":22},"end":{"line":188,"column":5}},"line":166},"8":{"name":"(anonymous_8)","decl":{"start":{"line":167,"column":15},"end":{"line":167,"column":16}},"loc":{"start":{"line":167,"column":35},"end":{"line":187,"column":9}},"line":167},"9":{"name":"(anonymous_9)","decl":{"start":{"line":191,"column":4},"end":{"line":191,"column":5}},"loc":{"start":{"line":191,"column":62},"end":{"line":203,"column":5}},"line":191},"10":{"name":"(anonymous_10)","decl":{"start":{"line":206,"column":4},"end":{"line":206,"column":5}},"loc":{"start":{"line":206,"column":24},"end":{"line":234,"column":5}},"line":206},"11":{"name":"(anonymous_11)","decl":{"start":{"line":207,"column":15},"end":{"line":207,"column":16}},"loc":{"start":{"line":207,"column":41},"end":{"line":233,"column":9}},"line":207},"12":{"name":"(anonymous_12)","decl":{"start":{"line":209,"column":23},"end":{"line":209,"column":24}},"loc":{"start":{"line":209,"column":38},"end":{"line":230,"column":13}},"line":209}},"branchMap":{"0":{"loc":{"start":{"line":7,"column":19},"end":{"line":7,"column":81}},"type":"binary-expr","locations":[{"start":{"line":7,"column":19},"end":{"line":7,"column":41}},{"start":{"line":7,"column":45},"end":{"line":7,"column":81}}],"line":7},"1":{"loc":{"start":{"line":47,"column":12},"end":{"line":49,"column":13}},"type":"if","locations":[{"start":{"line":47,"column":12},"end":{"line":49,"column":13}},{"start":{},"end":{}}],"line":47},"2":{"loc":{"start":{"line":55,"column":12},"end":{"line":57,"column":13}},"type":"if","locations":[{"start":{"line":55,"column":12},"end":{"line":57,"column":13}},{"start":{},"end":{}}],"line":55},"3":{"loc":{"start":{"line":70,"column":29},"end":{"line":70,"column":83}},"type":"cond-expr","locations":[{"start":{"line":70,"column":49},"end":{"line":70,"column":78}},{"start":{"line":70,"column":81},"end":{"line":70,"column":83}}],"line":70},"4":{"loc":{"start":{"line":94,"column":12},"end":{"line":99,"column":13}},"type":"if","locations":[{"start":{"line":94,"column":12},"end":{"line":99,"column":13}},{"start":{},"end":{}}],"line":94},"5":{"loc":{"start":{"line":94,"column":16},"end":{"line":94,"column":64}},"type":"binary-expr","locations":[{"start":{"line":94,"column":16},"end":{"line":94,"column":27}},{"start":{"line":94,"column":31},"end":{"line":94,"column":64}}],"line":94},"6":{"loc":{"start":{"line":112,"column":16},"end":{"line":117,"column":17}},"type":"if","locations":[{"start":{"line":112,"column":16},"end":{"line":117,"column":17}},{"start":{},"end":{}}],"line":112},"7":{"loc":{"start":{"line":124,"column":33},"end":{"line":124,"column":87}},"type":"cond-expr","locations":[{"start":{"line":124,"column":53},"end":{"line":124,"column":82}},{"start":{"line":124,"column":85},"end":{"line":124,"column":87}}],"line":124},"8":{"loc":{"start":{"line":143,"column":12},"end":{"line":148,"column":13}},"type":"if","locations":[{"start":{"line":143,"column":12},"end":{"line":148,"column":13}},{"start":{},"end":{}}],"line":143},"9":{"loc":{"start":{"line":150,"column":12},"end":{"line":152,"column":13}},"type":"if","locations":[{"start":{"line":150,"column":12},"end":{"line":152,"column":13}},{"start":{},"end":{}}],"line":150},"10":{"loc":{"start":{"line":154,"column":12},"end":{"line":159,"column":13}},"type":"if","locations":[{"start":{"line":154,"column":12},"end":{"line":159,"column":13}},{"start":{},"end":{}}],"line":154},"11":{"loc":{"start":{"line":168,"column":12},"end":{"line":173,"column":13}},"type":"if","locations":[{"start":{"line":168,"column":12},"end":{"line":173,"column":13}},{"start":{},"end":{}}],"line":168},"12":{"loc":{"start":{"line":175,"column":12},"end":{"line":177,"column":13}},"type":"if","locations":[{"start":{"line":175,"column":12},"end":{"line":177,"column":13}},{"start":{},"end":{}}],"line":175},"13":{"loc":{"start":{"line":179,"column":12},"end":{"line":184,"column":13}},"type":"if","locations":[{"start":{"line":179,"column":12},"end":{"line":184,"column":13}},{"start":{},"end":{}}],"line":179},"14":{"loc":{"start":{"line":211,"column":16},"end":{"line":227,"column":17}},"type":"if","locations":[{"start":{"line":211,"column":16},"end":{"line":227,"column":17}},{"start":{},"end":{}}],"line":211},"15":{"loc":{"start":{"line":211,"column":20},"end":{"line":211,"column":53}},"type":"binary-expr","locations":[{"start":{"line":211,"column":20},"end":{"line":211,"column":29}},{"start":{"line":211,"column":33},"end":{"line":211,"column":53}}],"line":211},"16":{"loc":{"start":{"line":225,"column":24},"end":{"line":225,"column":62}},"type":"binary-expr","locations":[{"start":{"line":225,"column":24},"end":{"line":225,"column":30}},{"start":{"line":225,"column":34},"end":{"line":225,"column":62}}],"line":225}},"s":{"0":1,"1":1,"2":1,"3":1,"4":1,"5":1,"6":1,"7":1,"8":6,"9":6,"10":6,"11":4,"12":4,"13":2,"14":2,"15":0,"16":0,"17":0,"18":0,"19":0,"20":0,"21":0,"22":0,"23":0,"24":0,"25":0,"26":0,"27":0,"28":0,"29":6,"30":6,"31":6,"32":2,"33":4,"34":4,"35":3,"36":3,"37":3,"38":2,"39":1,"40":1,"41":1,"42":1,"43":3,"44":2,"45":2,"46":3,"47":3,"48":0,"49":3,"50":1,"51":2,"52":1,"53":1,"54":4,"55":4,"56":1,"57":3,"58":1,"59":2,"60":1,"61":1,"62":2,"63":2,"64":2,"65":1,"66":2,"67":0,"68":0,"69":0,"70":0,"71":0,"72":0,"73":0,"74":0,"75":1,"76":1},"f":{"0":1,"1":1,"2":6,"3":0,"4":6,"5":3,"6":3,"7":4,"8":4,"9":2,"10":0,"11":0,"12":0},"b":{"0":[1,0],"1":[0,0],"2":[0,0],"3":[0,0],"4":[2,4],"5":[6,5],"6":[1,1],"7":[1,0],"8":[0,3],"9":[1,2],"10":[1,1],"11":[1,3],"12":[1,2],"13":[1,1],"14":[0,0],"15":[0,0],"16":[0,0]},"_coverageSchema":"1a1c01bbd47fc00a2c39e90264f33305004495a9","hash":"d4b3a7274ebfd33b668bb054dbbae39314a2bfed"}
,"C:\\Users\\honor1\\Desktop\\FitChallenge\\backend\\middleware\\adminMiddleware.js": {"path":"C:\\Users\\honor1\\Desktop\\FitChallenge\\backend\\middleware\\adminMiddleware.js","statementMap":{"0":{"start":{"line":6,"column":21},"end":{"line":41,"column":1}},"1":{"start":{"line":7,"column":4},"end":{"line":40,"column":5}},"2":{"start":{"line":9,"column":8},"end":{"line":14,"column":9}},"3":{"start":{"line":10,"column":12},"end":{"line":13,"column":15}},"4":{"start":{"line":21,"column":28},"end":{"line":24,"column":9}},"5":{"start":{"line":26,"column":8},"end":{"line":33,"column":9}},"6":{"start":{"line":27,"column":12},"end":{"line":27,"column":19}},"7":{"start":{"line":29,"column":12},"end":{"line":32,"column":15}},"8":{"start":{"line":35,"column":8},"end":{"line":35,"column":43}},"9":{"start":{"line":36,"column":8},"end":{"line":39,"column":11}},"10":{"start":{"line":43,"column":0},"end":{"line":45,"column":2}}},"fnMap":{"0":{"name":"(anonymous_0)","decl":{"start":{"line":6,"column":21},"end":{"line":6,"column":22}},"loc":{"start":{"line":6,"column":41},"end":{"line":41,"column":1}},"line":6}},"branchMap":{"0":{"loc":{"start":{"line":9,"column":8},"end":{"line":14,"column":9}},"type":"if","locations":[{"start":{"line":9,"column":8},"end":{"line":14,"column":9}},{"start":{},"end":{}}],"line":9},"1":{"loc":{"start":{"line":26,"column":8},"end":{"line":33,"column":9}},"type":"if","locations":[{"start":{"line":26,"column":8},"end":{"line":33,"column":9}},{"start":{"line":28,"column":15},"end":{"line":33,"column":9}}],"line":26}},"s":{"0":0,"1":0,"2":0,"3":0,"4":0,"5":0,"6":0,"7":0,"8":0,"9":0,"10":0},"f":{"0":0},"b":{"0":[0,0],"1":[0,0]}}
,"C:\\Users\\honor1\\Desktop\\FitChallenge\\backend\\middleware\\authMiddleware.js": {"path":"C:\\Users\\honor1\\Desktop\\FitChallenge\\backend\\middleware\\authMiddleware.js","statementMap":{"0":{"start":{"line":1,"column":12},"end":{"line":1,"column":35}},"1":{"start":{"line":3,"column":19},"end":{"line":3,"column":70}},"2":{"start":{"line":6,"column":26},"end":{"line":92,"column":1}},"3":{"start":{"line":7,"column":4},"end":{"line":7,"column":56}},"4":{"start":{"line":8,"column":4},"end":{"line":8,"column":35}},"5":{"start":{"line":9,"column":4},"end":{"line":9,"column":37}},"6":{"start":{"line":10,"column":4},"end":{"line":10,"column":37}},"7":{"start":{"line":12,"column":23},"end":{"line":12,"column":51}},"8":{"start":{"line":13,"column":4},"end":{"line":13,"column":47}},"9":{"start":{"line":15,"column":18},"end":{"line":15,"column":56}},"10":{"start":{"line":16,"column":4},"end":{"line":16,"column":36}},"11":{"start":{"line":17,"column":4},"end":{"line":17,"column":42}},"12":{"start":{"line":18,"column":4},"end":{"line":18,"column":54}},"13":{"start":{"line":21,"column":4},"end":{"line":33,"column":5}},"14":{"start":{"line":22,"column":8},"end":{"line":22,"column":37}},"15":{"start":{"line":23,"column":8},"end":{"line":23,"column":39}},"16":{"start":{"line":24,"column":8},"end":{"line":24,"column":34}},"17":{"start":{"line":25,"column":8},"end":{"line":27,"column":9}},"18":{"start":{"line":25,"column":21},"end":{"line":25,"column":22}},"19":{"start":{"line":26,"column":12},"end":{"line":26,"column":83}},"20":{"start":{"line":28,"column":8},"end":{"line":30,"column":9}},"21":{"start":{"line":29,"column":12},"end":{"line":29,"column":59}},"22":{"start":{"line":31,"column":8},"end":{"line":31,"column":61}},"23":{"start":{"line":32,"column":8},"end":{"line":32,"column":64}},"24":{"start":{"line":35,"column":4},"end":{"line":38,"column":5}},"25":{"start":{"line":36,"column":8},"end":{"line":36,"column":38}},"26":{"start":{"line":37,"column":8},"end":{"line":37,"column":57}},"27":{"start":{"line":40,"column":4},"end":{"line":91,"column":5}},"28":{"start":{"line":44,"column":8},"end":{"line":58,"column":9}},"29":{"start":{"line":45,"column":12},"end":{"line":45,"column":52}},"30":{"start":{"line":46,"column":12},"end":{"line":46,"column":40}},"31":{"start":{"line":47,"column":12},"end":{"line":47,"column":50}},"32":{"start":{"line":49,"column":12},"end":{"line":49,"column":53}},"33":{"start":{"line":50,"column":12},"end":{"line":57,"column":13}},"34":{"start":{"line":51,"column":16},"end":{"line":51,"column":44}},"35":{"start":{"line":52,"column":16},"end":{"line":52,"column":54}},"36":{"start":{"line":54,"column":16},"end":{"line":54,"column":65}},"37":{"start":{"line":55,"column":16},"end":{"line":55,"column":51}},"38":{"start":{"line":56,"column":16},"end":{"line":56,"column":68}},"39":{"start":{"line":60,"column":8},"end":{"line":60,"column":46}},"40":{"start":{"line":62,"column":8},"end":{"line":66,"column":9}},"41":{"start":{"line":63,"column":12},"end":{"line":63,"column":47}},"42":{"start":{"line":64,"column":12},"end":{"line":64,"column":51}},"43":{"start":{"line":65,"column":12},"end":{"line":65,"column":64}},"44":{"start":{"line":69,"column":8},"end":{"line":76,"column":9}},"45":{"start":{"line":70,"column":12},"end":{"line":70,"column":40}},"46":{"start":{"line":71,"column":12},"end":{"line":71,"column":51}},"47":{"start":{"line":72,"column":12},"end":{"line":72,"column":69}},"48":{"start":{"line":73,"column":12},"end":{"line":73,"column":67}},"49":{"start":{"line":74,"column":12},"end":{"line":74,"column":49}},"50":{"start":{"line":75,"column":12},"end":{"line":75,"column":63}},"51":{"start":{"line":79,"column":8},"end":{"line":82,"column":10}},"52":{"start":{"line":84,"column":8},"end":{"line":84,"column":45}},"53":{"start":{"line":85,"column":8},"end":{"line":85,"column":49}},"54":{"start":{"line":86,"column":8},"end":{"line":86,"column":15}},"55":{"start":{"line":88,"column":8},"end":{"line":88,"column":48}},"56":{"start":{"line":89,"column":8},"end":{"line":89,"column":44}},"57":{"start":{"line":90,"column":8},"end":{"line":90,"column":57}},"58":{"start":{"line":95,"column":21},"end":{"line":112,"column":1}},"59":{"start":{"line":96,"column":4},"end":{"line":96,"column":51}},"60":{"start":{"line":97,"column":4},"end":{"line":97,"column":37}},"61":{"start":{"line":99,"column":4},"end":{"line":102,"column":5}},"62":{"start":{"line":100,"column":8},"end":{"line":100,"column":37}},"63":{"start":{"line":101,"column":8},"end":{"line":101,"column":55}},"64":{"start":{"line":105,"column":4},"end":{"line":111,"column":5}},"65":{"start":{"line":106,"column":8},"end":{"line":106,"column":35}},"66":{"start":{"line":107,"column":8},"end":{"line":107,"column":15}},"67":{"start":{"line":109,"column":8},"end":{"line":109,"column":37}},"68":{"start":{"line":110,"column":8},"end":{"line":110,"column":58}},"69":{"start":{"line":114,"column":0},"end":{"line":117,"column":2}}},"fnMap":{"0":{"name":"(anonymous_0)","decl":{"start":{"line":6,"column":26},"end":{"line":6,"column":27}},"loc":{"start":{"line":6,"column":46},"end":{"line":92,"column":1}},"line":6},"1":{"name":"(anonymous_1)","decl":{"start":{"line":95,"column":21},"end":{"line":95,"column":22}},"loc":{"start":{"line":95,"column":41},"end":{"line":112,"column":1}},"line":95}},"branchMap":{"0":{"loc":{"start":{"line":3,"column":19},"end":{"line":3,"column":70}},"type":"binary-expr","locations":[{"start":{"line":3,"column":19},"end":{"line":3,"column":41}},{"start":{"line":3,"column":45},"end":{"line":3,"column":70}}],"line":3},"1":{"loc":{"start":{"line":15,"column":18},"end":{"line":15,"column":56}},"type":"binary-expr","locations":[{"start":{"line":15,"column":18},"end":{"line":15,"column":28}},{"start":{"line":15,"column":32},"end":{"line":15,"column":56}}],"line":15},"2":{"loc":{"start":{"line":18,"column":28},"end":{"line":18,"column":52}},"type":"cond-expr","locations":[{"start":{"line":18,"column":36},"end":{"line":18,"column":48}},{"start":{"line":18,"column":51},"end":{"line":18,"column":52}}],"line":18},"3":{"loc":{"start":{"line":21,"column":4},"end":{"line":33,"column":5}},"type":"if","locations":[{"start":{"line":21,"column":4},"end":{"line":33,"column":5}},{"start":{},"end":{}}],"line":21},"4":{"loc":{"start":{"line":28,"column":8},"end":{"line":30,"column":9}},"type":"if","locations":[{"start":{"line":28,"column":8},"end":{"line":30,"column":9}},{"start":{},"end":{}}],"line":28},"5":{"loc":{"start":{"line":35,"column":4},"end":{"line":38,"column":5}},"type":"if","locations":[{"start":{"line":35,"column":4},"end":{"line":38,"column":5}},{"start":{},"end":{}}],"line":35},"6":{"loc":{"start":{"line":44,"column":8},"end":{"line":58,"column":9}},"type":"if","locations":[{"start":{"line":44,"column":8},"end":{"line":58,"column":9}},{"start":{"line":48,"column":15},"end":{"line":58,"column":9}}],"line":44},"7":{"loc":{"start":{"line":62,"column":8},"end":{"line":66,"column":9}},"type":"if","locations":[{"start":{"line":62,"column":8},"end":{"line":66,"column":9}},{"start":{},"end":{}}],"line":62},"8":{"loc":{"start":{"line":62,"column":12},"end":{"line":62,"column":35}},"type":"binary-expr","locations":[{"start":{"line":62,"column":12},"end":{"line":62,"column":20}},{"start":{"line":62,"column":24},"end":{"line":62,"column":35}}],"line":62},"9":{"loc":{"start":{"line":69,"column":8},"end":{"line":76,"column":9}},"type":"if","locations":[{"start":{"line":69,"column":8},"end":{"line":76,"column":9}},{"start":{},"end":{}}],"line":69},"10":{"loc":{"start":{"line":69,"column":12},"end":{"line":69,"column":70}},"type":"binary-expr","locations":[{"start":{"line":69,"column":12},"end":{"line":69,"column":23}},{"start":{"line":69,"column":27},"end":{"line":69,"column":70}}],"line":69},"11":{"loc":{"start":{"line":81,"column":22},"end":{"line":81,"column":44}},"type":"binary-expr","locations":[{"start":{"line":81,"column":22},"end":{"line":81,"column":38}},{"start":{"line":81,"column":42},"end":{"line":81,"column":44}}],"line":81},"12":{"loc":{"start":{"line":99,"column":4},"end":{"line":102,"column":5}},"type":"if","locations":[{"start":{"line":99,"column":4},"end":{"line":102,"column":5}},{"start":{},"end":{}}],"line":99},"13":{"loc":{"start":{"line":105,"column":4},"end":{"line":111,"column":5}},"type":"if","locations":[{"start":{"line":105,"column":4},"end":{"line":111,"column":5}},{"start":{"line":108,"column":11},"end":{"line":111,"column":5}}],"line":105},"14":{"loc":{"start":{"line":105,"column":8},"end":{"line":105,"column":58}},"type":"binary-expr","locations":[{"start":{"line":105,"column":8},"end":{"line":105,"column":25}},{"start":{"line":105,"column":29},"end":{"line":105,"column":58}}],"line":105}},"s":{"0":0,"1":0,"2":0,"3":0,"4":0,"5":0,"6":0,"7":0,"8":0,"9":0,"10":0,"11":0,"12":0,"13":0,"14":0,"15":0,"16":0,"17":0,"18":0,"19":0,"20":0,"21":0,"22":0,"23":0,"24":0,"25":0,"26":0,"27":0,"28":0,"29":0,"30":0,"31":0,"32":0,"33":0,"34":0,"35":0,"36":0,"37":0,"38":0,"39":0,"40":0,"41":0,"42":0,"43":0,"44":0,"45":0,"46":0,"47":0,"48":0,"49":0,"50":0,"51":0,"52":0,"53":0,"54":0,"55":0,"56":0,"57":0,"58":0,"59":0,"60":0,"61":0,"62":0,"63":0,"64":0,"65":0,"66":0,"67":0,"68":0,"69":0},"f":{"0":0,"1":0},"b":{"0":[0,0],"1":[0,0],"2":[0,0],"3":[0,0],"4":[0,0],"5":[0,0],"6":[0,0],"7":[0,0],"8":[0,0],"9":[0,0],"10":[0,0],"11":[0,0],"12":[0,0],"13":[0,0],"14":[0,0]}}
,"C:\\Users\\honor1\\Desktop\\FitChallenge\\backend\\middleware\\errorHandler.js": {"path":"C:\\Users\\honor1\\Desktop\\FitChallenge\\backend\\middleware\\errorHandler.js","statementMap":{"0":{"start":{"line":6,"column":15},"end":{"line":6,"column":41}},"1":{"start":{"line":9,"column":26},"end":{"line":24,"column":1}},"2":{"start":{"line":26,"column":21},"end":{"line":98,"column":1}},"3":{"start":{"line":28,"column":4},"end":{"line":37,"column":7}},"4":{"start":{"line":40,"column":21},"end":{"line":40,"column":42}},"5":{"start":{"line":41,"column":18},"end":{"line":41,"column":42}},"6":{"start":{"line":42,"column":20},"end":{"line":42,"column":55}},"7":{"start":{"line":45,"column":4},"end":{"line":75,"column":5}},"8":{"start":{"line":46,"column":8},"end":{"line":46,"column":25}},"9":{"start":{"line":47,"column":8},"end":{"line":47,"column":27}},"10":{"start":{"line":48,"column":8},"end":{"line":48,"column":39}},"11":{"start":{"line":49,"column":11},"end":{"line":75,"column":5}},"12":{"start":{"line":50,"column":8},"end":{"line":50,"column":25}},"13":{"start":{"line":51,"column":8},"end":{"line":51,"column":26}},"14":{"start":{"line":52,"column":8},"end":{"line":52,"column":35}},"15":{"start":{"line":53,"column":11},"end":{"line":75,"column":5}},"16":{"start":{"line":54,"column":8},"end":{"line":54,"column":25}},"17":{"start":{"line":55,"column":8},"end":{"line":55,"column":25}},"18":{"start":{"line":56,"column":8},"end":{"line":56,"column":32}},"19":{"start":{"line":57,"column":11},"end":{"line":75,"column":5}},"20":{"start":{"line":58,"column":8},"end":{"line":58,"column":25}},"21":{"start":{"line":59,"column":8},"end":{"line":59,"column":26}},"22":{"start":{"line":60,"column":8},"end":{"line":60,"column":32}},"23":{"start":{"line":61,"column":11},"end":{"line":75,"column":5}},"24":{"start":{"line":62,"column":8},"end":{"line":62,"column":25}},"25":{"start":{"line":63,"column":8},"end":{"line":63,"column":26}},"26":{"start":{"line":64,"column":8},"end":{"line":64,"column":36}},"27":{"start":{"line":65,"column":11},"end":{"line":75,"column":5}},"28":{"start":{"line":66,"column":8},"end":{"line":66,"column":25}},"29":{"start":{"line":67,"column":8},"end":{"line":67,"column":26}},"30":{"start":{"line":68,"column":8},"end":{"line":68,"column":36}},"31":{"start":{"line":69,"column":11},"end":{"line":75,"column":5}},"32":{"start":{"line":71,"column":27},"end":{"line":71,"column":54}},"33":{"start":{"line":72,"column":8},"end":{"line":72,"column":39}},"34":{"start":{"line":73,"column":8},"end":{"line":73,"column":37}},"35":{"start":{"line":74,"column":8},"end":{"line":74,"column":29}},"36":{"start":{"line":78,"column":26},"end":{"line":88,"column":5}},"37":{"start":{"line":91,"column":4},"end":{"line":94,"column":5}},"38":{"start":{"line":92,"column":8},"end":{"line":92,"column":49}},"39":{"start":{"line":93,"column":8},"end":{"line":93,"column":46}},"40":{"start":{"line":97,"column":4},"end":{"line":97,"column":47}},"41":{"start":{"line":101,"column":21},"end":{"line":105,"column":1}},"42":{"start":{"line":102,"column":4},"end":{"line":104,"column":6}},"43":{"start":{"line":103,"column":8},"end":{"line":103,"column":56}},"44":{"start":{"line":110,"column":8},"end":{"line":110,"column":23}},"45":{"start":{"line":111,"column":8},"end":{"line":111,"column":37}},"46":{"start":{"line":112,"column":8},"end":{"line":112,"column":25}},"47":{"start":{"line":113,"column":8},"end":{"line":113,"column":42}},"48":{"start":{"line":114,"column":8},"end":{"line":114,"column":56}},"49":{"start":{"line":120,"column":8},"end":{"line":120,"column":48}},"50":{"start":{"line":121,"column":8},"end":{"line":121,"column":38}},"51":{"start":{"line":122,"column":8},"end":{"line":122,"column":31}},"52":{"start":{"line":128,"column":8},"end":{"line":128,"column":44}},"53":{"start":{"line":129,"column":8},"end":{"line":129,"column":40}},"54":{"start":{"line":135,"column":8},"end":{"line":135,"column":41}},"55":{"start":{"line":136,"column":8},"end":{"line":136,"column":37}},"56":{"start":{"line":142,"column":8},"end":{"line":142,"column":41}},"57":{"start":{"line":143,"column":8},"end":{"line":143,"column":36}},"58":{"start":{"line":149,"column":8},"end":{"line":149,"column":40}},"59":{"start":{"line":150,"column":8},"end":{"line":150,"column":36}},"60":{"start":{"line":156,"column":21},"end":{"line":156,"column":96}},"61":{"start":{"line":157,"column":27},"end":{"line":159,"column":17}},"62":{"start":{"line":161,"column":8},"end":{"line":161,"column":41}},"63":{"start":{"line":162,"column":8},"end":{"line":162,"column":36}},"64":{"start":{"line":163,"column":8},"end":{"line":163,"column":43}},"65":{"start":{"line":167,"column":0},"end":{"line":177,"column":2}}},"fnMap":{"0":{"name":"(anonymous_0)","decl":{"start":{"line":26,"column":21},"end":{"line":26,"column":22}},"loc":{"start":{"line":26,"column":46},"end":{"line":98,"column":1}},"line":26},"1":{"name":"(anonymous_1)","decl":{"start":{"line":101,"column":21},"end":{"line":101,"column":22}},"loc":{"start":{"line":101,"column":29},"end":{"line":105,"column":1}},"line":101},"2":{"name":"(anonymous_2)","decl":{"start":{"line":102,"column":11},"end":{"line":102,"column":12}},"loc":{"start":{"line":102,"column":31},"end":{"line":104,"column":5}},"line":102},"3":{"name":"(anonymous_3)","decl":{"start":{"line":109,"column":4},"end":{"line":109,"column":5}},"loc":{"start":{"line":109,"column":50},"end":{"line":115,"column":5}},"line":109},"4":{"name":"(anonymous_4)","decl":{"start":{"line":119,"column":4},"end":{"line":119,"column":5}},"loc":{"start":{"line":119,"column":52},"end":{"line":123,"column":5}},"line":119},"5":{"name":"(anonymous_5)","decl":{"start":{"line":127,"column":4},"end":{"line":127,"column":5}},"loc":{"start":{"line":127,"column":35},"end":{"line":130,"column":5}},"line":127},"6":{"name":"(anonymous_6)","decl":{"start":{"line":134,"column":4},"end":{"line":134,"column":5}},"loc":{"start":{"line":134,"column":34},"end":{"line":137,"column":5}},"line":134},"7":{"name":"(anonymous_7)","decl":{"start":{"line":141,"column":4},"end":{"line":141,"column":5}},"loc":{"start":{"line":141,"column":35},"end":{"line":144,"column":5}},"line":141},"8":{"name":"(anonymous_8)","decl":{"start":{"line":148,"column":4},"end":{"line":148,"column":5}},"loc":{"start":{"line":148,"column":34},"end":{"line":151,"column":5}},"line":148},"9":{"name":"(anonymous_9)","decl":{"start":{"line":155,"column":4},"end":{"line":155,"column":5}},"loc":{"start":{"line":155,"column":59},"end":{"line":164,"column":5}},"line":155}},"branchMap":{"0":{"loc":{"start":{"line":34,"column":16},"end":{"line":34,"column":52}},"type":"cond-expr","locations":[{"start":{"line":34,"column":27},"end":{"line":34,"column":38}},{"start":{"line":34,"column":41},"end":{"line":34,"column":52}}],"line":34},"1":{"loc":{"start":{"line":36,"column":12},"end":{"line":36,"column":50}},"type":"binary-expr","locations":[{"start":{"line":36,"column":12},"end":{"line":36,"column":18}},{"start":{"line":36,"column":22},"end":{"line":36,"column":50}}],"line":36},"2":{"loc":{"start":{"line":40,"column":21},"end":{"line":40,"column":42}},"type":"binary-expr","locations":[{"start":{"line":40,"column":21},"end":{"line":40,"column":35}},{"start":{"line":40,"column":39},"end":{"line":40,"column":42}}],"line":40},"3":{"loc":{"start":{"line":41,"column":18},"end":{"line":41,"column":42}},"type":"binary-expr","locations":[{"start":{"line":41,"column":18},"end":{"line":41,"column":29}},{"start":{"line":41,"column":33},"end":{"line":41,"column":42}}],"line":41},"4":{"loc":{"start":{"line":42,"column":20},"end":{"line":42,"column":55}},"type":"binary-expr","locations":[{"start":{"line":42,"column":20},"end":{"line":42,"column":28}},{"start":{"line":42,"column":32},"end":{"line":42,"column":55}}],"line":42},"5":{"loc":{"start":{"line":45,"column":4},"end":{"line":75,"column":5}},"type":"if","locations":[{"start":{"line":45,"column":4},"end":{"line":75,"column":5}},{"start":{"line":49,"column":11},"end":{"line":75,"column":5}}],"line":45},"6":{"loc":{"start":{"line":49,"column":11},"end":{"line":75,"column":5}},"type":"if","locations":[{"start":{"line":49,"column":11},"end":{"line":75,"column":5}},{"start":{"line":53,"column":11},"end":{"line":75,"column":5}}],"line":49},"7":{"loc":{"start":{"line":53,"column":11},"end":{"line":75,"column":5}},"type":"if","locations":[{"start":{"line":53,"column":11},"end":{"line":75,"column":5}},{"start":{"line":57,"column":11},"end":{"line":75,"column":5}}],"line":53},"8":{"loc":{"start":{"line":57,"column":11},"end":{"line":75,"column":5}},"type":"if","locations":[{"start":{"line":57,"column":11},"end":{"line":75,"column":5}},{"start":{"line":61,"column":11},"end":{"line":75,"column":5}}],"line":57},"9":{"loc":{"start":{"line":61,"column":11},"end":{"line":75,"column":5}},"type":"if","locations":[{"start":{"line":61,"column":11},"end":{"line":75,"column":5}},{"start":{"line":65,"column":11},"end":{"line":75,"column":5}}],"line":61},"10":{"loc":{"start":{"line":65,"column":11},"end":{"line":75,"column":5}},"type":"if","locations":[{"start":{"line":65,"column":11},"end":{"line":75,"column":5}},{"start":{"line":69,"column":11},"end":{"line":75,"column":5}}],"line":65},"11":{"loc":{"start":{"line":69,"column":11},"end":{"line":75,"column":5}},"type":"if","locations":[{"start":{"line":69,"column":11},"end":{"line":75,"column":5}},{"start":{},"end":{}}],"line":69},"12":{"loc":{"start":{"line":69,"column":15},"end":{"line":69,"column":54}},"type":"binary-expr","locations":[{"start":{"line":69,"column":15},"end":{"line":69,"column":23}},{"start":{"line":69,"column":27},"end":{"line":69,"column":54}}],"line":69},"13":{"loc":{"start":{"line":91,"column":4},"end":{"line":94,"column":5}},"type":"if","locations":[{"start":{"line":91,"column":4},"end":{"line":94,"column":5}},{"start":{},"end":{}}],"line":91},"14":{"loc":{"start":{"line":109,"column":37},"end":{"line":109,"column":48}},"type":"default-arg","locations":[{"start":{"line":109,"column":44},"end":{"line":109,"column":48}}],"line":109},"15":{"loc":{"start":{"line":119,"column":16},"end":{"line":119,"column":34}},"type":"default-arg","locations":[{"start":{"line":119,"column":26},"end":{"line":119,"column":34}}],"line":119},"16":{"loc":{"start":{"line":119,"column":36},"end":{"line":119,"column":50}},"type":"default-arg","locations":[{"start":{"line":119,"column":46},"end":{"line":119,"column":50}}],"line":119},"17":{"loc":{"start":{"line":127,"column":16},"end":{"line":127,"column":33}},"type":"default-arg","locations":[{"start":{"line":127,"column":26},"end":{"line":127,"column":33}}],"line":127},"18":{"loc":{"start":{"line":134,"column":16},"end":{"line":134,"column":32}},"type":"default-arg","locations":[{"start":{"line":134,"column":26},"end":{"line":134,"column":32}}],"line":134},"19":{"loc":{"start":{"line":141,"column":16},"end":{"line":141,"column":33}},"type":"default-arg","locations":[{"start":{"line":141,"column":26},"end":{"line":141,"column":33}}],"line":141},"20":{"loc":{"start":{"line":148,"column":16},"end":{"line":148,"column":32}},"type":"default-arg","locations":[{"start":{"line":148,"column":26},"end":{"line":148,"column":32}}],"line":148},"21":{"loc":{"start":{"line":155,"column":16},"end":{"line":155,"column":35}},"type":"default-arg","locations":[{"start":{"line":155,"column":26},"end":{"line":155,"column":35}}],"line":155},"22":{"loc":{"start":{"line":155,"column":37},"end":{"line":155,"column":57}},"type":"default-arg","locations":[{"start":{"line":155,"column":53},"end":{"line":155,"column":57}}],"line":155},"23":{"loc":{"start":{"line":156,"column":21},"end":{"line":156,"column":96}},"type":"cond-expr","locations":[{"start":{"line":156,"column":59},"end":{"line":156,"column":77}},{"start":{"line":156,"column":80},"end":{"line":156,"column":96}}],"line":156},"24":{"loc":{"start":{"line":156,"column":21},"end":{"line":156,"column":56}},"type":"binary-expr","locations":[{"start":{"line":156,"column":21},"end":{"line":156,"column":34}},{"start":{"line":156,"column":38},"end":{"line":156,"column":56}}],"line":156},"25":{"loc":{"start":{"line":157,"column":27},"end":{"line":159,"column":17}},"type":"cond-expr","locations":[{"start":{"line":158,"column":14},"end":{"line":158,"column":58}},{"start":{"line":159,"column":14},"end":{"line":159,"column":17}}],"line":157},"26":{"loc":{"start":{"line":157,"column":27},"end":{"line":157,"column":81}},"type":"binary-expr","locations":[{"start":{"line":157,"column":27},"end":{"line":157,"column":40}},{"start":{"line":157,"column":44},"end":{"line":157,"column":81}}],"line":157}},"s":{"0":2,"1":2,"2":2,"3":25,"4":25,"5":25,"6":25,"7":25,"8":1,"9":1,"10":1,"11":24,"12":1,"13":1,"14":1,"15":23,"16":1,"17":1,"18":1,"19":22,"20":1,"21":1,"22":1,"23":21,"24":1,"25":1,"26":1,"27":20,"28":1,"29":1,"30":1,"31":19,"32":14,"33":14,"34":14,"35":14,"36":25,"37":25,"38":1,"39":1,"40":25,"41":2,"42":0,"43":0,"44":0,"45":0,"46":0,"47":0,"48":0,"49":0,"50":0,"51":0,"52":0,"53":0,"54":0,"55":0,"56":0,"57":0,"58":0,"59":0,"60":0,"61":0,"62":0,"63":0,"64":0,"65":2},"f":{"0":25,"1":0,"2":0,"3":0,"4":0,"5":0,"6":0,"7":0,"8":0,"9":0},"b":{"0":[24,1],"1":[25,1],"2":[25,24],"3":[25,0],"4":[25,10],"5":[1,24],"6":[1,23],"7":[1,22],"8":[1,21],"9":[1,20],"10":[1,19],"11":[14,5],"12":[19,15],"13":[1,24],"14":[0],"15":[0],"16":[0],"17":[0],"18":[0],"19":[0],"20":[0],"21":[0],"22":[0],"23":[0,0],"24":[0,0],"25":[0,0],"26":[0,0]},"_coverageSchema":"1a1c01bbd47fc00a2c39e90264f33305004495a9","hash":"486e16932ef0d2dfd5a0ee739ee31e24cb6a47e1"}
,"C:\\Users\\honor1\\Desktop\\FitChallenge\\backend\\middleware\\loggingMiddleware.js": {"path":"C:\\Users\\honor1\\Desktop\\FitChallenge\\backend\\middleware\\loggingMiddleware.js","statementMap":{"0":{"start":{"line":1,"column":15},"end":{"line":1,"column":41}},"1":{"start":{"line":5,"column":22},"end":{"line":5,"column":32}},"2":{"start":{"line":8,"column":4},"end":{"line":14,"column":6}},"3":{"start":{"line":17,"column":25},"end":{"line":17,"column":33}},"4":{"start":{"line":18,"column":4},"end":{"line":42,"column":6}},"5":{"start":{"line":19,"column":29},"end":{"line":19,"column":51}},"6":{"start":{"line":20,"column":29},"end":{"line":20,"column":66}},"7":{"start":{"line":23,"column":8},"end":{"line":29,"column":10}},"8":{"start":{"line":32,"column":8},"end":{"line":39,"column":9}},"9":{"start":{"line":33,"column":12},"end":{"line":38,"column":15}},"10":{"start":{"line":41,"column":8},"end":{"line":41,"column":38}},"11":{"start":{"line":44,"column":4},"end":{"line":44,"column":11}},"12":{"start":{"line":49,"column":4},"end":{"line":55,"column":7}},"13":{"start":{"line":58,"column":4},"end":{"line":58,"column":14}},"14":{"start":{"line":63,"column":4},"end":{"line":82,"column":6}},"15":{"start":{"line":64,"column":29},"end":{"line":64,"column":37}},"16":{"start":{"line":65,"column":8},"end":{"line":80,"column":10}},"17":{"start":{"line":66,"column":28},"end":{"line":66,"column":48}},"18":{"start":{"line":67,"column":33},"end":{"line":67,"column":63}},"19":{"start":{"line":69,"column":12},"end":{"line":77,"column":14}},"20":{"start":{"line":79,"column":12},"end":{"line":79,"column":42}},"21":{"start":{"line":81,"column":8},"end":{"line":81,"column":15}},"22":{"start":{"line":85,"column":0},"end":{"line":89,"column":2}}},"fnMap":{"0":{"name":"requestLogger","decl":{"start":{"line":4,"column":9},"end":{"line":4,"column":22}},"loc":{"start":{"line":4,"column":39},"end":{"line":45,"column":1}},"line":4},"1":{"name":"(anonymous_1)","decl":{"start":{"line":18,"column":15},"end":{"line":18,"column":16}},"loc":{"start":{"line":18,"column":30},"end":{"line":42,"column":5}},"line":18},"2":{"name":"errorLogger","decl":{"start":{"line":48,"column":9},"end":{"line":48,"column":20}},"loc":{"start":{"line":48,"column":42},"end":{"line":59,"column":1}},"line":48},"3":{"name":"vipOperationLogger","decl":{"start":{"line":62,"column":9},"end":{"line":62,"column":27}},"loc":{"start":{"line":62,"column":39},"end":{"line":83,"column":1}},"line":62},"4":{"name":"(anonymous_4)","decl":{"start":{"line":63,"column":11},"end":{"line":63,"column":12}},"loc":{"start":{"line":63,"column":31},"end":{"line":82,"column":5}},"line":63},"5":{"name":"(anonymous_5)","decl":{"start":{"line":65,"column":19},"end":{"line":65,"column":20}},"loc":{"start":{"line":65,"column":34},"end":{"line":80,"column":9}},"line":65}},"branchMap":{"0":{"loc":{"start":{"line":13,"column":8},"end":{"line":13,"column":46}},"type":"binary-expr","locations":[{"start":{"line":13,"column":8},"end":{"line":13,"column":14}},{"start":{"line":13,"column":18},"end":{"line":13,"column":46}}],"line":13},"1":{"loc":{"start":{"line":20,"column":47},"end":{"line":20,"column":57}},"type":"binary-expr","locations":[{"start":{"line":20,"column":47},"end":{"line":20,"column":51}},{"start":{"line":20,"column":55},"end":{"line":20,"column":57}}],"line":20},"2":{"loc":{"start":{"line":32,"column":8},"end":{"line":39,"column":9}},"type":"if","locations":[{"start":{"line":32,"column":8},"end":{"line":39,"column":9}},{"start":{},"end":{}}],"line":32},"3":{"loc":{"start":{"line":35,"column":30},"end":{"line":35,"column":60}},"type":"cond-expr","locations":[{"start":{"line":35,"column":37},"end":{"line":35,"column":53}},{"start":{"line":35,"column":56},"end":{"line":35,"column":60}}],"line":35},"4":{"loc":{"start":{"line":37,"column":20},"end":{"line":37,"column":58}},"type":"binary-expr","locations":[{"start":{"line":37,"column":20},"end":{"line":37,"column":26}},{"start":{"line":37,"column":30},"end":{"line":37,"column":58}}],"line":37},"5":{"loc":{"start":{"line":54,"column":12},"end":{"line":54,"column":50}},"type":"binary-expr","locations":[{"start":{"line":54,"column":12},"end":{"line":54,"column":18}},{"start":{"line":54,"column":22},"end":{"line":54,"column":50}}],"line":54},"6":{"loc":{"start":{"line":67,"column":33},"end":{"line":67,"column":63}},"type":"cond-expr","locations":[{"start":{"line":67,"column":40},"end":{"line":67,"column":56}},{"start":{"line":67,"column":59},"end":{"line":67,"column":63}}],"line":67},"7":{"loc":{"start":{"line":76,"column":16},"end":{"line":76,"column":45}},"type":"cond-expr","locations":[{"start":{"line":76,"column":26},"end":{"line":76,"column":30}},{"start":{"line":76,"column":33},"end":{"line":76,"column":45}}],"line":76}},"s":{"0":0,"1":0,"2":0,"3":0,"4":0,"5":0,"6":0,"7":0,"8":0,"9":0,"10":0,"11":0,"12":0,"13":0,"14":0,"15":0,"16":0,"17":0,"18":0,"19":0,"20":0,"21":0,"22":0},"f":{"0":0,"1":0,"2":0,"3":0,"4":0,"5":0},"b":{"0":[0,0],"1":[0,0],"2":[0,0],"3":[0,0],"4":[0,0],"5":[0,0],"6":[0,0],"7":[0,0]}}
,"C:\\Users\\honor1\\Desktop\\FitChallenge\\backend\\models\\StepRecord.js": {"path":"C:\\Users\\honor1\\Desktop\\FitChallenge\\backend\\models\\StepRecord.js","statementMap":{"0":{"start":{"line":3,"column":8},"end":{"line":3,"column":21}},"1":{"start":{"line":4,"column":8},"end":{"line":4,"column":29}},"2":{"start":{"line":5,"column":8},"end":{"line":5,"column":37}},"3":{"start":{"line":6,"column":8},"end":{"line":6,"column":27}},"4":{"start":{"line":7,"column":8},"end":{"line":7,"column":29}},"5":{"start":{"line":8,"column":8},"end":{"line":8,"column":36}},"6":{"start":{"line":9,"column":8},"end":{"line":9,"column":36}},"7":{"start":{"line":13,"column":0},"end":{"line":13,"column":28}}},"fnMap":{"0":{"name":"(anonymous_0)","decl":{"start":{"line":2,"column":4},"end":{"line":2,"column":5}},"loc":{"start":{"line":2,"column":66},"end":{"line":10,"column":5}},"line":2}},"branchMap":{"0":{"loc":{"start":{"line":2,"column":47},"end":{"line":2,"column":64}},"type":"default-arg","locations":[{"start":{"line":2,"column":56},"end":{"line":2,"column":64}}],"line":2}},"s":{"0":0,"1":0,"2":0,"3":0,"4":0,"5":0,"6":0,"7":0},"f":{"0":0},"b":{"0":[0]}}
,"C:\\Users\\honor1\\Desktop\\FitChallenge\\backend\\models\\User.js": {"path":"C:\\Users\\honor1\\Desktop\\FitChallenge\\backend\\models\\User.js","statementMap":{"0":{"start":{"line":1,"column":17},"end":{"line":1,"column":36}},"1":{"start":{"line":2,"column":15},"end":{"line":2,"column":34}},"2":{"start":{"line":5,"column":19},"end":{"line":103,"column":2}},"3":{"start":{"line":106,"column":0},"end":{"line":106,"column":52}},"4":{"start":{"line":107,"column":0},"end":{"line":107,"column":49}},"5":{"start":{"line":108,"column":0},"end":{"line":108,"column":32}},"6":{"start":{"line":109,"column":0},"end":{"line":109,"column":35}},"7":{"start":{"line":110,"column":0},"end":{"line":110,"column":46}},"8":{"start":{"line":111,"column":0},"end":{"line":111,"column":37}},"9":{"start":{"line":114,"column":0},"end":{"line":116,"column":3}},"10":{"start":{"line":115,"column":4},"end":{"line":115,"column":30}},"11":{"start":{"line":118,"column":0},"end":{"line":121,"column":3}},"12":{"start":{"line":119,"column":19},"end":{"line":119,"column":67}},"13":{"start":{"line":120,"column":4},"end":{"line":120,"column":44}},"14":{"start":{"line":124,"column":0},"end":{"line":129,"column":2}},"15":{"start":{"line":125,"column":4},"end":{"line":125,"column":41}},"16":{"start":{"line":126,"column":4},"end":{"line":126,"column":47}},"17":{"start":{"line":127,"column":4},"end":{"line":127,"column":47}},"18":{"start":{"line":128,"column":4},"end":{"line":128,"column":23}},"19":{"start":{"line":131,"column":0},"end":{"line":135,"column":2}},"20":{"start":{"line":132,"column":4},"end":{"line":132,"column":33}},"21":{"start":{"line":133,"column":4},"end":{"line":133,"column":41}},"22":{"start":{"line":134,"column":4},"end":{"line":134,"column":23}},"23":{"start":{"line":137,"column":0},"end":{"line":139,"column":2}},"24":{"start":{"line":138,"column":4},"end":{"line":138,"column":62}},"25":{"start":{"line":142,"column":0},"end":{"line":144,"column":2}},"26":{"start":{"line":143,"column":4},"end":{"line":143,"column":48}},"27":{"start":{"line":146,"column":0},"end":{"line":148,"column":2}},"28":{"start":{"line":147,"column":4},"end":{"line":147,"column":42}},"29":{"start":{"line":150,"column":0},"end":{"line":152,"column":2}},"30":{"start":{"line":151,"column":4},"end":{"line":151,"column":43}},"31":{"start":{"line":154,"column":0},"end":{"line":158,"column":2}},"32":{"start":{"line":155,"column":4},"end":{"line":157,"column":22}},"33":{"start":{"line":160,"column":0},"end":{"line":160,"column":52}}},"fnMap":{"0":{"name":"(anonymous_0)","decl":{"start":{"line":114,"column":33},"end":{"line":114,"column":34}},"loc":{"start":{"line":114,"column":44},"end":{"line":116,"column":1}},"line":114},"1":{"name":"(anonymous_1)","decl":{"start":{"line":118,"column":37},"end":{"line":118,"column":38}},"loc":{"start":{"line":118,"column":48},"end":{"line":121,"column":1}},"line":118},"2":{"name":"(anonymous_2)","decl":{"start":{"line":124,"column":33},"end":{"line":124,"column":34}},"loc":{"start":{"line":124,"column":69},"end":{"line":129,"column":1}},"line":124},"3":{"name":"(anonymous_3)","decl":{"start":{"line":131,"column":32},"end":{"line":131,"column":33}},"loc":{"start":{"line":131,"column":43},"end":{"line":135,"column":1}},"line":131},"4":{"name":"(anonymous_4)","decl":{"start":{"line":137,"column":38},"end":{"line":137,"column":39}},"loc":{"start":{"line":137,"column":63},"end":{"line":139,"column":1}},"line":137},"5":{"name":"(anonymous_5)","decl":{"start":{"line":142,"column":36},"end":{"line":142,"column":37}},"loc":{"start":{"line":142,"column":55},"end":{"line":144,"column":1}},"line":142},"6":{"name":"(anonymous_6)","decl":{"start":{"line":146,"column":33},"end":{"line":146,"column":34}},"loc":{"start":{"line":146,"column":49},"end":{"line":148,"column":1}},"line":146},"7":{"name":"(anonymous_7)","decl":{"start":{"line":150,"column":37},"end":{"line":150,"column":38}},"loc":{"start":{"line":150,"column":48},"end":{"line":152,"column":1}},"line":150},"8":{"name":"(anonymous_8)","decl":{"start":{"line":154,"column":33},"end":{"line":154,"column":34}},"loc":{"start":{"line":154,"column":54},"end":{"line":158,"column":1}},"line":154}},"branchMap":{"0":{"loc":{"start":{"line":120,"column":11},"end":{"line":120,"column":43}},"type":"binary-expr","locations":[{"start":{"line":120,"column":11},"end":{"line":120,"column":33}},{"start":{"line":120,"column":37},"end":{"line":120,"column":43}}],"line":120},"1":{"loc":{"start":{"line":125,"column":30},"end":{"line":125,"column":40}},"type":"binary-expr","locations":[{"start":{"line":125,"column":30},"end":{"line":125,"column":35}},{"start":{"line":125,"column":39},"end":{"line":125,"column":40}}],"line":125},"2":{"loc":{"start":{"line":126,"column":33},"end":{"line":126,"column":46}},"type":"binary-expr","locations":[{"start":{"line":126,"column":33},"end":{"line":126,"column":41}},{"start":{"line":126,"column":45},"end":{"line":126,"column":46}}],"line":126},"3":{"loc":{"start":{"line":127,"column":33},"end":{"line":127,"column":46}},"type":"binary-expr","locations":[{"start":{"line":127,"column":33},"end":{"line":127,"column":41}},{"start":{"line":127,"column":45},"end":{"line":127,"column":46}}],"line":127},"4":{"loc":{"start":{"line":154,"column":42},"end":{"line":154,"column":52}},"type":"default-arg","locations":[{"start":{"line":154,"column":50},"end":{"line":154,"column":52}}],"line":154}},"s":{"0":0,"1":0,"2":0,"3":0,"4":0,"5":0,"6":0,"7":0,"8":0,"9":0,"10":0,"11":0,"12":0,"13":0,"14":0,"15":0,"16":0,"17":0,"18":0,"19":0,"20":0,"21":0,"22":0,"23":0,"24":0,"25":0,"26":0,"27":0,"28":0,"29":0,"30":0,"31":0,"32":0,"33":0},"f":{"0":0,"1":0,"2":0,"3":0,"4":0,"5":0,"6":0,"7":0,"8":0},"b":{"0":[0,0],"1":[0,0],"2":[0,0],"3":[0,0],"4":[0]}}
,"C:\\Users\\honor1\\Desktop\\FitChallenge\\backend\\models\\UserMySQL.js": {"path":"C:\\Users\\honor1\\Desktop\\FitChallenge\\backend\\models\\UserMySQL.js","statementMap":{"0":{"start":{"line":2,"column":15},"end":{"line":2,"column":34}},"1":{"start":{"line":3,"column":17},"end":{"line":3,"column":46}},"2":{"start":{"line":7,"column":8},"end":{"line":21,"column":9}},"3":{"start":{"line":8,"column":12},"end":{"line":8,"column":67}},"4":{"start":{"line":9,"column":27},"end":{"line":12,"column":13}},"5":{"start":{"line":13,"column":12},"end":{"line":13,"column":69}},"6":{"start":{"line":14,"column":12},"end":{"line":16,"column":13}},"7":{"start":{"line":15,"column":16},"end":{"line":15,"column":28}},"8":{"start":{"line":17,"column":12},"end":{"line":17,"column":45}},"9":{"start":{"line":19,"column":12},"end":{"line":19,"column":44}},"10":{"start":{"line":20,"column":12},"end":{"line":20,"column":24}},"11":{"start":{"line":25,"column":8},"end":{"line":38,"column":9}},"12":{"start":{"line":26,"column":12},"end":{"line":26,"column":76}},"13":{"start":{"line":27,"column":27},"end":{"line":30,"column":13}},"14":{"start":{"line":31,"column":12},"end":{"line":33,"column":13}},"15":{"start":{"line":32,"column":16},"end":{"line":32,"column":28}},"16":{"start":{"line":34,"column":12},"end":{"line":34,"column":45}},"17":{"start":{"line":36,"column":12},"end":{"line":36,"column":44}},"18":{"start":{"line":37,"column":12},"end":{"line":37,"column":24}},"19":{"start":{"line":42,"column":8},"end":{"line":55,"column":9}},"20":{"start":{"line":43,"column":12},"end":{"line":43,"column":58}},"21":{"start":{"line":44,"column":27},"end":{"line":47,"column":13}},"22":{"start":{"line":48,"column":12},"end":{"line":50,"column":13}},"23":{"start":{"line":49,"column":16},"end":{"line":49,"column":28}},"24":{"start":{"line":51,"column":12},"end":{"line":51,"column":45}},"25":{"start":{"line":53,"column":12},"end":{"line":53,"column":44}},"26":{"start":{"line":54,"column":12},"end":{"line":54,"column":24}},"27":{"start":{"line":59,"column":8},"end":{"line":75,"column":9}},"28":{"start":{"line":61,"column":31},"end":{"line":61,"column":33}},"29":{"start":{"line":62,"column":33},"end":{"line":62,"column":72}},"30":{"start":{"line":65,"column":29},"end":{"line":68,"column":13}},"31":{"start":{"line":71,"column":12},"end":{"line":71,"column":56}},"32":{"start":{"line":73,"column":12},"end":{"line":73,"column":44}},"33":{"start":{"line":74,"column":12},"end":{"line":74,"column":24}},"34":{"start":{"line":79,"column":8},"end":{"line":88,"column":9}},"35":{"start":{"line":80,"column":12},"end":{"line":83,"column":14}},"36":{"start":{"line":84,"column":12},"end":{"line":84,"column":47}},"37":{"start":{"line":86,"column":12},"end":{"line":86,"column":48}},"38":{"start":{"line":87,"column":12},"end":{"line":87,"column":24}},"39":{"start":{"line":92,"column":8},"end":{"line":101,"column":9}},"40":{"start":{"line":93,"column":12},"end":{"line":96,"column":14}},"41":{"start":{"line":97,"column":12},"end":{"line":97,"column":47}},"42":{"start":{"line":99,"column":12},"end":{"line":99,"column":46}},"43":{"start":{"line":100,"column":12},"end":{"line":100,"column":24}},"44":{"start":{"line":106,"column":21},"end":{"line":136,"column":9}},"45":{"start":{"line":119,"column":16},"end":{"line":119,"column":55}},"46":{"start":{"line":120,"column":16},"end":{"line":120,"column":74}},"47":{"start":{"line":125,"column":16},"end":{"line":134,"column":18}},"48":{"start":{"line":138,"column":8},"end":{"line":138,"column":20}},"49":{"start":{"line":142,"column":0},"end":{"line":142,"column":27}}},"fnMap":{"0":{"name":"(anonymous_0)","decl":{"start":{"line":6,"column":4},"end":{"line":6,"column":5}},"loc":{"start":{"line":6,"column":36},"end":{"line":22,"column":5}},"line":6},"1":{"name":"(anonymous_1)","decl":{"start":{"line":24,"column":4},"end":{"line":24,"column":5}},"loc":{"start":{"line":24,"column":42},"end":{"line":39,"column":5}},"line":24},"2":{"name":"(anonymous_2)","decl":{"start":{"line":41,"column":4},"end":{"line":41,"column":5}},"loc":{"start":{"line":41,"column":30},"end":{"line":56,"column":5}},"line":41},"3":{"name":"(anonymous_3)","decl":{"start":{"line":58,"column":4},"end":{"line":58,"column":5}},"loc":{"start":{"line":58,"column":51},"end":{"line":76,"column":5}},"line":58},"4":{"name":"(anonymous_4)","decl":{"start":{"line":78,"column":4},"end":{"line":78,"column":5}},"loc":{"start":{"line":78,"column":41},"end":{"line":89,"column":5}},"line":78},"5":{"name":"(anonymous_5)","decl":{"start":{"line":91,"column":4},"end":{"line":91,"column":5}},"loc":{"start":{"line":91,"column":53},"end":{"line":102,"column":5}},"line":91},"6":{"name":"(anonymous_6)","decl":{"start":{"line":105,"column":4},"end":{"line":105,"column":5}},"loc":{"start":{"line":105,"column":28},"end":{"line":139,"column":5}},"line":105},"7":{"name":"(anonymous_7)","decl":{"start":{"line":118,"column":30},"end":{"line":118,"column":31}},"loc":{"start":{"line":118,"column":55},"end":{"line":121,"column":13}},"line":118},"8":{"name":"(anonymous_8)","decl":{"start":{"line":124,"column":20},"end":{"line":124,"column":21}},"loc":{"start":{"line":124,"column":31},"end":{"line":135,"column":13}},"line":124}},"branchMap":{"0":{"loc":{"start":{"line":13,"column":33},"end":{"line":13,"column":67}},"type":"cond-expr","locations":[{"start":{"line":13,"column":51},"end":{"line":13,"column":57}},{"start":{"line":13,"column":60},"end":{"line":13,"column":67}}],"line":13},"1":{"loc":{"start":{"line":14,"column":12},"end":{"line":16,"column":13}},"type":"if","locations":[{"start":{"line":14,"column":12},"end":{"line":16,"column":13}},{"start":{},"end":{}}],"line":14},"2":{"loc":{"start":{"line":31,"column":12},"end":{"line":33,"column":13}},"type":"if","locations":[{"start":{"line":31,"column":12},"end":{"line":33,"column":13}},{"start":{},"end":{}}],"line":31},"3":{"loc":{"start":{"line":48,"column":12},"end":{"line":50,"column":13}},"type":"if","locations":[{"start":{"line":48,"column":12},"end":{"line":50,"column":13}},{"start":{},"end":{}}],"line":48}},"s":{"0":2,"1":2,"2":3,"3":3,"4":3,"5":2,"6":2,"7":1,"8":1,"9":1,"10":1,"11":0,"12":0,"13":0,"14":0,"15":0,"16":0,"17":0,"18":0,"19":0,"20":0,"21":0,"22":0,"23":0,"24":0,"25":0,"26":0,"27":1,"28":1,"29":1,"30":1,"31":1,"32":0,"33":0,"34":0,"35":0,"36":0,"37":0,"38":0,"39":0,"40":0,"41":0,"42":0,"43":0,"44":3,"45":2,"46":2,"47":0,"48":3,"49":2},"f":{"0":3,"1":0,"2":0,"3":1,"4":0,"5":0,"6":3,"7":2,"8":0},"b":{"0":[1,1],"1":[1,1],"2":[0,0],"3":[0,0]},"_coverageSchema":"1a1c01bbd47fc00a2c39e90264f33305004495a9","hash":"b7d97f729467cf262d31d905105f679718e4d58b"}
,"C:\\Users\\honor1\\Desktop\\FitChallenge\\backend\\models\\UserVIPStatus.js": {"path":"C:\\Users\\honor1\\Desktop\\FitChallenge\\backend\\models\\UserVIPStatus.js","statementMap":{"0":{"start":{"line":3,"column":8},"end":{"line":3,"column":34}},"1":{"start":{"line":4,"column":8},"end":{"line":4,"column":42}},"2":{"start":{"line":5,"column":8},"end":{"line":5,"column":50}},"3":{"start":{"line":6,"column":8},"end":{"line":6,"column":53}},"4":{"start":{"line":7,"column":8},"end":{"line":7,"column":52}},"5":{"start":{"line":8,"column":8},"end":{"line":8,"column":50}},"6":{"start":{"line":9,"column":8},"end":{"line":9,"column":76}},"7":{"start":{"line":10,"column":8},"end":{"line":10,"column":57}},"8":{"start":{"line":11,"column":8},"end":{"line":11,"column":65}},"9":{"start":{"line":12,"column":8},"end":{"line":12,"column":51}},"10":{"start":{"line":13,"column":8},"end":{"line":13,"column":53}},"11":{"start":{"line":14,"column":8},"end":{"line":14,"column":53}},"12":{"start":{"line":15,"column":8},"end":{"line":15,"column":54}},"13":{"start":{"line":16,"column":8},"end":{"line":16,"column":54}},"14":{"start":{"line":19,"column":8},"end":{"line":19,"column":46}},"15":{"start":{"line":24,"column":23},"end":{"line":24,"column":25}},"16":{"start":{"line":26,"column":8},"end":{"line":28,"column":9}},"17":{"start":{"line":27,"column":12},"end":{"line":27,"column":36}},"18":{"start":{"line":30,"column":8},"end":{"line":32,"column":9}},"19":{"start":{"line":31,"column":12},"end":{"line":31,"column":39}},"20":{"start":{"line":34,"column":8},"end":{"line":36,"column":9}},"21":{"start":{"line":35,"column":12},"end":{"line":35,"column":37}},"22":{"start":{"line":38,"column":8},"end":{"line":38,"column":22}},"23":{"start":{"line":43,"column":8},"end":{"line":43,"column":41}},"24":{"start":{"line":43,"column":28},"end":{"line":43,"column":41}},"25":{"start":{"line":44,"column":8},"end":{"line":44,"column":43}},"26":{"start":{"line":44,"column":30},"end":{"line":44,"column":43}},"27":{"start":{"line":45,"column":8},"end":{"line":45,"column":55}},"28":{"start":{"line":50,"column":8},"end":{"line":50,"column":45}},"29":{"start":{"line":50,"column":32},"end":{"line":50,"column":45}},"30":{"start":{"line":53,"column":8},"end":{"line":57,"column":9}},"31":{"start":{"line":56,"column":12},"end":{"line":56,"column":24}},"32":{"start":{"line":59,"column":8},"end":{"line":59,"column":20}},"33":{"start":{"line":64,"column":8},"end":{"line":64,"column":46}},"34":{"start":{"line":64,"column":37},"end":{"line":64,"column":46}},"35":{"start":{"line":65,"column":8},"end":{"line":65,"column":85}},"36":{"start":{"line":70,"column":8},"end":{"line":80,"column":10}},"37":{"start":{"line":85,"column":8},"end":{"line":100,"column":10}},"38":{"start":{"line":105,"column":8},"end":{"line":120,"column":11}},"39":{"start":{"line":125,"column":8},"end":{"line":125,"column":31}},"40":{"start":{"line":126,"column":8},"end":{"line":137,"column":9}},"41":{"start":{"line":127,"column":12},"end":{"line":127,"column":39}},"42":{"start":{"line":128,"column":12},"end":{"line":128,"column":33}},"43":{"start":{"line":129,"column":12},"end":{"line":129,"column":40}},"44":{"start":{"line":132,"column":12},"end":{"line":134,"column":13}},"45":{"start":{"line":133,"column":16},"end":{"line":133,"column":56}},"46":{"start":{"line":136,"column":12},"end":{"line":136,"column":35}},"47":{"start":{"line":139,"column":8},"end":{"line":139,"column":36}},"48":{"start":{"line":144,"column":8},"end":{"line":144,"column":43}},"49":{"start":{"line":145,"column":8},"end":{"line":145,"column":38}},"50":{"start":{"line":146,"column":8},"end":{"line":146,"column":84}},"51":{"start":{"line":147,"column":8},"end":{"line":147,"column":29}},"52":{"start":{"line":148,"column":8},"end":{"line":148,"column":36}},"53":{"start":{"line":153,"column":8},"end":{"line":153,"column":30}},"54":{"start":{"line":154,"column":8},"end":{"line":154,"column":37}},"55":{"start":{"line":155,"column":8},"end":{"line":155,"column":36}}},"fnMap":{"0":{"name":"(anonymous_0)","decl":{"start":{"line":2,"column":4},"end":{"line":2,"column":5}},"loc":{"start":{"line":2,"column":27},"end":{"line":20,"column":5}},"line":2},"1":{"name":"(anonymous_1)","decl":{"start":{"line":23,"column":4},"end":{"line":23,"column":5}},"loc":{"start":{"line":23,"column":15},"end":{"line":39,"column":5}},"line":23},"2":{"name":"(anonymous_2)","decl":{"start":{"line":42,"column":4},"end":{"line":42,"column":5}},"loc":{"start":{"line":42,"column":17},"end":{"line":46,"column":5}},"line":42},"3":{"name":"(anonymous_3)","decl":{"start":{"line":49,"column":4},"end":{"line":49,"column":5}},"loc":{"start":{"line":49,"column":30},"end":{"line":60,"column":5}},"line":49},"4":{"name":"(anonymous_4)","decl":{"start":{"line":63,"column":4},"end":{"line":63,"column":5}},"loc":{"start":{"line":63,"column":19},"end":{"line":66,"column":5}},"line":63},"5":{"name":"(anonymous_5)","decl":{"start":{"line":69,"column":4},"end":{"line":69,"column":5}},"loc":{"start":{"line":69,"column":15},"end":{"line":81,"column":5}},"line":69},"6":{"name":"(anonymous_6)","decl":{"start":{"line":84,"column":4},"end":{"line":84,"column":5}},"loc":{"start":{"line":84,"column":17},"end":{"line":101,"column":5}},"line":84},"7":{"name":"(anonymous_7)","decl":{"start":{"line":104,"column":4},"end":{"line":104,"column":5}},"loc":{"start":{"line":104,"column":30},"end":{"line":121,"column":5}},"line":104},"8":{"name":"(anonymous_8)","decl":{"start":{"line":124,"column":4},"end":{"line":124,"column":5}},"loc":{"start":{"line":124,"column":48},"end":{"line":140,"column":5}},"line":124},"9":{"name":"(anonymous_9)","decl":{"start":{"line":143,"column":4},"end":{"line":143,"column":5}},"loc":{"start":{"line":143,"column":42},"end":{"line":149,"column":5}},"line":143},"10":{"name":"(anonymous_10)","decl":{"start":{"line":152,"column":4},"end":{"line":152,"column":5}},"loc":{"start":{"line":152,"column":16},"end":{"line":156,"column":5}},"line":152}},"branchMap":{"0":{"loc":{"start":{"line":2,"column":16},"end":{"line":2,"column":25}},"type":"default-arg","locations":[{"start":{"line":2,"column":23},"end":{"line":2,"column":25}}],"line":2},"1":{"loc":{"start":{"line":3,"column":18},"end":{"line":3,"column":33}},"type":"binary-expr","locations":[{"start":{"line":3,"column":18},"end":{"line":3,"column":25}},{"start":{"line":3,"column":29},"end":{"line":3,"column":33}}],"line":3},"2":{"loc":{"start":{"line":4,"column":22},"end":{"line":4,"column":41}},"type":"binary-expr","locations":[{"start":{"line":4,"column":22},"end":{"line":4,"column":33}},{"start":{"line":4,"column":37},"end":{"line":4,"column":41}}],"line":4},"3":{"loc":{"start":{"line":5,"column":26},"end":{"line":5,"column":49}},"type":"binary-expr","locations":[{"start":{"line":5,"column":26},"end":{"line":5,"column":41}},{"start":{"line":5,"column":45},"end":{"line":5,"column":49}}],"line":5},"4":{"loc":{"start":{"line":6,"column":29},"end":{"line":6,"column":52}},"type":"binary-expr","locations":[{"start":{"line":6,"column":29},"end":{"line":6,"column":47}},{"start":{"line":6,"column":51},"end":{"line":6,"column":52}}],"line":6},"5":{"loc":{"start":{"line":7,"column":27},"end":{"line":7,"column":51}},"type":"binary-expr","locations":[{"start":{"line":7,"column":27},"end":{"line":7,"column":43}},{"start":{"line":7,"column":47},"end":{"line":7,"column":51}}],"line":7},"6":{"loc":{"start":{"line":8,"column":26},"end":{"line":8,"column":49}},"type":"binary-expr","locations":[{"start":{"line":8,"column":26},"end":{"line":8,"column":41}},{"start":{"line":8,"column":45},"end":{"line":8,"column":49}}],"line":8},"7":{"loc":{"start":{"line":9,"column":24},"end":{"line":9,"column":75}},"type":"cond-expr","locations":[{"start":{"line":9,"column":54},"end":{"line":9,"column":67}},{"start":{"line":9,"column":70},"end":{"line":9,"column":75}}],"line":9},"8":{"loc":{"start":{"line":10,"column":31},"end":{"line":10,"column":56}},"type":"binary-expr","locations":[{"start":{"line":10,"column":31},"end":{"line":10,"column":51}},{"start":{"line":10,"column":55},"end":{"line":10,"column":56}}],"line":10},"9":{"loc":{"start":{"line":11,"column":35},"end":{"line":11,"column":64}},"type":"binary-expr","locations":[{"start":{"line":11,"column":35},"end":{"line":11,"column":59}},{"start":{"line":11,"column":63},"end":{"line":11,"column":64}}],"line":11},"10":{"loc":{"start":{"line":12,"column":28},"end":{"line":12,"column":50}},"type":"binary-expr","locations":[{"start":{"line":12,"column":28},"end":{"line":12,"column":45}},{"start":{"line":12,"column":49},"end":{"line":12,"column":50}}],"line":12},"11":{"loc":{"start":{"line":13,"column":29},"end":{"line":13,"column":52}},"type":"binary-expr","locations":[{"start":{"line":13,"column":29},"end":{"line":13,"column":47}},{"start":{"line":13,"column":51},"end":{"line":13,"column":52}}],"line":13},"12":{"loc":{"start":{"line":14,"column":29},"end":{"line":14,"column":52}},"type":"binary-expr","locations":[{"start":{"line":14,"column":29},"end":{"line":14,"column":47}},{"start":{"line":14,"column":51},"end":{"line":14,"column":52}}],"line":14},"13":{"loc":{"start":{"line":15,"column":25},"end":{"line":15,"column":53}},"type":"binary-expr","locations":[{"start":{"line":15,"column":25},"end":{"line":15,"column":39}},{"start":{"line":15,"column":43},"end":{"line":15,"column":53}}],"line":15},"14":{"loc":{"start":{"line":16,"column":25},"end":{"line":16,"column":53}},"type":"binary-expr","locations":[{"start":{"line":16,"column":25},"end":{"line":16,"column":39}},{"start":{"line":16,"column":43},"end":{"line":16,"column":53}}],"line":16},"15":{"loc":{"start":{"line":19,"column":24},"end":{"line":19,"column":45}},"type":"binary-expr","locations":[{"start":{"line":19,"column":24},"end":{"line":19,"column":37}},{"start":{"line":19,"column":41},"end":{"line":19,"column":45}}],"line":19},"16":{"loc":{"start":{"line":26,"column":8},"end":{"line":28,"column":9}},"type":"if","locations":[{"start":{"line":26,"column":8},"end":{"line":28,"column":9}},{"start":{},"end":{}}],"line":26},"17":{"loc":{"start":{"line":30,"column":8},"end":{"line":32,"column":9}},"type":"if","locations":[{"start":{"line":30,"column":8},"end":{"line":32,"column":9}},{"start":{},"end":{}}],"line":30},"18":{"loc":{"start":{"line":34,"column":8},"end":{"line":36,"column":9}},"type":"if","locations":[{"start":{"line":34,"column":8},"end":{"line":36,"column":9}},{"start":{},"end":{}}],"line":34},"19":{"loc":{"start":{"line":43,"column":8},"end":{"line":43,"column":41}},"type":"if","locations":[{"start":{"line":43,"column":8},"end":{"line":43,"column":41}},{"start":{},"end":{}}],"line":43},"20":{"loc":{"start":{"line":44,"column":8},"end":{"line":44,"column":43}},"type":"if","locations":[{"start":{"line":44,"column":8},"end":{"line":44,"column":43}},{"start":{},"end":{}}],"line":44},"21":{"loc":{"start":{"line":50,"column":8},"end":{"line":50,"column":45}},"type":"if","locations":[{"start":{"line":50,"column":8},"end":{"line":50,"column":45}},{"start":{},"end":{}}],"line":50},"22":{"loc":{"start":{"line":53,"column":8},"end":{"line":57,"column":9}},"type":"if","locations":[{"start":{"line":53,"column":8},"end":{"line":57,"column":9}},{"start":{},"end":{}}],"line":53},"23":{"loc":{"start":{"line":53,"column":12},"end":{"line":53,"column":60}},"type":"binary-expr","locations":[{"start":{"line":53,"column":12},"end":{"line":53,"column":25}},{"start":{"line":53,"column":29},"end":{"line":53,"column":60}}],"line":53},"24":{"loc":{"start":{"line":64,"column":8},"end":{"line":64,"column":46}},"type":"if","locations":[{"start":{"line":64,"column":8},"end":{"line":64,"column":46}},{"start":{},"end":{}}],"line":64},"25":{"loc":{"start":{"line":73,"column":25},"end":{"line":74,"column":97}},"type":"cond-expr","locations":[{"start":{"line":74,"column":16},"end":{"line":74,"column":90}},{"start":{"line":74,"column":93},"end":{"line":74,"column":97}}],"line":73},"26":{"loc":{"start":{"line":124,"column":36},"end":{"line":124,"column":46}},"type":"default-arg","locations":[{"start":{"line":124,"column":45},"end":{"line":124,"column":46}}],"line":124},"27":{"loc":{"start":{"line":126,"column":8},"end":{"line":137,"column":9}},"type":"if","locations":[{"start":{"line":126,"column":8},"end":{"line":137,"column":9}},{"start":{"line":135,"column":15},"end":{"line":137,"column":9}}],"line":126},"28":{"loc":{"start":{"line":132,"column":12},"end":{"line":134,"column":13}},"type":"if","locations":[{"start":{"line":132,"column":12},"end":{"line":134,"column":13}},{"start":{},"end":{}}],"line":132}},"s":{"0":0,"1":0,"2":0,"3":0,"4":0,"5":0,"6":0,"7":0,"8":0,"9":0,"10":0,"11":0,"12":0,"13":0,"14":0,"15":0,"16":0,"17":0,"18":0,"19":0,"20":0,"21":0,"22":0,"23":0,"24":0,"25":0,"26":0,"27":0,"28":0,"29":0,"30":0,"31":0,"32":0,"33":0,"34":0,"35":0,"36":0,"37":0,"38":0,"39":0,"40":0,"41":0,"42":0,"43":0,"44":0,"45":0,"46":0,"47":0,"48":0,"49":0,"50":0,"51":0,"52":0,"53":0,"54":0,"55":0},"f":{"0":0,"1":0,"2":0,"3":0,"4":0,"5":0,"6":0,"7":0,"8":0,"9":0,"10":0},"b":{"0":[0],"1":[0,0],"2":[0,0],"3":[0,0],"4":[0,0],"5":[0,0],"6":[0,0],"7":[0,0],"8":[0,0],"9":[0,0],"10":[0,0],"11":[0,0],"12":[0,0],"13":[0,0],"14":[0,0],"15":[0,0],"16":[0,0],"17":[0,0],"18":[0,0],"19":[0,0],"20":[0,0],"21":[0,0],"22":[0,0],"23":[0,0],"24":[0,0],"25":[0,0],"26":[0],"27":[0,0],"28":[0,0]}}
,"C:\\Users\\honor1\\Desktop\\FitChallenge\\backend\\models\\VIPChallenge.js": {"path":"C:\\Users\\honor1\\Desktop\\FitChallenge\\backend\\models\\VIPChallenge.js","statementMap":{"0":{"start":{"line":3,"column":8},"end":{"line":3,"column":34}},"1":{"start":{"line":4,"column":8},"end":{"line":4,"column":42}},"2":{"start":{"line":5,"column":8},"end":{"line":5,"column":50}},"3":{"start":{"line":6,"column":8},"end":{"line":6,"column":59}},"4":{"start":{"line":7,"column":8},"end":{"line":7,"column":47}},"5":{"start":{"line":8,"column":8},"end":{"line":8,"column":51}},"6":{"start":{"line":9,"column":8},"end":{"line":9,"column":54}},"7":{"start":{"line":10,"column":8},"end":{"line":10,"column":44}},"8":{"start":{"line":11,"column":8},"end":{"line":11,"column":46}},"9":{"start":{"line":12,"column":8},"end":{"line":12,"column":53}},"10":{"start":{"line":13,"column":8},"end":{"line":13,"column":51}},"11":{"start":{"line":14,"column":8},"end":{"line":14,"column":52}},"12":{"start":{"line":15,"column":8},"end":{"line":15,"column":54}},"13":{"start":{"line":16,"column":8},"end":{"line":16,"column":54}},"14":{"start":{"line":19,"column":8},"end":{"line":19,"column":73}},"15":{"start":{"line":20,"column":8},"end":{"line":20,"column":71}},"16":{"start":{"line":21,"column":8},"end":{"line":21,"column":47}},"17":{"start":{"line":22,"column":8},"end":{"line":22,"column":53}},"18":{"start":{"line":23,"column":8},"end":{"line":23,"column":49}},"19":{"start":{"line":24,"column":8},"end":{"line":24,"column":49}},"20":{"start":{"line":25,"column":8},"end":{"line":25,"column":65}},"21":{"start":{"line":28,"column":8},"end":{"line":28,"column":46}},"22":{"start":{"line":29,"column":8},"end":{"line":29,"column":38}},"23":{"start":{"line":34,"column":23},"end":{"line":34,"column":25}},"24":{"start":{"line":36,"column":8},"end":{"line":38,"column":9}},"25":{"start":{"line":37,"column":12},"end":{"line":37,"column":36}},"26":{"start":{"line":40,"column":8},"end":{"line":42,"column":9}},"27":{"start":{"line":41,"column":12},"end":{"line":41,"column":39}},"28":{"start":{"line":44,"column":8},"end":{"line":46,"column":9}},"29":{"start":{"line":45,"column":12},"end":{"line":45,"column":37}},"30":{"start":{"line":48,"column":8},"end":{"line":50,"column":9}},"31":{"start":{"line":49,"column":12},"end":{"line":49,"column":37}},"32":{"start":{"line":52,"column":8},"end":{"line":52,"column":22}},"33":{"start":{"line":57,"column":8},"end":{"line":57,"column":80}},"34":{"start":{"line":62,"column":8},"end":{"line":62,"column":43}},"35":{"start":{"line":67,"column":8},"end":{"line":67,"column":40}},"36":{"start":{"line":72,"column":8},"end":{"line":72,"column":43}},"37":{"start":{"line":77,"column":8},"end":{"line":77,"column":43}},"38":{"start":{"line":77,"column":34},"end":{"line":77,"column":43}},"39":{"start":{"line":78,"column":8},"end":{"line":78,"column":74}},"40":{"start":{"line":83,"column":8},"end":{"line":83,"column":64}},"41":{"start":{"line":88,"column":8},"end":{"line":88,"column":36}},"42":{"start":{"line":88,"column":27},"end":{"line":88,"column":36}},"43":{"start":{"line":89,"column":20},"end":{"line":89,"column":30}},"44":{"start":{"line":90,"column":20},"end":{"line":90,"column":42}},"45":{"start":{"line":91,"column":8},"end":{"line":91,"column":38}},"46":{"start":{"line":96,"column":30},"end":{"line":96,"column":53}},"47":{"start":{"line":97,"column":8},"end":{"line":97,"column":64}},"48":{"start":{"line":102,"column":8},"end":{"line":102,"column":47}},"49":{"start":{"line":103,"column":8},"end":{"line":103,"column":36}},"50":{"start":{"line":106,"column":8},"end":{"line":108,"column":9}},"51":{"start":{"line":107,"column":12},"end":{"line":107,"column":37}},"52":{"start":{"line":110,"column":8},"end":{"line":110,"column":20}},"53":{"start":{"line":115,"column":8},"end":{"line":115,"column":34}},"54":{"start":{"line":116,"column":8},"end":{"line":116,"column":38}},"55":{"start":{"line":117,"column":8},"end":{"line":117,"column":36}},"56":{"start":{"line":118,"column":8},"end":{"line":118,"column":20}},"57":{"start":{"line":123,"column":8},"end":{"line":123,"column":31}},"58":{"start":{"line":124,"column":8},"end":{"line":124,"column":36}},"59":{"start":{"line":125,"column":8},"end":{"line":125,"column":20}},"60":{"start":{"line":130,"column":8},"end":{"line":130,"column":34}},"61":{"start":{"line":131,"column":8},"end":{"line":131,"column":36}},"62":{"start":{"line":132,"column":8},"end":{"line":132,"column":20}},"63":{"start":{"line":137,"column":8},"end":{"line":147,"column":10}},"64":{"start":{"line":152,"column":22},"end":{"line":152,"column":37}},"65":{"start":{"line":153,"column":8},"end":{"line":172,"column":10}},"66":{"start":{"line":177,"column":8},"end":{"line":192,"column":10}},"67":{"start":{"line":197,"column":8},"end":{"line":212,"column":11}},"68":{"start":{"line":217,"column":20},"end":{"line":217,"column":30}},"69":{"start":{"line":220,"column":8},"end":{"line":232,"column":9}},"70":{"start":{"line":222,"column":16},"end":{"line":222,"column":72}},"71":{"start":{"line":223,"column":16},"end":{"line":223,"column":22}},"72":{"start":{"line":225,"column":16},"end":{"line":225,"column":76}},"73":{"start":{"line":226,"column":16},"end":{"line":226,"column":22}},"74":{"start":{"line":228,"column":16},"end":{"line":228,"column":77}},"75":{"start":{"line":229,"column":16},"end":{"line":229,"column":22}},"76":{"start":{"line":231,"column":16},"end":{"line":231,"column":72}},"77":{"start":{"line":234,"column":8},"end":{"line":244,"column":11}},"78":{"start":{"line":248,"column":0},"end":{"line":248,"column":30}}},"fnMap":{"0":{"name":"(anonymous_0)","decl":{"start":{"line":2,"column":4},"end":{"line":2,"column":5}},"loc":{"start":{"line":2,"column":27},"end":{"line":30,"column":5}},"line":2},"1":{"name":"(anonymous_1)","decl":{"start":{"line":33,"column":4},"end":{"line":33,"column":5}},"loc":{"start":{"line":33,"column":15},"end":{"line":53,"column":5}},"line":33},"2":{"name":"(anonymous_2)","decl":{"start":{"line":56,"column":4},"end":{"line":56,"column":5}},"loc":{"start":{"line":56,"column":15},"end":{"line":58,"column":5}},"line":56},"3":{"name":"(anonymous_3)","decl":{"start":{"line":61,"column":4},"end":{"line":61,"column":5}},"loc":{"start":{"line":61,"column":18},"end":{"line":63,"column":5}},"line":61},"4":{"name":"(anonymous_4)","decl":{"start":{"line":66,"column":4},"end":{"line":66,"column":5}},"loc":{"start":{"line":66,"column":15},"end":{"line":68,"column":5}},"line":66},"5":{"name":"(anonymous_5)","decl":{"start":{"line":71,"column":4},"end":{"line":71,"column":5}},"loc":{"start":{"line":71,"column":18},"end":{"line":73,"column":5}},"line":71},"6":{"name":"(anonymous_6)","decl":{"start":{"line":76,"column":4},"end":{"line":76,"column":5}},"loc":{"start":{"line":76,"column":18},"end":{"line":79,"column":5}},"line":76},"7":{"name":"(anonymous_7)","decl":{"start":{"line":82,"column":4},"end":{"line":82,"column":5}},"loc":{"start":{"line":82,"column":24},"end":{"line":84,"column":5}},"line":82},"8":{"name":"(anonymous_8)","decl":{"start":{"line":87,"column":4},"end":{"line":87,"column":5}},"loc":{"start":{"line":87,"column":23},"end":{"line":92,"column":5}},"line":87},"9":{"name":"(anonymous_9)","decl":{"start":{"line":95,"column":4},"end":{"line":95,"column":5}},"loc":{"start":{"line":95,"column":23},"end":{"line":98,"column":5}},"line":95},"10":{"name":"(anonymous_10)","decl":{"start":{"line":101,"column":4},"end":{"line":101,"column":5}},"loc":{"start":{"line":101,"column":23},"end":{"line":111,"column":5}},"line":101},"11":{"name":"(anonymous_11)","decl":{"start":{"line":114,"column":4},"end":{"line":114,"column":5}},"loc":{"start":{"line":114,"column":24},"end":{"line":119,"column":5}},"line":114},"12":{"name":"(anonymous_12)","decl":{"start":{"line":122,"column":4},"end":{"line":122,"column":5}},"loc":{"start":{"line":122,"column":20},"end":{"line":126,"column":5}},"line":122},"13":{"name":"(anonymous_13)","decl":{"start":{"line":129,"column":4},"end":{"line":129,"column":5}},"loc":{"start":{"line":129,"column":22},"end":{"line":133,"column":5}},"line":129},"14":{"name":"(anonymous_14)","decl":{"start":{"line":136,"column":4},"end":{"line":136,"column":5}},"loc":{"start":{"line":136,"column":15},"end":{"line":148,"column":5}},"line":136},"15":{"name":"(anonymous_15)","decl":{"start":{"line":151,"column":4},"end":{"line":151,"column":5}},"loc":{"start":{"line":151,"column":21},"end":{"line":173,"column":5}},"line":151},"16":{"name":"(anonymous_16)","decl":{"start":{"line":176,"column":4},"end":{"line":176,"column":5}},"loc":{"start":{"line":176,"column":17},"end":{"line":193,"column":5}},"line":176},"17":{"name":"(anonymous_17)","decl":{"start":{"line":196,"column":4},"end":{"line":196,"column":5}},"loc":{"start":{"line":196,"column":30},"end":{"line":213,"column":5}},"line":196},"18":{"name":"(anonymous_18)","decl":{"start":{"line":216,"column":4},"end":{"line":216,"column":5}},"loc":{"start":{"line":216,"column":70},"end":{"line":245,"column":5}},"line":216}},"branchMap":{"0":{"loc":{"start":{"line":2,"column":16},"end":{"line":2,"column":25}},"type":"default-arg","locations":[{"start":{"line":2,"column":23},"end":{"line":2,"column":25}}],"line":2},"1":{"loc":{"start":{"line":3,"column":18},"end":{"line":3,"column":33}},"type":"binary-expr","locations":[{"start":{"line":3,"column":18},"end":{"line":3,"column":25}},{"start":{"line":3,"column":29},"end":{"line":3,"column":33}}],"line":3},"2":{"loc":{"start":{"line":4,"column":22},"end":{"line":4,"column":41}},"type":"binary-expr","locations":[{"start":{"line":4,"column":22},"end":{"line":4,"column":33}},{"start":{"line":4,"column":37},"end":{"line":4,"column":41}}],"line":4},"3":{"loc":{"start":{"line":5,"column":26},"end":{"line":5,"column":49}},"type":"binary-expr","locations":[{"start":{"line":5,"column":26},"end":{"line":5,"column":41}},{"start":{"line":5,"column":45},"end":{"line":5,"column":49}}],"line":5},"4":{"loc":{"start":{"line":6,"column":29},"end":{"line":6,"column":58}},"type":"binary-expr","locations":[{"start":{"line":6,"column":29},"end":{"line":6,"column":47}},{"start":{"line":6,"column":51},"end":{"line":6,"column":58}}],"line":6},"5":{"loc":{"start":{"line":7,"column":26},"end":{"line":7,"column":46}},"type":"binary-expr","locations":[{"start":{"line":7,"column":26},"end":{"line":7,"column":41}},{"start":{"line":7,"column":45},"end":{"line":7,"column":46}}],"line":7},"6":{"loc":{"start":{"line":8,"column":28},"end":{"line":8,"column":50}},"type":"binary-expr","locations":[{"start":{"line":8,"column":28},"end":{"line":8,"column":45}},{"start":{"line":8,"column":49},"end":{"line":8,"column":50}}],"line":8},"7":{"loc":{"start":{"line":9,"column":25},"end":{"line":9,"column":53}},"type":"binary-expr","locations":[{"start":{"line"
[...]
"column":27},"end":{"line":389,"column":53}},"115":{"start":{"line":390,"column":8},"end":{"line":419,"column":9}},"116":{"start":{"line":391,"column":27},"end":{"line":391,"column":45}},"117":{"start":{"line":394,"column":32},"end":{"line":396,"column":24}},"118":{"start":{"line":398,"column":26},"end":{"line":398,"column":44}},"119":{"start":{"line":401,"column":35},"end":{"line":406,"column":39}},"120":{"start":{"line":408,"column":12},"end":{"line":416,"column":14}},"121":{"start":{"line":418,"column":12},"end":{"line":418,"column":33}},"122":{"start":{"line":424,"column":27},"end":{"line":424,"column":53}},"123":{"start":{"line":425,"column":8},"end":{"line":482,"column":9}},"124":{"start":{"line":426,"column":27},"end":{"line":426,"column":45}},"125":{"start":{"line":429,"column":31},"end":{"line":431,"column":24}},"126":{"start":{"line":433,"column":12},"end":{"line":435,"column":13}},"127":{"start":{"line":434,"column":16},"end":{"line":434,"column":41}},"128":{"start":{"line":438,"column":33},"end":{"line":440,"column":24}},"129":{"start":{"line":442,"column":35},"end":{"line":442,"column":87}},"130":{"start":{"line":445,"column":32},"end":{"line":447,"column":24}},"131":{"start":{"line":449,"column":26},"end":{"line":449,"column":44}},"132":{"start":{"line":452,"column":35},"end":{"line":464,"column":39}},"133":{"start":{"line":466,"column":12},"end":{"line":479,"column":14}},"134":{"start":{"line":481,"column":12},"end":{"line":481,"column":33}},"135":{"start":{"line":487,"column":27},"end":{"line":487,"column":53}},"136":{"start":{"line":488,"column":8},"end":{"line":529,"column":9}},"137":{"start":{"line":489,"column":33},"end":{"line":491,"column":24}},"138":{"start":{"line":493,"column":12},"end":{"line":502,"column":13}},"139":{"start":{"line":494,"column":16},"end":{"line":501,"column":18}},"140":{"start":{"line":504,"column":27},"end":{"line":504,"column":40}},"141":{"start":{"line":507,"column":35},"end":{"line":516,"column":24}},"142":{"start":{"line":518,"column":12},"end":{"line":526,"column":14}},"143":{"start":{"line":528,"column":12},"end":{"line":528,"column":33}},"144":{"start":{"line":534,"column":27},"end":{"line":534,"column":53}},"145":{"start":{"line":535,"column":8},"end":{"line":656,"column":9}},"146":{"start":{"line":536,"column":12},"end":{"line":536,"column":48}},"147":{"start":{"line":539,"column":31},"end":{"line":541,"column":24}},"148":{"start":{"line":543,"column":12},"end":{"line":545,"column":13}},"149":{"start":{"line":544,"column":16},"end":{"line":544,"column":41}},"150":{"start":{"line":548,"column":33},"end":{"line":550,"column":24}},"151":{"start":{"line":552,"column":32},"end":{"line":552,"column":36}},"152":{"start":{"line":553,"column":12},"end":{"line":580,"column":13}},"153":{"start":{"line":555,"column":16},"end":{"line":576,"column":17}},"154":{"start":{"line":556,"column":20},"end":{"line":559,"column":33}},"155":{"start":{"line":560,"column":20},"end":{"line":560,"column":41}},"156":{"start":{"line":561,"column":20},"end":{"line":561,"column":56}},"157":{"start":{"line":565,"column":20},"end":{"line":565,"column":69}},"158":{"start":{"line":566,"column":40},"end":{"line":568,"column":32}},"159":{"start":{"line":570,"column":20},"end":{"line":575,"column":21}},"160":{"start":{"line":571,"column":24},"end":{"line":571,"column":73}},"161":{"start":{"line":572,"column":24},"end":{"line":572,"column":75}},"162":{"start":{"line":574,"column":24},"end":{"line":574,"column":53}},"163":{"start":{"line":578,"column":16},"end":{"line":578,"column":66}},"164":{"start":{"line":579,"column":16},"end":{"line":579,"column":92}},"165":{"start":{"line":583,"column":37},"end":{"line":583,"column":94}},"166":{"start":{"line":584,"column":33},"end":{"line":584,"column":77}},"167":{"start":{"line":585,"column":12},"end":{"line":585,"column":84}},"168":{"start":{"line":587,"column":12},"end":{"line":589,"column":13}},"169":{"start":{"line":588,"column":16},"end":{"line":588,"column":45}},"170":{"start":{"line":592,"column":12},"end":{"line":592,"column":84}},"171":{"start":{"line":593,"column":35},"end":{"line":598,"column":49}},"172":{"start":{"line":599,"column":12},"end":{"line":599,"column":47}},"173":{"start":{"line":602,"column":36},"end":{"line":602,"column":44}},"174":{"start":{"line":603,"column":32},"end":{"line":603,"column":81}},"175":{"start":{"line":607,"column":12},"end":{"line":627,"column":13}},"176":{"start":{"line":609,"column":16},"end":{"line":614,"column":118}},"177":{"start":{"line":615,"column":16},"end":{"line":615,"column":46}},"178":{"start":{"line":617,"column":16},"end":{"line":617,"column":69}},"179":{"start":{"line":621,"column":16},"end":{"line":625,"column":67}},"180":{"start":{"line":626,"column":16},"end":{"line":626,"column":44}},"181":{"start":{"line":629,"column":12},"end":{"line":629,"column":38}},"182":{"start":{"line":630,"column":12},"end":{"line":630,"column":34}},"183":{"start":{"line":633,"column":33},"end":{"line":635,"column":24}},"184":{"start":{"line":636,"column":12},"end":{"line":636,"column":48}},"185":{"start":{"line":638,"column":12},"end":{"line":650,"column":14}},"186":{"start":{"line":652,"column":12},"end":{"line":652,"column":40}},"187":{"start":{"line":653,"column":12},"end":{"line":653,"column":24}},"188":{"start":{"line":655,"column":12},"end":{"line":655,"column":33}},"189":{"start":{"line":660,"column":0},"end":{"line":660,"column":31}}},"fnMap":{"0":{"name":"(anonymous_0)","decl":{"start":{"line":5,"column":4},"end":{"line":5,"column":5}},"loc":{"start":{"line":5,"column":39},"end":{"line":21,"column":5}},"line":5},"1":{"name":"(anonymous_1)","decl":{"start":{"line":24,"column":4},"end":{"line":24,"column":5}},"loc":{"start":{"line":24,"column":42},"end":{"line":44,"column":5}},"line":24},"2":{"name":"(anonymous_2)","decl":{"start":{"line":47,"column":4},"end":{"line":47,"column":5}},"loc":{"start":{"line":47,"column":105},"end":{"line":112,"column":5}},"line":47},"3":{"name":"(anonymous_3)","decl":{"start":{"line":115,"column":4},"end":{"line":115,"column":5}},"loc":{"start":{"line":115,"column":88},"end":{"line":141,"column":5}},"line":115},"4":{"name":"(anonymous_4)","decl":{"start":{"line":144,"column":4},"end":{"line":144,"column":5}},"loc":{"start":{"line":144,"column":71},"end":{"line":207,"column":5}},"line":144},"5":{"name":"(anonymous_5)","decl":{"start":{"line":210,"column":4},"end":{"line":210,"column":5}},"loc":{"start":{"line":210,"column":111},"end":{"line":283,"column":5}},"line":210},"6":{"name":"(anonymous_6)","decl":{"start":{"line":286,"column":4},"end":{"line":286,"column":5}},"loc":{"start":{"line":286,"column":88},"end":{"line":334,"column":5}},"line":286},"7":{"name":"(anonymous_7)","decl":{"start":{"line":337,"column":4},"end":{"line":337,"column":5}},"loc":{"start":{"line":337,"column":90},"end":{"line":385,"column":5}},"line":337},"8":{"name":"(anonymous_8)","decl":{"start":{"line":388,"column":4},"end":{"line":388,"column":5}},"loc":{"start":{"line":388,"column":69},"end":{"line":420,"column":5}},"line":388},"9":{"name":"(anonymous_9)","decl":{"start":{"line":423,"column":4},"end":{"line":423,"column":5}},"loc":{"start":{"line":423,"column":73},"end":{"line":483,"column":5}},"line":423},"10":{"name":"(anonymous_10)","decl":{"start":{"line":486,"column":4},"end":{"line":486,"column":5}},"loc":{"start":{"line":486,"column":40},"end":{"line":530,"column":5}},"line":486},"11":{"name":"(anonymous_11)","decl":{"start":{"line":533,"column":4},"end":{"line":533,"column":5}},"loc":{"start":{"line":533,"column":65},"end":{"line":657,"column":5}},"line":533}},"branchMap":{"0":{"loc":{"start":{"line":12,"column":12},"end":{"line":15,"column":13}},"type":"if","locations":[{"start":{"line":12,"column":12},"end":{"line":15,"column":13}},{"start":{},"end":{}}],"line":12},"1":{"loc":{"start":{"line":47,"column":41},"end":{"line":47,"column":64}},"type":"default-arg","locations":[{"start":{"line":47,"column":57},"end":{"line":47,"column":64}}],"line":47},"2":{"loc":{"start":{"line":47,"column":66},"end":{"line":47,"column":80}},"type":"default-arg","locations":[{"start":{"line":47,"column":76},"end":{"line":47,"column":80}}],"line":47},"3":{"loc":{"start":{"line":47,"column":82},"end":{"line":47,"column":103}},"type":"default-arg","locations":[{"start":{"line":47,"column":96},"end":{"line":47,"column":103}}],"line":47},"4":{"loc":{"start":{"line":67,"column":12},"end":{"line":72,"column":13}},"type":"if","locations":[{"start":{"line":67,"column":12},"end":{"line":72,"column":13}},{"start":{"line":69,"column":19},"end":{"line":72,"column":13}}],"line":67},"5":{"loc":{"start":{"line":115,"column":64},"end":{"line":115,"column":86}},"type":"default-arg","locations":[{"start":{"line":115,"column":78},"end":{"line":115,"column":86}}],"line":115},"6":{"loc":{"start":{"line":120,"column":12},"end":{"line":122,"column":13}},"type":"if","locations":[{"start":{"line":120,"column":12},"end":{"line":122,"column":13}},{"start":{},"end":{}}],"line":120},"7":{"loc":{"start":{"line":144,"column":54},"end":{"line":144,"column":69}},"type":"default-arg","locations":[{"start":{"line":144,"column":67},"end":{"line":144,"column":69}}],"line":144},"8":{"loc":{"start":{"line":154,"column":12},"end":{"line":156,"column":13}},"type":"if","locations":[{"start":{"line":154,"column":12},"end":{"line":156,"column":13}},{"start":{},"end":{}}],"line":154},"9":{"loc":{"start":{"line":167,"column":12},"end":{"line":193,"column":13}},"type":"if","locations":[{"start":{"line":167,"column":12},"end":{"line":193,"column":13}},{"start":{},"end":{}}],"line":167},"10":{"loc":{"start":{"line":199,"column":33},"end":{"line":199,"column":68}},"type":"cond-expr","locations":[{"start":{"line":199,"column":57},"end":{"line":199,"column":61}},{"start":{"line":199,"column":64},"end":{"line":199,"column":68}}],"line":199},"11":{"loc":{"start":{"line":210,"column":69},"end":{"line":210,"column":87}},"type":"default-arg","locations":[{"start":{"line":210,"column":83},"end":{"line":210,"column":87}}],"line":210},"12":{"loc":{"start":{"line":210,"column":89},"end":{"line":210,"column":109}},"type":"default-arg","locations":[{"start":{"line":210,"column":105},"end":{"line":210,"column":109}}],"line":210},"13":{"loc":{"start":{"line":220,"column":12},"end":{"line":222,"column":13}},"type":"if","locations":[{"start":{"line":220,"column":12},"end":{"line":222,"column":13}},{"start":{},"end":{}}],"line":220},"14":{"loc":{"start":{"line":232,"column":12},"end":{"line":237,"column":13}},"type":"if","locations":[{"start":{"line":232,"column":12},"end":{"line":237,"column":13}},{"start":{"line":234,"column":19},"end":{"line":237,"column":13}}],"line":232},"15":{"loc":{"start":{"line":296,"column":12},"end":{"line":298,"column":13}},"type":"if","locations":[{"start":{"line":296,"column":12},"end":{"line":298,"column":13}},{"start":{},"end":{}}],"line":296},"16":{"loc":{"start":{"line":301,"column":12},"end":{"line":303,"column":13}},"type":"if","locations":[{"start":{"line":301,"column":12},"end":{"line":303,"column":13}},{"start":{},"end":{}}],"line":301},"17":{"loc":{"start":{"line":347,"column":12},"end":{"line":349,"column":13}},"type":"if","locations":[{"start":{"line":347,"column":12},"end":{"line":349,"column":13}},{"start":{},"end":{}}],"line":347},"18":{"loc":{"start":{"line":352,"column":12},"end":{"line":354,"column":13}},"type":"if","locations":[{"start":{"line":352,"column":12},"end":{"line":354,"column":13}},{"start":{},"end":{}}],"line":352},"19":{"loc":{"start":{"line":388,"column":47},"end":{"line":388,"column":55}},"type":"default-arg","locations":[{"start":{"line":388,"column":54},"end":{"line":388,"column":55}}],"line":388},"20":{"loc":{"start":{"line":388,"column":57},"end":{"line":388,"column":67}},"type":"default-arg","locations":[{"start":{"line":388,"column":65},"end":{"line":388,"column":67}}],"line":388},"21":{"loc":{"start":{"line":423,"column":51},"end":{"line":423,"column":59}},"type":"default-arg","locations":[{"start":{"line":423,"column":58},"end":{"line":423,"column":59}}],"line":423},"22":{"loc":{"start":{"line":423,"column":61},"end":{"line":423,"column":71}},"type":"default-arg","locations":[{"start":{"line":423,"column":69},"end":{"line":423,"column":71}}],"line":423},"23":{"loc":{"start":{"line":433,"column":12},"end":{"line":435,"column":13}},"type":"if","locations":[{"start":{"line":433,"column":12},"end":{"line":435,"column":13}},{"start":{},"end":{}}],"line":433},"24":{"loc":{"start":{"line":442,"column":35},"end":{"line":442,"column":87}},"type":"cond-expr","locations":[{"start":{"line":442,"column":59},"end":{"line":442,"column":80}},{"start":{"line":442,"column":83},"end":{"line":442,"column":87}}],"line":442},"25":{"loc":{"start":{"line":493,"column":12},"end":{"line":502,"column":13}},"type":"if","locations":[{"start":{"line":493,"column":12},"end":{"line":502,"column":13}},{"start":{},"end":{}}],"line":493},"26":{"loc":{"start":{"line":543,"column":12},"end":{"line":545,"column":13}},"type":"if","locations":[{"start":{"line":543,"column":12},"end":{"line":545,"column":13}},{"start":{},"end":{}}],"line":543},"27":{"loc":{"start":{"line":553,"column":12},"end":{"line":580,"column":13}},"type":"if","locations":[{"start":{"line":553,"column":12},"end":{"line":580,"column":13}},{"start":{"line":577,"column":19},"end":{"line":580,"column":13}}],"line":553},"28":{"loc":{"start":{"line":570,"column":20},"end":{"line":575,"column":21}},"type":"if","locations":[{"start":{"line":570,"column":20},"end":{"line":575,"column":21}},{"start":{"line":573,"column":27},"end":{"line":575,"column":21}}],"line":570},"29":{"loc":{"start":{"line":583,"column":37},"end":{"line":583,"column":94}},"type":"cond-expr","locations":[{"start":{"line":583,"column":54},"end":{"line":583,"column":72}},{"start":{"line":583,"column":75},"end":{"line":583,"column":94}}],"line":583},"30":{"loc":{"start":{"line":587,"column":12},"end":{"line":589,"column":13}},"type":"if","locations":[{"start":{"line":587,"column":12},"end":{"line":589,"column":13}},{"start":{},"end":{}}],"line":587},"31":{"loc":{"start":{"line":603,"column":38},"end":{"line":603,"column":66}},"type":"cond-expr","locations":[{"start":{"line":603,"column":55},"end":{"line":603,"column":59}},{"start":{"line":603,"column":62},"end":{"line":603,"column":66}}],"line":603}},"s":{"0":0,"1":0,"2":0,"3":0,"4":0,"5":0,"6":0,"7":0,"8":0,"9":0,"10":0,"11":0,"12":0,"13":0,"14":0,"15":0,"16":0,"17":0,"18":0,"19":0,"20":0,"21":0,"22":0,"23":0,"24":0,"25":0,"26":0,"27":0,"28":0,"29":0,"30":0,"31":0,"32":0,"33":0,"34":0,"35":0,"36":0,"37":0,"38":0,"39":0,"40":0,"41":0,"42":0,"43":0,"44":0,"45":0,"46":0,"47":0,"48":0,"49":0,"50":0,"51":0,"52":0,"53":0,"54":0,"55":0,"56":0,"57":0,"58":0,"59":0,"60":0,"61":0,"62":0,"63":0,"64":0,"65":0,"66":0,"67":0,"68":0,"69":0,"70":0,"71":0,"72":0,"73":0,"74":0,"75":0,"76":0,"77":0,"78":0,"79":0,"80":0,"81":0,"82":0,"83":0,"84":0,"85":0,"86":0,"87":0,"88":0,"89":0,"90":0,"91":0,"92":0,"93":0,"94":0,"95":0,"96":0,"97":0,"98":0,"99":0,"100":0,"101":0,"102":0,"103":0,"104":0,"105":0,"106":0,"107":0,"108":0,"109":0,"110":0,"111":0,"112":0,"113":0,"114":0,"115":0,"116":0,"117":0,"118":0,"119":0,"120":0,"121":0,"122":0,"123":0,"124":0,"125":0,"126":0,"127":0,"128":0,"129":0,"130":0,"131":0,"132":0,"133":0,"134":0,"135":0,"136":0,"137":0,"138":0,"139":0,"140":0,"141":0,"142":0,"143":0,"144":0,"145":0,"146":0,"147":0,"148":0,"149":0,"150":0,"151":0,"152":0,"153":0,"154":0,"155":0,"156":0,"157":0,"158":0,"159":0,"160":0,"161":0,"162":0,"163":0,"164":0,"165":0,"166":0,"167":0,"168":0,"169":0,"170":0,"171":0,"172":0,"173":0,"174":0,"175":0,"176":0,"177":0,"178":0,"179":0,"180":0,"181":0,"182":0,"183":0,"184":0,"185":0,"186":0,"187":0,"188":0,"189":0},"f":{"0":0,"1":0,"2":0,"3":0,"4":0,"5":0,"6":0,"7":0,"8":0,"9":0,"10":0,"11":0},"b":{"0":[0,0],"1":[0],"2":[0],"3":[0],"4":[0,0],"5":[0],"6":[0,0],"7":[0],"8":[0,0],"9":[0,0],"10":[0,0],"11":[0],"12":[0],"13":[0,0],"14":[0,0],"15":[0,0],"16":[0,0],"17":[0,0],"18":[0,0],"19":[0],"20":[0],"21":[0],"22":[0],"23":[0,0],"24":[0,0],"25":[0,0],"26":[0,0],"27":[0,0],"28":[0,0],"29":[0,0],"30":[0,0],"31":[0,0]}}
,"C:\\Users\\honor1\\Desktop\\FitChallenge\\backend\\utils\\logger.js": {"path":"C:\\Users\\honor1\\Desktop\\FitChallenge\\backend\\utils\\logger.js","statementMap":{"0":{"start":{"line":6,"column":16},"end":{"line":6,"column":34}},"1":{"start":{"line":7,"column":13},"end":{"line":7,"column":28}},"2":{"start":{"line":8,"column":11},"end":{"line":8,"column":24}},"3":{"start":{"line":11,"column":15},"end":{"line":11,"column":46}},"4":{"start":{"line":12,"column":0},"end":{"line":14,"column":1}},"5":{"start":{"line":13,"column":4},"end":{"line":13,"column":46}},"6":{"start":{"line":17,"column":18},"end":{"line":21,"column":1}},"7":{"start":{"line":24,"column":15},"end":{"line":57,"column":2}},"8":{"start":{"line":60,"column":0},"end":{"line":67,"column":1}},"9":{"start":{"line":61,"column":4},"end":{"line":66,"column":8}},"10":{"start":{"line":70,"column":0},"end":{"line":80,"column":2}},"11":{"start":{"line":71,"column":4},"end":{"line":79,"column":7}},"12":{"start":{"line":83,"column":0},"end":{"line":103,"column":2}},"13":{"start":{"line":84,"column":4},"end":{"line":102,"column":6}},"14":{"start":{"line":86,"column":8},"end":{"line":86,"column":83}},"15":{"start":{"line":89,"column":8},"end":{"line":89,"column":45}},"16":{"start":{"line":92,"column":22},"end":{"line":92,"column":32}},"17":{"start":{"line":93,"column":8},"end":{"line":99,"column":11}},"18":{"start":{"line":94,"column":29},"end":{"line":94,"column":47}},"19":{"start":{"line":95,"column":12},"end":{"line":98,"column":15}},"20":{"start":{"line":101,"column":8},"end":{"line":101,"column":15}},"21":{"start":{"line":105,"column":0},"end":{"line":105,"column":24}}},"fnMap":{"0":{"name":"(anonymous_0)","decl":{"start":{"line":70,"column":23},"end":{"line":70,"column":24}},"loc":{"start":{"line":70,"column":52},"end":{"line":80,"column":1}},"line":70},"1":{"name":"(anonymous_1)","decl":{"start":{"line":83,"column":27},"end":{"line":83,"column":28}},"loc":{"start":{"line":83,"column":33},"end":{"line":103,"column":1}},"line":83},"2":{"name":"(anonymous_2)","decl":{"start":{"line":84,"column":11},"end":{"line":84,"column":12}},"loc":{"start":{"line":84,"column":31},"end":{"line":102,"column":5}},"line":84},"3":{"name":"(anonymous_3)","decl":{"start":{"line":93,"column":25},"end":{"line":93,"column":26}},"loc":{"start":{"line":93,"column":31},"end":{"line":99,"column":9}},"line":93}},"branchMap":{"0":{"loc":{"start":{"line":12,"column":0},"end":{"line":14,"column":1}},"type":"if","locations":[{"start":{"line":12,"column":0},"end":{"line":14,"column":1}},{"start":{},"end":{}}],"line":12},"1":{"loc":{"start":{"line":25,"column":11},"end":{"line":25,"column":67}},"type":"cond-expr","locations":[{"start":{"line":25,"column":51},"end":{"line":25,"column":57}},{"start":{"line":25,"column":60},"end":{"line":25,"column":67}}],"line":25},"2":{"loc":{"start":{"line":60,"column":0},"end":{"line":67,"column":1}},"type":"if","locations":[{"start":{"line":60,"column":0},"end":{"line":67,"column":1}},{"start":{},"end":{}}],"line":60},"3":{"loc":{"start":{"line":70,"column":38},"end":{"line":70,"column":47}},"type":"default-arg","locations":[{"start":{"line":70,"column":45},"end":{"line":70,"column":47}}],"line":70},"4":{"loc":{"start":{"line":77,"column":16},"end":{"line":77,"column":52}},"type":"cond-expr","locations":[{"start":{"line":77,"column":27},"end":{"line":77,"column":38}},{"start":{"line":77,"column":41},"end":{"line":77,"column":52}}],"line":77}},"s":{"0":3,"1":3,"2":3,"3":3,"4":3,"5":0,"6":3,"7":3,"8":3,"9":3,"10":3,"11":0,"12":3,"13":0,"14":0,"15":0,"16":0,"17":0,"18":0,"19":0,"20":0,"21":3},"f":{"0":0,"1":0,"2":0,"3":0},"b":{"0":[0,3],"1":[0,3],"2":[3,0],"3":[0],"4":[0,0]},"_coverageSchema":"1a1c01bbd47fc00a2c39e90264f33305004495a9","hash":"cf306c8409c77e71b3ff3895f9459208dd735107"}
}
