TN:
SF:middleware\adminAuthMiddleware.js
FN:11,(anonymous_0)
FN:16,(anonymous_1)
FN:25,(anonymous_2)
FN:38,(anonymous_3)
FN:91,(anonymous_4)
FN:141,(anonymous_5)
FN:142,(anonymous_6)
FN:166,(anonymous_7)
FN:167,(anonymous_8)
FN:191,(anonymous_9)
FN:206,(anonymous_10)
FN:207,(anonymous_11)
FN:209,(anonymous_12)
FNF:13
FNH:9
FNDA:1,(anonymous_0)
FNDA:1,(anonymous_1)
FNDA:6,(anonymous_2)
FNDA:0,(anonymous_3)
FNDA:6,(anonymous_4)
FNDA:3,(anonymous_5)
FNDA:3,(anonymous_6)
FNDA:4,(anonymous_7)
FNDA:4,(anonymous_8)
FNDA:2,(anonymous_9)
FNDA:0,(anonymous_10)
FNDA:0,(anonymous_11)
FNDA:0,(anonymous_12)
DA:1,1
DA:2,1
DA:3,1
DA:4,1
DA:7,1
DA:8,1
DA:12,1
DA:17,1
DA:26,6
DA:27,6
DA:28,6
DA:29,4
DA:30,4
DA:32,2
DA:33,2
DA:39,0
DA:40,0
DA:42,0
DA:47,0
DA:48,0
DA:51,0
DA:54,0
DA:55,0
DA:56,0
DA:60,0
DA:66,0
DA:73,0
DA:75,0
DA:86,0
DA:92,6
DA:93,6
DA:94,6
DA:95,2
DA:101,4
DA:102,4
DA:105,3
DA:106,3
DA:107,3
DA:112,2
DA:113,1
DA:119,1
DA:120,1
DA:127,1
DA:129,3
DA:132,2
DA:133,2
DA:142,3
DA:143,3
DA:144,0
DA:150,3
DA:151,1
DA:154,2
DA:155,1
DA:161,1
DA:167,4
DA:168,4
DA:169,1
DA:175,3
DA:176,1
DA:179,2
DA:180,1
DA:186,1
DA:192,2
DA:193,2
DA:194,2
DA:199,1
DA:201,2
DA:207,0
DA:208,0
DA:209,0
DA:211,0
DA:212,0
DA:221,0
DA:229,0
DA:232,0
DA:238,1
DA:240,1
LF:77
LH:54
BRDA:7,0,0,1
BRDA:7,0,1,0
BRDA:47,1,0,0
BRDA:47,1,1,0
BRDA:55,2,0,0
BRDA:55,2,1,0
BRDA:70,3,0,0
BRDA:70,3,1,0
BRDA:94,4,0,2
BRDA:94,4,1,4
BRDA:94,5,0,6
BRDA:94,5,1,5
BRDA:112,6,0,1
BRDA:112,6,1,1
BRDA:124,7,0,1
BRDA:124,7,1,0
BRDA:143,8,0,0
BRDA:143,8,1,3
BRDA:150,9,0,1
BRDA:150,9,1,2
BRDA:154,10,0,1
BRDA:154,10,1,1
BRDA:168,11,0,1
BRDA:168,11,1,3
BRDA:175,12,0,1
BRDA:175,12,1,2
BRDA:179,13,0,1
BRDA:179,13,1,1
BRDA:211,14,0,0
BRDA:211,14,1,0
BRDA:211,15,0,0
BRDA:211,15,1,0
BRDA:225,16,0,0
BRDA:225,16,1,0
BRF:34
BRH:19
end_of_record
TN:
SF:middleware\adminMiddleware.js
FN:6,(anonymous_0)
FNF:1
FNH:0
FNDA:0,(anonymous_0)
DA:6,0
DA:7,0
DA:9,0
DA:10,0
DA:21,0
DA:26,0
DA:27,0
DA:29,0
DA:35,0
DA:36,0
DA:43,0
LF:11
LH:0
BRDA:9,0,0,0
BRDA:9,0,1,0
BRDA:26,1,0,0
BRDA:26,1,1,0
BRF:4
BRH:0
end_of_record
TN:
SF:middleware\authMiddleware.js
FN:6,(anonymous_0)
FN:95,(anonymous_1)
FNF:2
FNH:0
FNDA:0,(anonymous_0)
FNDA:0,(anonymous_1)
DA:1,0
DA:3,0
DA:6,0
DA:7,0
DA:8,0
DA:9,0
DA:10,0
DA:12,0
DA:13,0
DA:15,0
DA:16,0
DA:17,0
DA:18,0
DA:21,0
DA:22,0
DA:23,0
DA:24,0
DA:25,0
DA:26,0
DA:28,0
DA:29,0
DA:31,0
DA:32,0
DA:35,0
DA:36,0
DA:37,0
DA:40,0
DA:44,0
DA:45,0
DA:46,0
DA:47,0
DA:49,0
DA:50,0
DA:51,0
DA:52,0
DA:54,0
DA:55,0
DA:56,0
DA:60,0
DA:62,0
DA:63,0
DA:64,0
DA:65,0
DA:69,0
DA:70,0
DA:71,0
DA:72,0
DA:73,0
DA:74,0
DA:75,0
DA:79,0
DA:84,0
DA:85,0
DA:86,0
DA:88,0
DA:89,0
DA:90,0
DA:95,0
DA:96,0
DA:97,0
DA:99,0
DA:100,0
DA:101,0
DA:105,0
DA:106,0
DA:107,0
DA:109,0
DA:110,0
DA:114,0
LF:69
LH:0
BRDA:3,0,0,0
BRDA:3,0,1,0
BRDA:15,1,0,0
BRDA:15,1,1,0
BRDA:18,2,0,0
BRDA:18,2,1,0
BRDA:21,3,0,0
BRDA:21,3,1,0
BRDA:28,4,0,0
BRDA:28,4,1,0
BRDA:35,5,0,0
BRDA:35,5,1,0
BRDA:44,6,0,0
BRDA:44,6,1,0
BRDA:62,7,0,0
BRDA:62,7,1,0
BRDA:62,8,0,0
BRDA:62,8,1,0
BRDA:69,9,0,0
BRDA:69,9,1,0
BRDA:69,10,0,0
BRDA:69,10,1,0
BRDA:81,11,0,0
BRDA:81,11,1,0
BRDA:99,12,0,0
BRDA:99,12,1,0
BRDA:105,13,0,0
BRDA:105,13,1,0
BRDA:105,14,0,0
BRDA:105,14,1,0
BRF:30
BRH:0
end_of_record
TN:
SF:middleware\errorHandler.js
FN:26,(anonymous_0)
FN:101,(anonymous_1)
FN:102,(anonymous_2)
FN:109,(anonymous_3)
FN:119,(anonymous_4)
FN:127,(anonymous_5)
FN:134,(anonymous_6)
FN:141,(anonymous_7)
FN:148,(anonymous_8)
FN:155,(anonymous_9)
FNF:10
FNH:1
FNDA:25,(anonymous_0)
FNDA:0,(anonymous_1)
FNDA:0,(anonymous_2)
FNDA:0,(anonymous_3)
FNDA:0,(anonymous_4)
FNDA:0,(anonymous_5)
FNDA:0,(anonymous_6)
FNDA:0,(anonymous_7)
FNDA:0,(anonymous_8)
FNDA:0,(anonymous_9)
DA:6,2
DA:9,2
DA:26,2
DA:28,25
DA:40,25
DA:41,25
DA:42,25
DA:45,25
DA:46,1
DA:47,1
DA:48,1
DA:49,24
DA:50,1
DA:51,1
DA:52,1
DA:53,23
DA:54,1
DA:55,1
DA:56,1
DA:57,22
DA:58,1
DA:59,1
DA:60,1
DA:61,21
DA:62,1
DA:63,1
DA:64,1
DA:65,20
DA:66,1
DA:67,1
DA:68,1
DA:69,19
DA:71,14
DA:72,14
DA:73,14
DA:74,14
DA:78,25
DA:91,25
DA:92,1
DA:93,1
DA:97,25
DA:101,2
DA:102,0
DA:103,0
DA:110,0
DA:111,0
DA:112,0
DA:113,0
DA:114,0
DA:120,0
DA:121,0
DA:122,0
DA:128,0
DA:129,0
DA:135,0
DA:136,0
DA:142,0
DA:143,0
DA:149,0
DA:150,0
DA:156,0
DA:157,0
DA:161,0
DA:162,0
DA:163,0
DA:167,2
LF:66
LH:43
BRDA:34,0,0,24
BRDA:34,0,1,1
BRDA:36,1,0,25
BRDA:36,1,1,1
BRDA:40,2,0,25
BRDA:40,2,1,24
BRDA:41,3,0,25
BRDA:41,3,1,0
BRDA:42,4,0,25
BRDA:42,4,1,10
BRDA:45,5,0,1
BRDA:45,5,1,24
BRDA:49,6,0,1
BRDA:49,6,1,23
BRDA:53,7,0,1
BRDA:53,7,1,22
BRDA:57,8,0,1
BRDA:57,8,1,21
BRDA:61,9,0,1
BRDA:61,9,1,20
BRDA:65,10,0,1
BRDA:65,10,1,19
BRDA:69,11,0,14
BRDA:69,11,1,5
BRDA:69,12,0,19
BRDA:69,12,1,15
BRDA:91,13,0,1
BRDA:91,13,1,24
BRDA:109,14,0,0
BRDA:119,15,0,0
BRDA:119,16,0,0
BRDA:127,17,0,0
BRDA:134,18,0,0
BRDA:141,19,0,0
BRDA:148,20,0,0
BRDA:155,21,0,0
BRDA:155,22,0,0
BRDA:156,23,0,0
BRDA:156,23,1,0
BRDA:156,24,0,0
BRDA:156,24,1,0
BRDA:157,25,0,0
BRDA:157,25,1,0
BRDA:157,26,0,0
BRDA:157,26,1,0
BRF:45
BRH:27
end_of_record
TN:
SF:middleware\loggingMiddleware.js
FN:4,requestLogger
FN:18,(anonymous_1)
FN:48,errorLogger
FN:62,vipOperationLogger
FN:63,(anonymous_4)
FN:65,(anonymous_5)
FNF:6
FNH:0
FNDA:0,requestLogger
FNDA:0,(anonymous_1)
FNDA:0,errorLogger
FNDA:0,vipOperationLogger
FNDA:0,(anonymous_4)
FNDA:0,(anonymous_5)
DA:1,0
DA:5,0
DA:8,0
DA:17,0
DA:18,0
DA:19,0
DA:20,0
DA:23,0
DA:32,0
DA:33,0
DA:41,0
DA:44,0
DA:49,0
DA:58,0
DA:63,0
DA:64,0
DA:65,0
DA:66,0
DA:67,0
DA:69,0
DA:79,0
DA:81,0
DA:85,0
LF:23
LH:0
BRDA:13,0,0,0
BRDA:13,0,1,0
BRDA:20,1,0,0
BRDA:20,1,1,0
BRDA:32,2,0,0
BRDA:32,2,1,0
BRDA:35,3,0,0
BRDA:35,3,1,0
BRDA:37,4,0,0
BRDA:37,4,1,0
BRDA:54,5,0,0
BRDA:54,5,1,0
BRDA:67,6,0,0
BRDA:67,6,1,0
BRDA:76,7,0,0
BRDA:76,7,1,0
BRF:16
BRH:0
end_of_record
TN:
SF:models\StepRecord.js
FN:2,(anonymous_0)
FNF:1
FNH:0
FNDA:0,(anonymous_0)
DA:3,0
DA:4,0
DA:5,0
DA:6,0
DA:7,0
DA:8,0
DA:9,0
DA:13,0
LF:8
LH:0
BRDA:2,0,0,0
BRF:1
BRH:0
end_of_record
TN:
SF:models\User.js
FN:114,(anonymous_0)
FN:118,(anonymous_1)
FN:124,(anonymous_2)
FN:131,(anonymous_3)
FN:137,(anonymous_4)
FN:142,(anonymous_5)
FN:146,(anonymous_6)
FN:150,(anonymous_7)
FN:154,(anonymous_8)
FNF:9
FNH:0
FNDA:0,(anonymous_0)
FNDA:0,(anonymous_1)
FNDA:0,(anonymous_2)
FNDA:0,(anonymous_3)
FNDA:0,(anonymous_4)
FNDA:0,(anonymous_5)
FNDA:0,(anonymous_6)
FNDA:0,(anonymous_7)
FNDA:0,(anonymous_8)
DA:1,0
DA:2,0
DA:5,0
DA:106,0
DA:107,0
DA:108,0
DA:109,0
DA:110,0
DA:111,0
DA:114,0
DA:115,0
DA:118,0
DA:119,0
DA:120,0
DA:124,0
DA:125,0
DA:126,0
DA:127,0
DA:128,0
DA:131,0
DA:132,0
DA:133,0
DA:134,0
DA:137,0
DA:138,0
DA:142,0
DA:143,0
DA:146,0
DA:147,0
DA:150,0
DA:151,0
DA:154,0
DA:155,0
DA:160,0
LF:34
LH:0
BRDA:120,0,0,0
BRDA:120,0,1,0
BRDA:125,1,0,0
BRDA:125,1,1,0
BRDA:126,2,0,0
BRDA:126,2,1,0
BRDA:127,3,0,0
BRDA:127,3,1,0
BRDA:154,4,0,0
BRF:9
BRH:0
end_of_record
TN:
SF:models\UserMySQL.js
FN:6,(anonymous_0)
FN:24,(anonymous_1)
FN:41,(anonymous_2)
FN:58,(anonymous_3)
FN:78,(anonymous_4)
FN:91,(anonymous_5)
FN:105,(anonymous_6)
FN:118,(anonymous_7)
FN:124,(anonymous_8)
FNF:9
FNH:4
FNDA:3,(anonymous_0)
FNDA:0,(anonymous_1)
FNDA:0,(anonymous_2)
FNDA:1,(anonymous_3)
FNDA:0,(anonymous_4)
FNDA:0,(anonymous_5)
FNDA:3,(anonymous_6)
FNDA:2,(anonymous_7)
FNDA:0,(anonymous_8)
DA:2,2
DA:3,2
DA:7,3
DA:8,3
DA:9,3
DA:13,2
DA:14,2
DA:15,1
DA:17,1
DA:19,1
DA:20,1
DA:25,0
DA:26,0
DA:27,0
DA:31,0
DA:32,0
DA:34,0
DA:36,0
DA:37,0
DA:42,0
DA:43,0
DA:44,0
DA:48,0
DA:49,0
DA:51,0
DA:53,0
DA:54,0
DA:59,1
DA:61,1
DA:62,1
DA:65,1
DA:71,1
DA:73,0
DA:74,0
DA:79,0
DA:80,0
DA:84,0
DA:86,0
DA:87,0
DA:92,0
DA:93,0
DA:97,0
DA:99,0
DA:100,0
DA:106,3
DA:119,2
DA:120,2
DA:125,0
DA:138,3
DA:142,2
LF:50
LH:21
BRDA:13,0,0,1
BRDA:13,0,1,1
BRDA:14,1,0,1
BRDA:14,1,1,1
BRDA:31,2,0,0
BRDA:31,2,1,0
BRDA:48,3,0,0
BRDA:48,3,1,0
BRF:8
BRH:4
end_of_record
TN:
SF:models\UserVIPStatus.js
FN:2,(anonymous_0)
FN:23,(anonymous_1)
FN:42,(anonymous_2)
FN:49,(anonymous_3)
FN:63,(anonymous_4)
FN:69,(anonymous_5)
FN:84,(anonymous_6)
FN:104,(anonymous_7)
FN:124,(anonymous_8)
FN:143,(anonymous_9)
FN:152,(anonymous_10)
FNF:11
FNH:0
FNDA:0,(anonymous_0)
FNDA:0,(anonymous_1)
FNDA:0,(anonymous_2)
FNDA:0,(anonymous_3)
FNDA:0,(anonymous_4)
FNDA:0,(anonymous_5)
FNDA:0,(anonymous_6)
FNDA:0,(anonymous_7)
FNDA:0,(anonymous_8)
FNDA:0,(anonymous_9)
FNDA:0,(anonymous_10)
DA:3,0
DA:4,0
DA:5,0
DA:6,0
DA:7,0
DA:8,0
DA:9,0
DA:10,0
DA:11,0
DA:12,0
DA:13,0
DA:14,0
DA:15,0
DA:16,0
DA:19,0
DA:24,0
DA:26,0
DA:27,0
DA:30,0
DA:31,0
DA:34,0
DA:35,0
DA:38,0
DA:43,0
DA:44,0
DA:45,0
DA:50,0
DA:53,0
DA:56,0
DA:59,0
DA:64,0
DA:65,0
DA:70,0
DA:85,0
DA:105,0
DA:125,0
DA:126,0
DA:127,0
DA:128,0
DA:129,0
DA:132,0
DA:133,0
DA:136,0
DA:139,0
DA:144,0
DA:145,0
DA:146,0
DA:147,0
DA:148,0
DA:153,0
DA:154,0
DA:155,0
LF:52
LH:0
BRDA:2,0,0,0
BRDA:3,1,0,0
BRDA:3,1,1,0
BRDA:4,2,0,0
BRDA:4,2,1,0
BRDA:5,3,0,0
BRDA:5,3,1,0
BRDA:6,4,0,0
BRDA:6,4,1,0
BRDA:7,5,0,0
BRDA:7,5,1,0
BRDA:8,6,0,0
BRDA:8,6,1,0
BRDA:9,7,0,0
BRDA:9,7,1,0
BRDA:10,8,0,0
BRDA:10,8,1,0
BRDA:11,9,0,0
BRDA:11,9,1,0
BRDA:12,10,0,0
BRDA:12,10,1,0
BRDA:13,11,0,0
BRDA:13,11,1,0
BRDA:14,12,0,0
BRDA:14,12,1,0
BRDA:15,13,0,0
BRDA:15,13,1,0
BRDA:16,14,0,0
BRDA:16,14,1,0
BRDA:19,15,0,0
BRDA:19,15,1,0
BRDA:26,16,0,0
BRDA:26,16,1,0
BRDA:30,17,0,0
BRDA:30,17,1,0
BRDA:34,18,0,0
BRDA:34,18,1,0
BRDA:43,19,0,0
BRDA:43,19,1,0
BRDA:44,20,0,0
BRDA:44,20,1,0
BRDA:50,21,0,0
BRDA:50,21,1,0
BRDA:53,22,0,0
BRDA:53,22,1,0
BRDA:53,23,0,0
BRDA:53,23,1,0
BRDA:64,24,0,0
BRDA:64,24,1,0
BRDA:73,25,0,0
BRDA:73,25,1,0
BRDA:124,26,0,0
BRDA:126,27,0,0
BRDA:126,27,1,0
BRDA:132,28,0,0
BRDA:132,28,1,0
BRF:56
BRH:0
end_of_record
TN:
SF:models\VIPChallenge.js
FN:2,(anonymous_0)
FN:33,(anonymous_1)
FN:56,(anonymous_2)
FN:61,(anonymous_3)
FN:66,(anonymous_4)
FN:71,(anonymous_5)
FN:76,(anonymous_6)
FN:82,(anonymous_7)
FN:87,(anonymous_8)
FN:95,(anonymous_9)
FN:101,(anonymous_10)
FN:114,(anonymous_11)
FN:122,(anonymous_12)
FN:129,(anonymous_13)
FN:136,(anonymous_14)
FN:151,(anonymous_15)
FN:176,(anonymous_16)
FN:196,(anonymous_17)
FN:216,(anonymous_18)
FNF:19
FNH:0
FNDA:0,(anonymous_0)
FNDA:0,(anonymous_1)
FNDA:0,(anonymous_2)
FNDA:0,(anonymous_3)
FNDA:0,(anonymous_4)
FNDA:0,(anonymous_5)
FNDA:0,(anonymous_6)
FNDA:0,(anonymous_7)
FNDA:0,(anonymous_8)
FNDA:0,(anonymous_9)
FNDA:0,(anonymous_10)
FNDA:0,(anonymous_11)
FNDA:0,(anonymous_12)
FNDA:0,(anonymous_13)
FNDA:0,(anonymous_14)
FNDA:0,(anonymous_15)
FNDA:0,(anonymous_16)
FNDA:0,(anonymous_17)
FNDA:0,(anonymous_18)
DA:3,0
DA:4,0
DA:5,0
DA:6,0
DA:7,0
DA:8,0
DA:9,0
DA:10,0
DA:11,0
DA:12,0
DA:13,0
DA:14,0
DA:15,0
DA:16,0
DA:19,0
DA:20,0
DA:21,0
DA:22,0
DA:23,0
DA:24,0
DA:25,0
DA:28,0
DA:29,0
DA:34,0
DA:36,0
DA:37,0
DA:40,0
DA:41,0
DA:44,0
DA:45,0
DA:48,0
DA:49,0
DA:52,0
DA:57,0
DA:62,0
DA:67,0
DA:72,0
DA:77,0
DA:78,0
DA:83,0
DA:88,0
DA:89,0
DA:90,0
DA:91,0
DA:96,0
DA:97,0
DA:102,0
DA:103,0
DA:106,0
DA:107,0
DA:110,0
DA:115,0
DA:116,0
DA:117,0
DA:118,0
DA:123,0
DA:124,0
DA:125,0
DA:130,0
DA:131,0
DA:132,0
DA:137,0
DA:152,0
DA:153,0
DA:177,0
DA:197,0
DA:217,0
DA:220,0
DA:222,0
DA:223,0
DA:225,0
DA:226,0
DA:228,0
DA:229,0
DA:231,0
DA:234,0
DA:248,0
LF:77
LH:0
BRDA:2,0,0,0
BRDA:3,1,0,0
BRDA:3,1,1,0
BRDA:4,2,0,0
BRDA:4,2,1,0
BRDA:5,3,0,0
BRDA:5,3,1,0
BRDA:6,4,0,0
BRDA:6,4,1,0
BRDA:7,5,0,0
BRDA:7,5,1,0
BRDA:8,6,0,0
BRDA:8,6,1,0
BRDA:9,7,0,0
BRDA:9,7,1,0
BRDA:10,8,0,0
BRDA:10,8,1,0
BRDA:11,9,0,0
BRDA:11,9,1,0
BRDA:12,10,0,0
BRDA:12,10,1,0
BRDA:13,11,0,0
BRDA:13,11,1,0
BRDA:14,12,0,0
BRDA:14,12,1,0
BRDA:15,13,0,0
BRDA:15,13,1,0
BRDA:16,14,0,0
BRDA:16,14,1,0
BRDA:19,15,0,0
BRDA:19,15,1,0
BRDA:20,16,0,0
BRDA:20,16,1,0
BRDA:21,17,0,0
BRDA:21,17,1,0
BRDA:22,18,0,0
BRDA:22,18,1,0
BRDA:23,19,0,0
BRDA:23,19,1,0
BRDA:24,20,0,0
BRDA:24,20,1,0
BRDA:25,21,0,0
BRDA:25,21,1,0
BRDA:28,22,0,0
BRDA:28,22,1,0
BRDA:29,23,0,0
BRDA:29,23,1,0
BRDA:36,24,0,0
BRDA:36,24,1,0
BRDA:40,25,0,0
BRDA:40,25,1,0
BRDA:44,26,0,0
BRDA:44,26,1,0
BRDA:48,27,0,0
BRDA:48,27,1,0
BRDA:57,28,0,0
BRDA:57,28,1,0
BRDA:77,29,0,0
BRDA:77,29,1,0
BRDA:88,30,0,0
BRDA:88,30,1,0
BRDA:106,31,0,0
BRDA:106,31,1,0
BRDA:106,32,0,0
BRDA:106,32,1,0
BRDA:145,33,0,0
BRDA:145,33,1,0
BRDA:170,34,0,0
BRDA:170,34,1,0
BRDA:216,35,0,0
BRDA:220,36,0,0
BRDA:220,36,1,0
BRDA:220,36,2,0
BRDA:220,36,3,0
BRF:74
BRH:0
end_of_record
TN:
SF:models\VIPChallengeMySQL.js
FN:10,(anonymous_0)
FN:42,(anonymous_1)
FN:65,(anonymous_2)
FN:72,(anonymous_3)
FN:77,(anonymous_4)
FN:82,(anonymous_5)
FN:87,(anonymous_6)
FN:93,(anonymous_7)
FN:98,(anonymous_8)
FN:106,(anonymous_9)
FN:112,(anonymous_10)
FN:125,(anonymous_11)
FN:133,(anonymous_12)
FN:140,(anonymous_13)
FN:147,(anonymous_14)
FN:162,(anonymous_15)
FN:190,(anonymous_16)
FN:210,(anonymous_17)
FN:289,(anonymous_18)
FN:309,(anonymous_19)
FN:341,(anonymous_20)
FN:358,(anonymous_21)
FN:378,(anonymous_22)
FN:396,(anonymous_23)
FN:404,(anonymous_24)
FNF:25
FNH:24
FNDA:50,(anonymous_0)
FNDA:2,(anonymous_1)
FNDA:5,(anonymous_2)
FNDA:4,(anonymous_3)
FNDA:4,(anonymous_4)
FNDA:2,(anonymous_5)
FNDA:5,(anonymous_6)
FNDA:4,(anonymous_7)
FNDA:3,(anonymous_8)
FNDA:2,(anonymous_9)
FNDA:1,(anonymous_10)
FNDA:1,(anonymous_11)
FNDA:1,(anonymous_12)
FNDA:1,(anonymous_13)
FNDA:2,(anonymous_14)
FNDA:1,(anonymous_15)
FNDA:0,(anonymous_16)
FNDA:3,(anonymous_17)
FNDA:5,(anonymous_18)
FNDA:3,(anonymous_19)
FNDA:2,(anonymous_20)
FNDA:2,(anonymous_21)
FNDA:1,(anonymous_22)
FNDA:2,(anonymous_23)
FNDA:1,(anonymous_24)
DA:6,1
DA:7,1
DA:12,50
DA:13,50
DA:14,50
DA:15,50
DA:16,50
DA:17,50
DA:18,50
DA:19,50
DA:20,50
DA:21,50
DA:22,50
DA:23,50
DA:24,50
DA:25,50
DA:28,50
DA:29,50
DA:30,50
DA:31,50
DA:32,50
DA:33,50
DA:34,50
DA:37,50
DA:38,50
DA:43,2
DA:45,2
DA:46,1
DA:49,2
DA:50,1
DA:53,2
DA:54,1
DA:57,2
DA:58,1
DA:61,2
DA:66,5
DA:67,4
DA:68,4
DA:73,4
DA:78,4
DA:83,2
DA:88,5
DA:89,5
DA:94,4
DA:99,3
DA:100,3
DA:101,3
DA:102,3
DA:107,2
DA:108,2
DA:113,1
DA:114,1
DA:117,1
DA:118,0
DA:121,1
DA:126,1
DA:127,1
DA:128,1
DA:129,1
DA:134,1
DA:135,1
DA:136,1
DA:141,1
DA:142,1
DA:143,1
DA:148,2
DA:163,1
DA:164,1
DA:191,0
DA:211,3
DA:212,3
DA:214,2
DA:215,2
DA:245,1
DA:248,1
DA:249,1
DA:279,1
DA:280,1
DA:283,1
DA:284,1
DA:290,5
DA:310,3
DA:313,3
DA:315,1
DA:316,1
DA:318,1
DA:319,1
DA:321,1
DA:322,1
DA:324,0
DA:327,3
DA:342,2
DA:343,2
DA:344,2
DA:346,1
DA:347,0
DA:350,1
DA:352,1
DA:353,1
DA:359,2
DA:360,2
DA:361,2
DA:366,1
DA:367,0
DA:370,1
DA:372,1
DA:373,1
DA:379,1
DA:380,1
DA:382,1
DA:383,1
DA:385,1
DA:386,1
DA:387,1
DA:390,1
DA:391,1
DA:393,1
DA:394,1
DA:396,2
DA:398,0
DA:399,0
DA:405,1
DA:406,1
DA:407,1
DA:409,1
DA:410,0
DA:411,0
DA:414,1
DA:415,1
DA:417,0
DA:418,0
DA:423,1
LF:132
LH:121
BRDA:10,0,0,1
BRDA:12,1,0,50
BRDA:12,1,1,7
BRDA:12,1,2,7
BRDA:13,2,0,50
BRDA:13,2,1,3
BRDA:13,2,2,2
BRDA:14,3,0,50
BRDA:14,3,1,5
BRDA:14,3,2,4
BRDA:15,4,0,50
BRDA:15,4,1,4
BRDA:15,4,2,3
BRDA:16,5,0,50
BRDA:16,5,1,4
BRDA:16,5,2,3
BRDA:17,6,0,50
BRDA:17,6,1,9
BRDA:17,6,2,9
BRDA:18,7,0,50
BRDA:18,7,1,8
BRDA:18,7,2,8
BRDA:19,8,0,50
BRDA:19,8,1,8
BRDA:19,8,2,8
BRDA:20,9,0,50
BRDA:20,9,1,4
BRDA:21,10,0,50
BRDA:21,10,1,5
BRDA:21,10,2,5
BRDA:22,11,0,50
BRDA:22,11,1,6
BRDA:22,11,2,6
BRDA:23,12,0,50
BRDA:23,12,1,50
BRDA:23,12,2,50
BRDA:24,13,0,50
BRDA:24,13,1,41
BRDA:24,13,2,41
BRDA:25,14,0,50
BRDA:25,14,1,41
BRDA:25,14,2,41
BRDA:28,15,0,50
BRDA:28,15,1,12
BRDA:28,15,2,12
BRDA:29,16,0,50
BRDA:29,16,1,12
BRDA:29,16,2,12
BRDA:30,17,0,50
BRDA:30,17,1,12
BRDA:30,17,2,12
BRDA:31,18,0,50
BRDA:31,18,1,12
BRDA:31,18,2,12
BRDA:32,19,0,50
BRDA:32,19,1,12
BRDA:32,19,2,12
BRDA:33,20,0,50
BRDA:33,20,1,12
BRDA:33,20,2,12
BRDA:34,21,0,50
BRDA:34,21,1,12
BRDA:34,21,2,12
BRDA:37,22,0,50
BRDA:37,22,1,50
BRDA:37,22,2,50
BRDA:38,23,0,50
BRDA:38,23,1,50
BRDA:45,24,0,1
BRDA:45,24,1,1
BRDA:49,25,0,1
BRDA:49,25,1,1
BRDA:53,26,0,1
BRDA:53,26,1,1
BRDA:57,27,0,1
BRDA:57,27,1,1
BRDA:66,28,0,1
BRDA:66,28,1,4
BRDA:67,29,0,0
BRDA:67,29,1,4
BRDA:88,30,0,0
BRDA:88,30,1,5
BRDA:99,31,0,0
BRDA:99,31,1,3
BRDA:117,32,0,0
BRDA:117,32,1,1
BRDA:117,33,0,1
BRDA:117,33,1,0
BRDA:156,34,0,2
BRDA:156,34,1,0
BRDA:181,35,0,1
BRDA:181,35,1,0
BRDA:212,36,0,2
BRDA:212,36,1,1
BRDA:294,37,0,5
BRDA:294,37,1,2
BRDA:295,38,0,5
BRDA:295,38,1,2
BRDA:296,39,0,5
BRDA:296,39,1,2
BRDA:296,39,2,2
BRDA:297,40,0,5
BRDA:297,40,1,4
BRDA:309,41,0,0
BRDA:313,42,0,1
BRDA:313,42,1,1
BRDA:313,42,2,1
BRDA:313,42,3,0
BRDA:346,43,0,0
BRDA:346,43,1,1
BRDA:366,44,0,0
BRDA:366,44,1,1
BRDA:378,45,0,0
BRDA:380,46,0,1
BRDA:380,47,0,1
BRDA:385,48,0,1
BRDA:385,48,1,0
BRDA:404,49,0,1
BRDA:409,50,0,0
BRDA:409,50,1,1
BRF:120
BRH:106
end_of_record
TN:
SF:models\VIPLevel.js
FN:85,(anonymous_0)
FN:89,(anonymous_1)
FN:97,(anonymous_2)
FN:101,(anonymous_3)
FN:106,(anonymous_4)
FN:110,(anonymous_5)
FN:114,(anonymous_6)
FN:122,(anonymous_7)
FNF:8
FNH:0
FNDA:0,(anonymous_0)
FNDA:0,(anonymous_1)
FNDA:0,(anonymous_2)
FNDA:0,(anonymous_3)
FNDA:0,(anonymous_4)
FNDA:0,(anonymous_5)
FNDA:0,(anonymous_6)
FNDA:0,(anonymous_7)
DA:1,0
DA:4,0
DA:80,0
DA:81,0
DA:82,0
DA:85,0
DA:86,0
DA:89,0
DA:90,0
DA:91,0
DA:92,0
DA:93,0
DA:97,0
DA:98,0
DA:101,0
DA:102,0
DA:106,0
DA:107,0
DA:110,0
DA:111,0
DA:114,0
DA:115,0
DA:122,0
DA:123,0
DA:124,0
DA:127,0
LF:26
LH:0
BRDA:90,0,0,0
BRDA:90,0,1,0
BRDA:91,1,0,0
BRDA:91,1,1,0
BRDA:92,2,0,0
BRDA:92,2,1,0
BRF:6
BRH:0
end_of_record
TN:
SF:models\VIPLevelMySQL.js
FN:13,(anonymous_0)
FN:40,(anonymous_1)
FN:64,(anonymous_2)
FN:106,(anonymous_3)
FN:117,(anonymous_4)
FN:132,(anonymous_5)
FN:141,(anonymous_6)
FN:149,(anonymous_7)
FN:175,(anonymous_8)
FN:182,(anonymous_9)
FN:194,(anonymous_10)
FN:217,(anonymous_11)
FN:240,(anonymous_12)
FN:262,(anonymous_13)
FN:268,(anonymous_14)
FN:279,(anonymous_15)
FN:333,(anonymous_16)
FNF:17
FNH:10
FNDA:16,(anonymous_0)
FNDA:3,(anonymous_1)
FNDA:2,(anonymous_2)
FNDA:2,(anonymous_3)
FNDA:5,(anonymous_4)
FNDA:2,(anonymous_5)
FNDA:2,(anonymous_6)
FNDA:1,(anonymous_7)
FNDA:2,(anonymous_8)
FNDA:2,(anonymous_9)
FNDA:0,(anonymous_10)
FNDA:0,(anonymous_11)
FNDA:0,(anonymous_12)
FNDA:0,(anonymous_13)
FNDA:0,(anonymous_14)
FNDA:0,(anonymous_15)
FNDA:0,(anonymous_16)
DA:6,1
DA:14,16
DA:15,16
DA:16,16
DA:17,16
DA:18,16
DA:19,16
DA:20,16
DA:21,16
DA:22,16
DA:23,16
DA:24,16
DA:25,16
DA:26,16
DA:27,16
DA:28,16
DA:31,16
DA:32,16
DA:41,3
DA:65,2
DA:67,2
DA:68,1
DA:71,2
DA:72,1
DA:75,2
DA:76,1
DA:79,2
DA:80,1
DA:83,2
DA:84,0
DA:87,2
DA:88,0
DA:91,2
DA:92,1
DA:95,2
DA:96,1
DA:99,2
DA:107,2
DA:108,2
DA:110,2
DA:118,5
DA:119,5
DA:120,3
DA:121,2
DA:122,1
DA:124,5
DA:133,2
DA:142,2
DA:150,1
DA:176,2
DA:177,2
DA:182,2
DA:184,1
DA:185,1
DA:195,0
DA:196,0
DA:201,0
DA:202,0
DA:205,0
DA:207,0
DA:208,0
DA:218,0
DA:219,0
DA:224,0
DA:225,0
DA:228,0
DA:230,0
DA:231,0
DA:241,0
DA:242,0
DA:247,0
DA:248,0
DA:251,0
DA:253,0
DA:254,0
DA:263,0
DA:264,0
DA:268,0
DA:270,0
DA:271,0
DA:280,0
DA:281,0
DA:283,0
DA:301,0
DA:302,0
DA:305,0
DA:320,0
DA:321,0
DA:324,0
DA:325,0
DA:334,0
DA:335,0
DA:336,0
DA:339,0
DA:344,0
DA:346,0
DA:347,0
DA:352,1
LF:98
LH:53
BRDA:13,0,0,1
BRDA:14,1,0,16
BRDA:14,1,1,10
BRDA:15,2,0,16
BRDA:15,2,1,9
BRDA:16,3,0,16
BRDA:16,3,1,10
BRDA:17,4,0,16
BRDA:17,4,1,11
BRDA:17,4,2,7
BRDA:18,5,0,16
BRDA:18,5,1,12
BRDA:18,5,2,8
BRDA:19,6,0,16
BRDA:19,6,1,11
BRDA:19,6,2,7
BRDA:20,7,0,16
BRDA:20,7,1,13
BRDA:20,7,2,9
BRDA:21,8,0,16
BRDA:21,8,1,5
BRDA:22,9,0,16
BRDA:22,9,1,10
BRDA:23,10,0,16
BRDA:23,10,1,10
BRDA:24,11,0,16
BRDA:24,11,1,12
BRDA:24,11,2,8
BRDA:25,12,0,16
BRDA:25,12,1,12
BRDA:25,12,2,8
BRDA:26,13,0,2
BRDA:26,13,1,14
BRDA:26,14,0,4
BRDA:26,14,1,10
BRDA:27,15,0,16
BRDA:27,15,1,15
BRDA:27,15,2,13
BRDA:28,16,0,16
BRDA:28,16,1,15
BRDA:28,16,2,13
BRDA:67,17,0,1
BRDA:67,17,1,1
BRDA:71,18,0,1
BRDA:71,18,1,1
BRDA:75,19,0,1
BRDA:75,19,1,1
BRDA:79,20,0,1
BRDA:79,20,1,1
BRDA:83,21,0,0
BRDA:83,21,1,2
BRDA:87,22,0,0
BRDA:87,22,1,2
BRDA:91,23,0,1
BRDA:91,23,1,1
BRDA:91,24,0,2
BRDA:91,24,1,2
BRDA:95,25,0,1
BRDA:95,25,1,1
BRDA:95,26,0,2
BRDA:95,26,1,2
BRDA:107,27,0,2
BRDA:107,27,1,0
BRDA:118,28,0,5
BRDA:118,28,1,0
BRDA:119,29,0,2
BRDA:119,29,1,3
BRDA:120,30,0,1
BRDA:120,30,1,2
BRDA:121,31,0,1
BRDA:121,31,1,1
BRDA:201,32,0,0
BRDA:201,32,1,0
BRDA:224,33,0,0
BRDA:224,33,1,0
BRDA:247,34,0,0
BRDA:247,34,1,0
BRDA:281,35,0,0
BRDA:281,35,1,0
BRDA:335,36,0,0
BRDA:335,36,1,0
BRF:81
BRH:67
end_of_record
TN:
SF:routes\achievementRoutes.js
FNF:0
FNH:0
DA:1,0
DA:2,0
DA:3,0
DA:4,0
DA:9,0
DA:12,0
DA:15,0
DA:20,0
DA:23,0
DA:26,0
DA:29,0
DA:32,0
DA:35,0
DA:38,0
DA:41,0
DA:43,0
LF:16
LH:0
BRF:0
BRH:0
end_of_record
TN:
SF:routes\adminAuthRoutes.js
FN:31,(anonymous_0)
FN:90,(anonymous_1)
FN:101,(anonymous_2)
FN:142,(anonymous_3)
FN:169,(anonymous_4)
FN:211,(anonymous_5)
FNF:6
FNH:0
FNDA:0,(anonymous_0)
FNDA:0,(anonymous_1)
FNDA:0,(anonymous_2)
FNDA:0,(anonymous_3)
FNDA:0,(anonymous_4)
FNDA:0,(anonymous_5)
DA:1,0
DA:2,0
DA:3,0
DA:4,0
DA:7,0
DA:19,0
DA:31,0
DA:32,0
DA:33,0
DA:36,0
DA:37,0
DA:43,0
DA:44,0
DA:50,0
DA:51,0
DA:58,0
DA:61,0
DA:72,0
DA:81,0
DA:82,0
DA:90,0
DA:91,0
DA:101,0
DA:102,0
DA:104,0
DA:111,0
DA:114,0
DA:124,0
DA:133,0
DA:134,0
DA:142,0
DA:143,0
DA:145,0
DA:155,0
DA:160,0
DA:161,0
DA:169,0
DA:170,0
DA:171,0
DA:172,0
DA:173,0
DA:178,0
DA:179,0
DA:185,0
DA:186,0
DA:199,0
DA:202,0
DA:203,0
DA:211,0
DA:212,0
DA:213,0
DA:216,0
DA:217,0
DA:223,0
DA:224,0
DA:230,0
DA:231,0
DA:233,0
DA:238,0
DA:239,0
DA:245,0
DA:246,0
DA:247,0
DA:254,0
DA:255,0
DA:256,0
DA:259,0
DA:265,0
DA:275,0
DA:280,0
DA:283,0
DA:284,0
DA:291,0
LF:73
LH:0
BRDA:36,0,0,0
BRDA:36,0,1,0
BRDA:36,1,0,0
BRDA:36,1,1,0
BRDA:43,2,0,0
BRDA:43,2,1,0
BRDA:43,3,0,0
BRDA:43,3,1,0
BRDA:50,4,0,0
BRDA:50,4,1,0
BRDA:50,5,0,0
BRDA:50,5,1,0
BRDA:66,6,0,0
BRDA:66,6,1,0
BRDA:69,7,0,0
BRDA:69,7,1,0
BRDA:84,8,0,0
BRDA:84,8,1,0
BRDA:119,9,0,0
BRDA:119,9,1,0
BRDA:121,10,0,0
BRDA:121,10,1,0
BRDA:150,11,0,0
BRDA:150,11,1,0
BRDA:152,12,0,0
BRDA:152,12,1,0
BRDA:178,13,0,0
BRDA:178,13,1,0
BRDA:192,14,0,0
BRDA:192,14,1,0
BRDA:216,15,0,0
BRDA:216,15,1,0
BRDA:216,16,0,0
BRDA:216,16,1,0
BRDA:223,17,0,0
BRDA:223,17,1,0
BRDA:223,18,0,0
BRDA:223,18,1,0
BRDA:238,19,0,0
BRDA:238,19,1,0
BRDA:246,20,0,0
BRDA:246,20,1,0
BRDA:270,21,0,0
BRDA:270,21,1,0
BRDA:272,22,0,0
BRDA:272,22,1,0
BRF:46
BRH:0
end_of_record
TN:
SF:routes\adminCheckinRoutes.js
FNF:0
FNH:0
DA:1,0
DA:2,0
DA:3,0
DA:5,0
DA:8,0
DA:11,0
DA:14,0
DA:17,0
DA:20,0
DA:23,0
DA:26,0
DA:29,0
DA:31,0
LF:13
LH:0
BRF:0
BRH:0
end_of_record
TN:
SF:routes\adminPkChallengeRoutes.js
FNF:0
FNH:0
DA:1,0
DA:2,0
DA:3,0
DA:4,0
DA:7,0
DA:8,0
DA:11,0
DA:14,0
DA:17,0
DA:20,0
DA:23,0
DA:25,0
LF:12
LH:0
BRF:0
BRH:0
end_of_record
TN:
SF:routes\checkinRoutes.js
FNF:0
FNH:0
DA:1,0
DA:2,0
DA:3,0
DA:5,0
DA:8,0
DA:11,0
DA:13,0
LF:7
LH:0
BRF:0
BRH:0
end_of_record
TN:
SF:routes\fitnessApiRoutes.js
FN:12,(anonymous_0)
FN:167,(anonymous_1)
FN:209,(anonymous_2)
FN:237,(anonymous_3)
FN:265,(anonymous_4)
FN:311,(anonymous_5)
FNF:6
FNH:0
FNDA:0,(anonymous_0)
FNDA:0,(anonymous_1)
FNDA:0,(anonymous_2)
FNDA:0,(anonymous_3)
FNDA:0,(anonymous_4)
FNDA:0,(anonymous_5)
DA:1,0
DA:2,0
DA:3,0
DA:5,0
DA:12,0
DA:13,0
DA:14,0
DA:15,0
DA:17,0
DA:18,0
DA:24,0
DA:27,0
DA:28,0
DA:39,0
DA:40,0
DA:46,0
DA:49,0
DA:57,0
DA:58,0
DA:67,0
DA:72,0
DA:74,0
DA:83,0
DA:90,0
DA:91,0
DA:97,0
DA:104,0
DA:116,0
DA:128,0
DA:142,0
DA:150,0
DA:157,0
DA:158,0
DA:167,0
DA:168,0
DA:169,0
DA:170,0
DA:172,0
DA:173,0
DA:175,0
DA:176,0
DA:177,0
DA:180,0
DA:188,0
DA:195,0
DA:196,0
DA:209,0
DA:210,0
DA:211,0
DA:212,0
DA:220,0
DA:227,0
DA:228,0
DA:237,0
DA:238,0
DA:239,0
DA:240,0
DA:248,0
DA:255,0
DA:256,0
DA:265,0
DA:266,0
DA:267,0
DA:290,0
DA:297,0
DA:298,0
DA:311,0
DA:312,0
DA:313,0
DA:314,0
DA:316,0
DA:317,0
DA:319,0
DA:321,0
DA:322,0
DA:324,0
DA:325,0
DA:327,0
DA:328,0
DA:330,0
DA:334,0
DA:347,0
DA:362,0
DA:374,0
DA:386,0
DA:387,0
DA:395,0
LF:87
LH:0
BRDA:17,0,0,0
BRDA:17,0,1,0
BRDA:17,1,0,0
BRDA:17,1,1,0
BRDA:24,2,0,0
BRDA:24,2,1,0
BRDA:27,3,0,0
BRDA:27,3,1,0
BRDA:39,4,0,0
BRDA:39,4,1,0
BRDA:57,5,0,0
BRDA:57,5,1,0
BRDA:72,6,0,0
BRDA:72,6,1,0
BRDA:90,7,0,0
BRDA:90,7,1,0
BRDA:170,8,0,0
BRDA:175,9,0,0
BRDA:175,9,1,0
BRDA:175,10,0,0
BRDA:175,10,1,0
BRDA:314,11,0,0
BRDA:319,12,0,0
BRDA:319,12,1,0
BRDA:319,12,2,0
BRDA:319,12,3,0
BRF:26
BRH:0
end_of_record
TN:
SF:routes\pkChallengeRoutes.js
FNF:0
FNH:0
DA:1,0
DA:2,0
DA:3,0
DA:4,0
DA:7,0
DA:10,0
DA:13,0
DA:16,0
DA:19,0
DA:22,0
DA:25,0
DA:28,0
DA:31,0
DA:34,0
DA:37,0
DA:39,0
LF:16
LH:0
BRF:0
BRH:0
end_of_record
TN:
SF:routes\teamRoutes.js
FNF:0
FNH:0
DA:1,0
DA:2,0
DA:3,0
DA:4,0
DA:5,0
DA:10,0
DA:13,0
DA:16,0
DA:19,0
DA:24,0
DA:27,0
DA:30,0
DA:33,0
DA:36,0
DA:39,0
DA:41,0
LF:16
LH:0
BRF:0
BRH:0
end_of_record
TN:
SF:routes\userRoutes.js
FNF:0
FNH:0
DA:1,0
DA:2,0
DA:3,0
DA:5,0
DA:8,0
DA:11,0
DA:14,0
DA:17,0
DA:20,0
DA:23,0
DA:26,0
DA:33,0
DA:36,0
DA:39,0
DA:42,0
DA:44,0
LF:16
LH:0
BRF:0
BRH:0
end_of_record
TN:
SF:routes\userVipChallengeRoutes.js
FNF:0
FNH:0
DA:1,0
DA:2,0
DA:3,0
DA:5,0
DA:10,0
DA:13,0
DA:16,0
DA:19,0
DA:22,0
DA:24,0
LF:10
LH:0
BRF:0
BRH:0
end_of_record
TN:
SF:routes\userVipLevelRoutes.js
FNF:0
FNH:0
DA:1,0
DA:2,0
DA:4,0
DA:9,0
DA:12,0
DA:14,0
LF:6
LH:0
BRF:0
BRH:0
end_of_record
TN:
SF:routes\vipChallengeRoutes.js
FNF:0
FNH:0
DA:1,0
DA:2,0
DA:3,0
DA:5,0
DA:11,0
DA:14,0
DA:17,0
DA:20,0
DA:23,0
DA:26,0
DA:28,0
LF:11
LH:0
BRF:0
BRH:0
end_of_record
TN:
SF:routes\vipLevelRoutes.js
FNF:0
FNH:0
DA:1,0
DA:2,0
DA:3,0
DA:5,0
DA:11,0
DA:14,0
DA:17,0
DA:20,0
DA:23,0
DA:26,0
DA:29,0
DA:32,0
DA:34,0
LF:13
LH:0
BRF:0
BRH:0
end_of_record
TN:
SF:routes\walletRoutes.js
FN:13,(anonymous_0)
FN:37,(anonymous_1)
FN:60,(anonymous_2)
FN:100,(anonymous_3)
FN:142,(anonymous_4)
FN:185,(anonymous_5)
FN:217,(anonymous_6)
FN:247,(anonymous_7)
FN:308,(anonymous_8)
FN:339,(anonymous_9)
FNF:10
FNH:0
FNDA:0,(anonymous_0)
FNDA:0,(anonymous_1)
FNDA:0,(anonymous_2)
FNDA:0,(anonymous_3)
FNDA:0,(anonymous_4)
FNDA:0,(anonymous_5)
FNDA:0,(anonymous_6)
FNDA:0,(anonymous_7)
FNDA:0,(anonymous_8)
FNDA:0,(anonymous_9)
DA:1,0
DA:2,0
DA:3,0
DA:5,0
DA:8,0
DA:9,0
DA:10,0
DA:13,0
DA:14,0
DA:15,0
DA:16,0
DA:18,0
DA:27,0
DA:28,0
DA:37,0
DA:38,0
DA:39,0
DA:40,0
DA:42,0
DA:44,0
DA:50,0
DA:51,0
DA:60,0
DA:61,0
DA:62,0
DA:64,0
DA:65,0
DA:71,0
DA:72,0
DA:78,0
DA:80,0
DA:86,0
DA:87,0
DA:100,0
DA:101,0
DA:102,0
DA:104,0
DA:105,0
DA:111,0
DA:112,0
DA:118,0
DA:126,0
DA:132,0
DA:133,0
DA:142,0
DA:143,0
DA:144,0
DA:146,0
DA:147,0
DA:153,0
DA:154,0
DA:160,0
DA:169,0
DA:175,0
DA:176,0
DA:185,0
DA:186,0
DA:187,0
DA:189,0
DA:199,0
DA:201,0
DA:207,0
DA:208,0
DA:217,0
DA:218,0
DA:219,0
DA:220,0
DA:222,0
DA:223,0
DA:229,0
DA:231,0
DA:237,0
DA:238,0
DA:247,0
DA:248,0
DA:249,0
DA:252,0
DA:264,0
DA:276,0
DA:286,0
DA:288,0
DA:298,0
DA:299,0
DA:308,0
DA:309,0
DA:310,0
DA:311,0
DA:312,0
DA:314,0
DA:315,0
DA:321,0
DA:323,0
DA:329,0
DA:330,0
DA:339,0
DA:340,0
DA:341,0
DA:343,0
DA:344,0
DA:350,0
DA:351,0
DA:357,0
DA:358,0
DA:364,0
DA:366,0
DA:372,0
DA:373,0
DA:381,0
LF:108
LH:0
BRDA:39,0,0,0
BRDA:39,0,1,0
BRDA:40,1,0,0
BRDA:40,1,1,0
BRDA:64,2,0,0
BRDA:64,2,1,0
BRDA:64,3,0,0
BRDA:64,3,1,0
BRDA:71,4,0,0
BRDA:71,4,1,0
BRDA:104,5,0,0
BRDA:104,5,1,0
BRDA:104,6,0,0
BRDA:104,6,1,0
BRDA:111,7,0,0
BRDA:111,7,1,0
BRDA:121,8,0,0
BRDA:121,8,1,0
BRDA:123,9,0,0
BRDA:123,9,1,0
BRDA:146,10,0,0
BRDA:146,10,1,0
BRDA:146,11,0,0
BRDA:146,11,1,0
BRDA:146,11,2,0
BRDA:153,12,0,0
BRDA:153,12,1,0
BRDA:164,13,0,0
BRDA:164,13,1,0
BRDA:222,14,0,0
BRDA:222,14,1,0
BRDA:311,15,0,0
BRDA:311,15,1,0
BRDA:312,16,0,0
BRDA:312,16,1,0
BRDA:314,17,0,0
BRDA:314,17,1,0
BRDA:314,18,0,0
BRDA:314,18,1,0
BRDA:343,19,0,0
BRDA:343,19,1,0
BRDA:343,20,0,0
BRDA:343,20,1,0
BRDA:343,20,2,0
BRDA:343,20,3,0
BRDA:350,21,0,0
BRDA:350,21,1,0
BRDA:357,22,0,0
BRDA:357,22,1,0
BRF:49
BRH:0
end_of_record
TN:
SF:services\achievementService.js
FN:8,(anonymous_0)
FN:34,(anonymous_1)
FN:64,(anonymous_2)
FN:84,(anonymous_3)
FN:106,(anonymous_4)
FN:125,(anonymous_5)
FN:144,(anonymous_6)
FN:181,(anonymous_7)
FN:202,(anonymous_8)
FN:221,(anonymous_9)
FN:245,(anonymous_10)
FN:264,(anonymous_11)
FN:286,(anonymous_12)
FN:342,(anonymous_13)
FN:353,(anonymous_14)
FNF:15
FNH:0
FNDA:0,(anonymous_0)
FNDA:0,(anonymous_1)
FNDA:0,(anonymous_2)
FNDA:0,(anonymous_3)
FNDA:0,(anonymous_4)
FNDA:0,(anonymous_5)
FNDA:0,(anonymous_6)
FNDA:0,(anonymous_7)
FNDA:0,(anonymous_8)
FNDA:0,(anonymous_9)
FNDA:0,(anonymous_10)
FNDA:0,(anonymous_11)
FNDA:0,(anonymous_12)
FNDA:0,(anonymous_13)
FNDA:0,(anonymous_14)
DA:1,0
DA:2,0
DA:9,0
DA:11,0
DA:15,0
DA:18,0
DA:19,0
DA:20,0
DA:23,0
DA:26,0
DA:27,0
DA:35,0
DA:37,0
DA:39,0
DA:41,0
DA:43,0
DA:45,0
DA:47,0
DA:49,0
DA:51,0
DA:53,0
DA:55,0
DA:57,0
DA:65,0
DA:67,0
DA:73,0
DA:74,0
DA:76,0
DA:77,0
DA:85,0
DA:87,0
DA:95,0
DA:96,0
DA:98,0
DA:99,0
DA:107,0
DA:108,0
DA:114,0
DA:115,0
DA:117,0
DA:118,0
DA:126,0
DA:127,0
DA:133,0
DA:134,0
DA:136,0
DA:137,0
DA:145,0
DA:147,0
DA:156,0
DA:157,0
DA:159,0
DA:160,0
DA:161,0
DA:162,0
DA:164,0
DA:165,0
DA:167,0
DA:171,0
DA:173,0
DA:174,0
DA:182,0
DA:183,0
DA:191,0
DA:192,0
DA:194,0
DA:195,0
DA:203,0
DA:204,0
DA:210,0
DA:211,0
DA:213,0
DA:214,0
DA:222,0
DA:223,0
DA:234,0
DA:235,0
DA:237,0
DA:238,0
DA:246,0
DA:247,0
DA:253,0
DA:254,0
DA:256,0
DA:257,0
DA:265,0
DA:267,0
DA:275,0
DA:276,0
DA:278,0
DA:279,0
DA:287,0
DA:289,0
DA:292,0
DA:297,0
DA:298,0
DA:299,0
DA:302,0
DA:303,0
DA:304,0
DA:305,0
DA:308,0
DA:313,0
DA:315,0
DA:323,0
DA:331,0
DA:334,0
DA:335,0
DA:343,0
DA:347,0
DA:354,0
DA:356,0
DA:366,0
DA:367,0
DA:368,0
DA:371,0
DA:374,0
DA:375,0
DA:380,0
LF:119
LH:0
BRDA:35,0,0,0
BRDA:35,0,1,0
BRDA:35,0,2,0
BRDA:35,0,3,0
BRDA:35,0,4,0
BRDA:35,0,5,0
BRDA:35,0,6,0
BRDA:35,0,7,0
BRDA:35,0,8,0
BRDA:35,0,9,0
BRDA:35,0,10,0
BRDA:164,1,0,0
BRDA:164,1,1,0
BRDA:299,2,0,0
BRDA:299,2,1,0
BRDA:304,3,0,0
BRDA:304,3,1,0
BRDA:313,4,0,0
BRDA:313,4,1,0
BRDA:347,5,0,0
BRDA:347,5,1,0
BRDA:366,6,0,0
BRDA:366,6,1,0
BRF:23
BRH:0
end_of_record
TN:
SF:services\challengeTimeoutService.js
FN:5,(anonymous_0)
FN:11,(anonymous_1)
FN:25,(anonymous_2)
FN:31,(anonymous_3)
FN:34,(anonymous_4)
FN:41,(anonymous_5)
FN:59,(anonymous_6)
FN:72,(anonymous_7)
FN:76,(anonymous_8)
FN:78,(anonymous_9)
FN:101,(anonymous_10)
FN:136,(anonymous_11)
FN:176,(anonymous_12)
FN:203,(anonymous_13)
FN:209,(anonymous_14)
FNF:15
FNH:0
FNDA:0,(anonymous_0)
FNDA:0,(anonymous_1)
FNDA:0,(anonymous_2)
FNDA:0,(anonymous_3)
FNDA:0,(anonymous_4)
FNDA:0,(anonymous_5)
FNDA:0,(anonymous_6)
FNDA:0,(anonymous_7)
FNDA:0,(anonymous_8)
FNDA:0,(anonymous_9)
FNDA:0,(anonymous_10)
FNDA:0,(anonymous_11)
FNDA:0,(anonymous_12)
FNDA:0,(anonymous_13)
FNDA:0,(anonymous_14)
DA:1,0
DA:2,0
DA:6,0
DA:7,0
DA:12,0
DA:13,0
DA:14,0
DA:17,0
DA:18,0
DA:20,0
DA:21,0
DA:26,0
DA:27,0
DA:32,0
DA:34,0
DA:35,0
DA:36,0
DA:42,0
DA:43,0
DA:45,0
DA:46,0
DA:48,0
DA:49,0
DA:52,0
DA:54,0
DA:60,0
DA:72,0
DA:77,0
DA:78,0
DA:79,0
DA:82,0
DA:84,0
DA:85,0
DA:87,0
DA:90,0
DA:94,0
DA:96,0
DA:102,0
DA:105,0
DA:114,0
DA:121,0
DA:128,0
DA:137,0
DA:139,0
DA:140,0
DA:143,0
DA:151,0
DA:159,0
DA:160,0
DA:168,0
DA:177,0
DA:180,0
DA:188,0
DA:195,0
DA:204,0
DA:205,0
DA:210,0
DA:218,0
LF:58
LH:0
BRDA:12,0,0,0
BRDA:12,0,1,0
BRDA:32,1,0,0
BRDA:32,1,1,0
BRDA:82,2,0,0
BRDA:82,2,1,0
BRDA:85,3,0,0
BRDA:85,3,1,0
BRDA:125,4,0,0
BRDA:125,4,1,0
BRDA:159,5,0,0
BRDA:159,5,1,0
BRF:12
BRH:0
end_of_record
TN:
SF:services\rewardService.js
FN:8,(anonymous_0)
FN:84,(anonymous_1)
FN:141,(anonymous_2)
FN:170,(anonymous_3)
FN:199,(anonymous_4)
FNF:5
FNH:0
FNDA:0,(anonymous_0)
FNDA:0,(anonymous_1)
FNDA:0,(anonymous_2)
FNDA:0,(anonymous_3)
FNDA:0,(anonymous_4)
DA:1,0
DA:2,0
DA:9,0
DA:11,0
DA:12,0
DA:15,0
DA:20,0
DA:21,0
DA:24,0
DA:25,0
DA:29,0
DA:33,0
DA:35,0
DA:42,0
DA:49,0
DA:56,0
DA:62,0
DA:64,0
DA:66,0
DA:73,0
DA:74,0
DA:75,0
DA:77,0
DA:85,0
DA:87,0
DA:88,0
DA:90,0
DA:91,0
DA:93,0
DA:94,0
DA:95,0
DA:101,0
DA:108,0
DA:111,0
DA:120,0
DA:122,0
DA:130,0
DA:131,0
DA:132,0
DA:134,0
DA:142,0
DA:143,0
DA:145,0
DA:157,0
DA:159,0
DA:162,0
DA:163,0
DA:171,0
DA:172,0
DA:174,0
DA:186,0
DA:188,0
DA:191,0
DA:192,0
DA:200,0
DA:201,0
DA:203,0
DA:210,0
DA:212,0
DA:213,0
DA:216,0
DA:218,0
DA:219,0
DA:222,0
DA:223,0
DA:226,0
DA:227,0
DA:230,0
DA:236,0
DA:237,0
DA:242,0
LF:71
LH:0
BRDA:20,0,0,0
BRDA:20,0,1,0
BRDA:24,1,0,0
BRDA:24,1,1,0
BRDA:33,2,0,0
BRDA:33,2,1,0
BRDA:141,3,0,0
BRDA:141,4,0,0
BRDA:212,5,0,0
BRDA:212,5,1,0
BRDA:218,6,0,0
BRDA:218,6,1,0
BRDA:222,7,0,0
BRDA:222,7,1,0
BRDA:226,8,0,0
BRDA:226,8,1,0
BRF:16
BRH:0
end_of_record
TN:
SF:services\securityMonitor.js
FN:5,(anonymous_0)
FN:16,(anonymous_1)
FN:31,(anonymous_2)
FN:44,(anonymous_3)
FN:58,(anonymous_4)
FN:71,(anonymous_5)
FN:88,(anonymous_6)
FN:102,(anonymous_7)
FN:118,(anonymous_8)
FN:132,(anonymous_9)
FN:193,(anonymous_10)
FN:211,(anonymous_11)
FN:222,(anonymous_12)
FN:223,(anonymous_13)
FN:224,(anonymous_14)
FN:231,(anonymous_15)
FN:244,(anonymous_16)
FN:257,(anonymous_17)
FNF:18
FNH:0
FNDA:0,(anonymous_0)
FNDA:0,(anonymous_1)
FNDA:0,(anonymous_2)
FNDA:0,(anonymous_3)
FNDA:0,(anonymous_4)
FNDA:0,(anonymous_5)
FNDA:0,(anonymous_6)
FNDA:0,(anonymous_7)
FNDA:0,(anonymous_8)
FNDA:0,(anonymous_9)
FNDA:0,(anonymous_10)
FNDA:0,(anonymous_11)
FNDA:0,(anonymous_12)
FNDA:0,(anonymous_13)
FNDA:0,(anonymous_14)
FNDA:0,(anonymous_15)
FNDA:0,(anonymous_16)
FNDA:0,(anonymous_17)
DA:1,0
DA:2,0
DA:6,0
DA:7,0
DA:17,0
DA:18,0
DA:19,0
DA:31,0
DA:39,0
DA:45,0
DA:46,0
DA:47,0
DA:58,0
DA:66,0
DA:72,0
DA:73,0
DA:74,0
DA:88,0
DA:97,0
DA:103,0
DA:104,0
DA:105,0
DA:118,0
DA:127,0
DA:133,0
DA:134,0
DA:136,0
DA:149,0
DA:163,0
DA:176,0
DA:178,0
DA:188,0
DA:194,0
DA:201,0
DA:212,0
DA:215,0
DA:216,0
DA:219,0
DA:222,0
DA:223,0
DA:224,0
DA:225,0
DA:227,0
DA:232,0
DA:233,0
DA:234,0
DA:239,0
DA:246,0
DA:249,0
DA:258,0
DA:259,0
DA:262,0
DA:263,0
DA:264,0
DA:265,0
DA:270,0
DA:272,0
DA:277,0
LF:58
LH:0
BRDA:16,0,0,0
BRDA:36,1,0,0
BRDA:36,1,1,0
BRDA:44,2,0,0
BRDA:63,3,0,0
BRDA:63,3,1,0
BRDA:71,4,0,0
BRDA:102,5,0,0
BRDA:132,6,0,0
BRDA:193,7,0,0
BRDA:215,8,0,0
BRDA:215,8,1,0
BRDA:216,9,0,0
BRDA:216,9,1,0
BRDA:263,10,0,0
BRDA:263,10,1,0
BRF:16
BRH:0
end_of_record
TN:
SF:services\stepService.js
FN:4,(anonymous_0)
FN:9,(anonymous_1)
FN:11,(anonymous_2)
FN:25,(anonymous_3)
FN:26,(anonymous_4)
FN:34,(anonymous_5)
FN:39,(anonymous_6)
FN:44,(anonymous_7)
FN:52,(anonymous_8)
FN:55,(anonymous_9)
FNF:10
FNH:0
FNDA:0,(anonymous_0)
FNDA:0,(anonymous_1)
FNDA:0,(anonymous_2)
FNDA:0,(anonymous_3)
FNDA:0,(anonymous_4)
FNDA:0,(anonymous_5)
FNDA:0,(anonymous_6)
FNDA:0,(anonymous_7)
FNDA:0,(anonymous_8)
FNDA:0,(anonymous_9)
DA:1,0
DA:5,0
DA:6,0
DA:10,0
DA:11,0
DA:14,0
DA:15,0
DA:16,0
DA:18,0
DA:19,0
DA:22,0
DA:26,0
DA:27,0
DA:29,0
DA:30,0
DA:35,0
DA:38,0
DA:39,0
DA:43,0
DA:44,0
DA:45,0
DA:46,0
DA:48,0
DA:52,0
DA:55,0
DA:57,0
DA:61,0
LF:27
LH:0
BRDA:9,0,0,0
BRDA:11,1,0,0
BRDA:11,1,1,0
BRDA:14,2,0,0
BRDA:14,2,1,0
BRDA:27,3,0,0
BRDA:27,3,1,0
BRDA:30,4,0,0
BRDA:30,4,1,0
BRDA:35,5,0,0
BRDA:35,5,1,0
BRDA:45,6,0,0
BRDA:45,6,1,0
BRF:13
BRH:0
end_of_record
TN:
SF:services\teamService.js
FN:8,(anonymous_0)
FN:18,(anonymous_1)
FN:48,(anonymous_2)
FN:65,(anonymous_3)
FN:131,(anonymous_4)
FN:159,(anonymous_5)
FN:175,(anonymous_6)
FN:234,(anonymous_7)
FN:272,(anonymous_8)
FN:280,(anonymous_9)
FN:356,(anonymous_10)
FN:427,(anonymous_11)
FN:431,(anonymous_12)
FN:447,(anonymous_13)
FNF:14
FNH:0
FNDA:0,(anonymous_0)
FNDA:0,(anonymous_1)
FNDA:0,(anonymous_2)
FNDA:0,(anonymous_3)
FNDA:0,(anonymous_4)
FNDA:0,(anonymous_5)
FNDA:0,(anonymous_6)
FNDA:0,(anonymous_7)
FNDA:0,(anonymous_8)
FNDA:0,(anonymous_9)
FNDA:0,(anonymous_10)
FNDA:0,(anonymous_11)
FNDA:0,(anonymous_12)
FNDA:0,(anonymous_13)
DA:1,0
DA:2,0
DA:9,0
DA:10,0
DA:11,0
DA:12,0
DA:19,0
DA:21,0
DA:26,0
DA:27,0
DA:31,0
DA:33,0
DA:38,0
DA:40,0
DA:41,0
DA:49,0
DA:50,0
DA:55,0
DA:57,0
DA:58,0
DA:66,0
DA:67,0
DA:68,0
DA:71,0
DA:77,0
DA:82,0
DA:83,0
DA:90,0
DA:95,0
DA:96,0
DA:103,0
DA:109,0
DA:110,0
DA:111,0
DA:113,0
DA:114,0
DA:117,0
DA:118,0
DA:120,0
DA:121,0
DA:122,0
DA:124,0
DA:132,0
DA:133,0
DA:138,0
DA:140,0
DA:141,0
DA:145,0
DA:148,0
DA:150,0
DA:152,0
DA:160,0
DA:176,0
DA:178,0
DA:183,0
DA:188,0
DA:194,0
DA:200,0
DA:206,0
DA:226,0
DA:227,0
DA:235,0
DA:236,0
DA:252,0
DA:254,0
DA:255,0
DA:256,0
DA:259,0
DA:261,0
DA:262,0
DA:264,0
DA:265,0
DA:273,0
DA:274,0
DA:275,0
DA:278,0
DA:279,0
DA:280,0
DA:281,0
DA:282,0
DA:286,0
DA:292,0
DA:293,0
DA:294,0
DA:295,0
DA:297,0
DA:299,0
DA:314,0
DA:320,0
DA:331,0
DA:337,0
DA:342,0
DA:343,0
DA:345,0
DA:346,0
DA:347,0
DA:349,0
DA:357,0
DA:358,0
DA:359,0
DA:362,0
DA:365,0
DA:369,0
DA:370,0
DA:373,0
DA:375,0
DA:380,0
DA:382,0
DA:389,0
DA:395,0
DA:402,0
DA:408,0
DA:410,0
DA:414,0
DA:416,0
DA:417,0
DA:418,0
DA:420,0
DA:428,0
DA:429,0
DA:430,0
DA:431,0
DA:432,0
DA:437,0
DA:439,0
DA:440,0
DA:448,0
DA:449,0
DA:453,0
DA:455,0
DA:456,0
DA:461,0
LF:132
LH:0
BRDA:26,0,0,0
BRDA:26,0,1,0
BRDA:55,1,0,0
BRDA:55,1,1,0
BRDA:138,2,0,0
BRDA:138,2,1,0
BRDA:145,3,0,0
BRDA:145,3,1,0
BRDA:148,4,0,0
BRDA:148,4,1,0
BRDA:234,5,0,0
BRDA:254,6,0,0
BRDA:254,6,1,0
BRDA:294,7,0,0
BRDA:294,7,1,0
BRDA:294,8,0,0
BRDA:294,8,1,0
BRDA:297,9,0,0
BRDA:297,9,1,0
BRDA:373,10,0,0
BRDA:373,10,1,0
BRDA:380,11,0,0
BRDA:380,11,1,0
BRF:23
BRH:0
end_of_record
TN:
SF:services\telegramService.js
FN:5,(anonymous_0)
FN:13,(anonymous_1)
FN:46,(anonymous_2)
FN:114,(anonymous_3)
FN:124,(anonymous_4)
FN:135,(anonymous_5)
FNF:6
FNH:0
FNDA:0,(anonymous_0)
FNDA:0,(anonymous_1)
FNDA:0,(anonymous_2)
FNDA:0,(anonymous_3)
FNDA:0,(anonymous_4)
FNDA:0,(anonymous_5)
DA:1,0
DA:2,0
DA:7,0
DA:8,0
DA:9,0
DA:14,0
DA:15,0
DA:18,0
DA:19,0
DA:23,0
DA:24,0
DA:25,0
DA:31,0
DA:40,0
DA:41,0
DA:47,0
DA:48,0
DA:50,0
DA:54,0
DA:56,0
DA:57,0
DA:72,0
DA:73,0
DA:74,0
DA:77,0
DA:82,0
DA:85,0
DA:90,0
DA:95,0
DA:109,0
DA:115,0
DA:116,0
DA:117,0
DA:118,0
DA:120,0
DA:125,0
DA:126,0
DA:127,0
DA:129,0
DA:130,0
DA:136,0
DA:137,0
DA:142,0
DA:144,0
DA:145,0
DA:150,0
LF:46
LH:0
BRDA:7,0,0,0
BRDA:7,0,1,0
BRDA:8,1,0,0
BRDA:8,1,1,0
BRDA:18,2,0,0
BRDA:18,2,1,0
BRDA:18,3,0,0
BRDA:18,3,1,0
BRDA:18,3,2,0
BRDA:18,3,3,0
BRDA:24,4,0,0
BRDA:24,4,1,0
BRDA:34,5,0,0
BRDA:34,5,1,0
BRDA:35,6,0,0
BRDA:35,6,1,0
BRDA:36,7,0,0
BRDA:36,7,1,0
BRDA:54,8,0,0
BRDA:54,8,1,0
BRDA:72,9,0,0
BRDA:72,9,1,0
BRF:22
BRH:0
end_of_record
TN:
SF:services\userService.js
FN:5,(anonymous_0)
FN:10,(anonymous_1)
FN:15,(anonymous_2)
FN:20,(anonymous_3)
FN:25,(anonymous_4)
FN:30,(anonymous_5)
FN:56,(anonymous_6)
FN:74,(anonymous_7)
FN:93,(anonymous_8)
FN:106,(anonymous_9)
FN:119,(anonymous_10)
FNF:11
FNH:10
FNDA:1,(anonymous_0)
FNDA:2,(anonymous_1)
FNDA:0,(anonymous_2)
FNDA:7,(anonymous_3)
FNDA:10,(anonymous_4)
FNDA:3,(anonymous_5)
FNDA:3,(anonymous_6)
FNDA:4,(anonymous_7)
FNDA:3,(anonymous_8)
FNDA:3,(anonymous_9)
FNDA:2,(anonymous_10)
DA:1,1
DA:2,1
DA:11,2
DA:16,0
DA:21,7
DA:26,10
DA:31,3
DA:33,3
DA:34,3
DA:35,1
DA:39,2
DA:44,1
DA:45,0
DA:49,1
DA:51,2
DA:57,3
DA:58,3
DA:63,2
DA:64,1
DA:67,1
DA:69,2
DA:75,4
DA:76,4
DA:77,3
DA:78,1
DA:81,2
DA:82,2
DA:83,1
DA:86,1
DA:88,3
DA:94,3
DA:95,3
DA:96,2
DA:97,1
DA:99,1
DA:101,2
DA:107,3
DA:108,3
DA:112,2
DA:114,1
DA:120,2
DA:121,2
DA:122,1
DA:123,1
DA:125,1
DA:131,1
DA:136,1
LF:47
LH:45
BRDA:34,0,0,1
BRDA:34,0,1,2
BRDA:44,1,0,0
BRDA:44,1,1,1
BRDA:63,2,0,1
BRDA:63,2,1,1
BRDA:77,3,0,1
BRDA:77,3,1,2
BRDA:82,4,0,1
BRDA:82,4,1,1
BRDA:96,5,0,1
BRDA:96,5,1,1
BRDA:106,6,0,2
BRDA:106,7,0,2
BRF:14
BRH:13
end_of_record
TN:
SF:services\vipChallengeService.js
FN:6,(anonymous_0)
FN:17,(anonymous_1)
FN:81,(anonymous_2)
FN:88,(anonymous_3)
FN:89,(anonymous_4)
FN:93,(anonymous_5)
FN:99,(anonymous_6)
FN:117,(anonymous_7)
FN:137,(anonymous_8)
FN:145,(anonymous_9)
FN:156,(anonymous_10)
FN:181,(anonymous_11)
FN:213,(anonymous_12)
FN:232,(anonymous_13)
FN:243,(anonymous_14)
FN:262,(anonymous_15)
FN:286,(anonymous_16)
FN:288,(anonymous_17)
FN:291,(anonymous_18)
FN:295,(anonymous_19)
FN:297,(anonymous_20)
FN:310,(anonymous_21)
FN:332,(anonymous_22)
FN:345,(anonymous_23)
FN:349,(anonymous_24)
FN:353,(anonymous_25)
FN:354,(anonymous_26)
FN:356,(anonymous_27)
FN:357,(anonymous_28)
FN:370,(anonymous_29)
FN:374,(anonymous_30)
FN:396,(anonymous_31)
FN:401,(anonymous_32)
FNF:33
FNH:0
FNDA:0,(anonymous_0)
FNDA:0,(anonymous_1)
FNDA:0,(anonymous_2)
FNDA:0,(anonymous_3)
FNDA:0,(anonymous_4)
FNDA:0,(anonymous_5)
FNDA:0,(anonymous_6)
FNDA:0,(anonymous_7)
FNDA:0,(anonymous_8)
FNDA:0,(anonymous_9)
FNDA:0,(anonymous_10)
FNDA:0,(anonymous_11)
FNDA:0,(anonymous_12)
FNDA:0,(anonymous_13)
FNDA:0,(anonymous_14)
FNDA:0,(anonymous_15)
FNDA:0,(anonymous_16)
FNDA:0,(anonymous_17)
FNDA:0,(anonymous_18)
FNDA:0,(anonymous_19)
FNDA:0,(anonymous_20)
FNDA:0,(anonymous_21)
FNDA:0,(anonymous_22)
FNDA:0,(anonymous_23)
FNDA:0,(anonymous_24)
FNDA:0,(anonymous_25)
FNDA:0,(anonymous_26)
FNDA:0,(anonymous_27)
FNDA:0,(anonymous_28)
FNDA:0,(anonymous_29)
FNDA:0,(anonymous_30)
FNDA:0,(anonymous_31)
FNDA:0,(anonymous_32)
DA:8,0
DA:9,0
DA:10,0
DA:13,0
DA:18,0
DA:81,0
DA:82,0
DA:83,0
DA:89,0
DA:94,0
DA:95,0
DA:100,0
DA:103,0
DA:104,0
DA:105,0
DA:109,0
DA:110,0
DA:112,0
DA:113,0
DA:118,0
DA:119,0
DA:120,0
DA:124,0
DA:125,0
DA:128,0
DA:129,0
DA:130,0
DA:133,0
DA:138,0
DA:139,0
DA:140,0
DA:144,0
DA:145,0
DA:147,0
DA:148,0
DA:151,0
DA:152,0
DA:157,0
DA:159,0
DA:161,0
DA:166,0
DA:170,0
DA:171,0
DA:172,0
DA:173,0
DA:177,0
DA:182,0
DA:183,0
DA:184,0
DA:187,0
DA:188,0
DA:191,0
DA:192,0
DA:195,0
DA:196,0
DA:197,0
DA:198,0
DA:202,0
DA:203,0
DA:204,0
DA:205,0
DA:206,0
DA:207,0
DA:209,0
DA:214,0
DA:215,0
DA:216,0
DA:219,0
DA:220,0
DA:221,0
DA:225,0
DA:226,0
DA:228,0
DA:233,0
DA:234,0
DA:235,0
DA:238,0
DA:239,0
DA:244,0
DA:245,0
DA:246,0
DA:249,0
DA:250,0
DA:251,0
DA:255,0
DA:256,0
DA:260,0
DA:261,0
DA:263,0
DA:268,0
DA:269,0
DA:274,0
DA:275,0
DA:277,0
DA:280,0
DA:282,0
DA:287,0
DA:288,0
DA:290,0
DA:291,0
DA:295,0
DA:297,0
DA:299,0
DA:300,0
DA:301,0
DA:302,0
DA:305,0
DA:311,0
DA:312,0
DA:313,0
DA:316,0
DA:317,0
DA:321,0
DA:324,0
DA:325,0
DA:328,0
DA:333,0
DA:334,0
DA:336,0
DA:341,0
DA:346,0
DA:348,0
DA:349,0
DA:352,0
DA:353,0
DA:354,0
DA:355,0
DA:356,0
DA:357,0
DA:359,0
DA:371,0
DA:374,0
DA:375,0
DA:376,0
DA:385,0
DA:386,0
DA:388,0
DA:389,0
DA:390,0
DA:395,0
DA:396,0
DA:401,0
DA:404,0
LF:143
LH:0
BRDA:95,0,0,0
BRDA:95,0,1,0
BRDA:104,1,0,0
BRDA:104,1,1,0
BRDA:119,2,0,0
BRDA:119,2,1,0
BRDA:129,3,0,0
BRDA:129,3,1,0
BRDA:139,4,0,0
BRDA:139,4,1,0
BRDA:145,5,0,0
BRDA:145,5,1,0
BRDA:147,6,0,0
BRDA:147,6,1,0
BRDA:159,7,0,0
BRDA:159,7,1,0
BRDA:170,8,0,0
BRDA:170,8,1,0
BRDA:172,9,0,0
BRDA:172,9,1,0
BRDA:183,10,0,0
BRDA:183,10,1,0
BRDA:187,11,0,0
BRDA:187,11,1,0
BRDA:191,12,0,0
BRDA:191,12,1,0
BRDA:196,13,0,0
BRDA:196,13,1,0
BRDA:213,14,0,0
BRDA:215,15,0,0
BRDA:215,15,1,0
BRDA:215,16,0,0
BRDA:215,16,1,0
BRDA:220,17,0,0
BRDA:220,17,1,0
BRDA:234,18,0,0
BRDA:234,18,1,0
BRDA:243,19,0,0
BRDA:245,20,0,0
BRDA:245,20,1,0
BRDA:245,21,0,0
BRDA:245,21,1,0
BRDA:250,22,0,0
BRDA:250,22,1,0
BRDA:255,23,0,0
BRDA:255,23,1,0
BRDA:260,24,0,0
BRDA:260,24,1,0
BRDA:263,25,0,0
BRDA:263,25,1,0
BRDA:263,25,2,0
BRDA:268,26,0,0
BRDA:268,26,1,0
BRDA:286,27,0,0
BRDA:290,28,0,0
BRDA:290,28,1,0
BRDA:299,29,0,0
BRDA:299,29,1,0
BRDA:301,30,0,0
BRDA:301,30,1,0
BRDA:312,31,0,0
BRDA:312,31,1,0
BRDA:316,32,0,0
BRDA:316,32,1,0
BRDA:324,33,0,0
BRDA:324,33,1,0
BRDA:334,34,0,0
BRDA:334,34,1,0
BRDA:345,35,0,0
BRDA:348,36,0,0
BRDA:348,36,1,0
BRDA:363,37,0,0
BRDA:363,37,1,0
BRDA:370,38,0,0
BRDA:375,39,0,0
BRDA:375,39,1,0
BRDA:388,40,0,0
BRDA:388,40,1,0
BRDA:398,41,0,0
BRDA:398,41,1,0
BRF:80
BRH:0
end_of_record
TN:
SF:services\walletService.js
FN:5,(anonymous_0)
FN:24,(anonymous_1)
FN:47,(anonymous_2)
FN:115,(anonymous_3)
FN:144,(anonymous_4)
FN:210,(anonymous_5)
FN:286,(anonymous_6)
FN:337,(anonymous_7)
FN:388,(anonymous_8)
FN:423,(anonymous_9)
FN:486,(anonymous_10)
FN:533,(anonymous_11)
FNF:12
FNH:0
FNDA:0,(anonymous_0)
FNDA:0,(anonymous_1)
FNDA:0,(anonymous_2)
FNDA:0,(anonymous_3)
FNDA:0,(anonymous_4)
FNDA:0,(anonymous_5)
FNDA:0,(anonymous_6)
FNDA:0,(anonymous_7)
FNDA:0,(anonymous_8)
FNDA:0,(anonymous_9)
FNDA:0,(anonymous_10)
FNDA:0,(anonymous_11)
DA:1,0
DA:6,0
DA:7,0
DA:8,0
DA:12,0
DA:14,0
DA:17,0
DA:19,0
DA:25,0
DA:26,0
DA:27,0
DA:32,0
DA:42,0
DA:48,0
DA:49,0
DA:50,0
DA:53,0
DA:56,0
DA:62,0
DA:66,0
DA:67,0
DA:68,0
DA:71,0
DA:75,0
DA:84,0
DA:87,0
DA:90,0
DA:97,0
DA:99,0
DA:107,0
DA:108,0
DA:110,0
DA:116,0
DA:117,0
DA:119,0
DA:120,0
DA:121,0
DA:125,0
DA:128,0
DA:133,0
DA:139,0
DA:145,0
DA:146,0
DA:147,0
DA:150,0
DA:154,0
DA:155,0
DA:158,0
DA:161,0
DA:167,0
DA:169,0
DA:173,0
DA:174,0
DA:177,0
DA:186,0
DA:195,0
DA:197,0
DA:202,0
DA:203,0
DA:205,0
DA:211,0
DA:212,0
DA:213,0
DA:216,0
DA:220,0
DA:221,0
DA:224,0
DA:227,0
DA:231,0
DA:232,0
DA:233,0
DA:236,0
DA:240,0
DA:249,0
DA:252,0
DA:255,0
DA:263,0
DA:269,0
DA:271,0
DA:278,0
DA:279,0
DA:281,0
DA:287,0
DA:288,0
DA:289,0
DA:292,0
DA:296,0
DA:297,0
DA:300,0
DA:301,0
DA:302,0
DA:306,0
DA:315,0
DA:322,0
DA:324,0
DA:329,0
DA:330,0
DA:332,0
DA:338,0
DA:339,0
DA:340,0
DA:343,0
DA:347,0
DA:348,0
DA:351,0
DA:352,0
DA:353,0
DA:357,0
DA:366,0
DA:373,0
DA:375,0
DA:380,0
DA:381,0
DA:383,0
DA:389,0
DA:390,0
DA:391,0
DA:394,0
DA:398,0
DA:401,0
DA:408,0
DA:418,0
DA:424,0
DA:425,0
DA:426,0
DA:429,0
DA:433,0
DA:434,0
DA:438,0
DA:442,0
DA:445,0
DA:449,0
DA:452,0
DA:466,0
DA:481,0
DA:487,0
DA:488,0
DA:489,0
DA:493,0
DA:494,0
DA:504,0
DA:507,0
DA:518,0
DA:528,0
DA:534,0
DA:535,0
DA:536,0
DA:539,0
DA:543,0
DA:544,0
DA:548,0
DA:552,0
DA:553,0
DA:555,0
DA:556,0
DA:560,0
DA:561,0
DA:565,0
DA:566,0
DA:570,0
DA:571,0
DA:572,0
DA:574,0
DA:578,0
DA:579,0
DA:583,0
DA:584,0
DA:585,0
DA:587,0
DA:588,0
DA:592,0
DA:593,0
DA:599,0
DA:602,0
DA:603,0
DA:607,0
DA:609,0
DA:615,0
DA:617,0
DA:621,0
DA:626,0
DA:629,0
DA:630,0
DA:633,0
DA:636,0
DA:638,0
DA:652,0
DA:653,0
DA:655,0
DA:660,0
LF:190
LH:0
BRDA:12,0,0,0
BRDA:12,0,1,0
BRDA:47,1,0,0
BRDA:47,2,0,0
BRDA:47,3,0,0
BRDA:67,4,0,0
BRDA:67,4,1,0
BRDA:115,5,0,0
BRDA:120,6,0,0
BRDA:120,6,1,0
BRDA:144,7,0,0
BRDA:154,8,0,0
BRDA:154,8,1,0
BRDA:167,9,0,0
BRDA:167,9,1,0
BRDA:199,10,0,0
BRDA:199,10,1,0
BRDA:210,11,0,0
BRDA:210,12,0,0
BRDA:220,13,0,0
BRDA:220,13,1,0
BRDA:232,14,0,0
BRDA:232,14,1,0
BRDA:296,15,0,0
BRDA:296,15,1,0
BRDA:301,16,0,0
BRDA:301,16,1,0
BRDA:347,17,0,0
BRDA:347,17,1,0
BRDA:352,18,0,0
BRDA:352,18,1,0
BRDA:388,19,0,0
BRDA:388,20,0,0
BRDA:423,21,0,0
BRDA:423,22,0,0
BRDA:433,23,0,0
BRDA:433,23,1,0
BRDA:442,24,0,0
BRDA:442,24,1,0
BRDA:493,25,0,0
BRDA:493,25,1,0
BRDA:543,26,0,0
BRDA:543,26,1,0
BRDA:553,27,0,0
BRDA:553,27,1,0
BRDA:570,28,0,0
BRDA:570,28,1,0
BRDA:583,29,0,0
BRDA:583,29,1,0
BRDA:587,30,0,0
BRDA:587,30,1,0
BRDA:603,31,0,0
BRDA:603,31,1,0
BRF:53
BRH:0
end_of_record
TN:
SF:utils\logger.js
FN:70,(anonymous_0)
FN:83,(anonymous_1)
FN:84,(anonymous_2)
FN:93,(anonymous_3)
FNF:4
FNH:0
FNDA:0,(anonymous_0)
FNDA:0,(anonymous_1)
FNDA:0,(anonymous_2)
FNDA:0,(anonymous_3)
DA:6,3
DA:7,3
DA:8,3
DA:11,3
DA:12,3
DA:13,0
DA:17,3
DA:24,3
DA:60,3
DA:61,3
DA:70,3
DA:71,0
DA:83,3
DA:84,0
DA:86,0
DA:89,0
DA:92,0
DA:93,0
DA:94,0
DA:95,0
DA:101,0
DA:105,3
LF:22
LH:12
BRDA:12,0,0,0
BRDA:12,0,1,3
BRDA:25,1,0,0
BRDA:25,1,1,3
BRDA:60,2,0,3
BRDA:60,2,1,0
BRDA:70,3,0,0
BRDA:77,4,0,0
BRDA:77,4,1,0
BRF:9
BRH:3
end_of_record
